Base path: C:/Program Files/Unity/Editor/Data
Pipe name: \\.\pipe\UnityShaderCompiler-64bit-1-9840
Cmd: getPlatforms
Cmd: preprocess
  insize=8687 outsize=2135 ok=1
Cmd: compileSnippet
  api=1 type=0 insize=6740 outsize=131 kw= ok=1
Cmd: compileSnippet
  api=1 type=1 insize=6740 outsize=635 kw= ok=1
Cmd: compileSnippet
  api=1 type=0 insize=6735 outsize=131 kw= ok=1
Cmd: compileSnippet
  api=1 type=1 insize=6735 outsize=1408 kw= ok=1
Cmd: compileSnippet
  api=1 type=0 insize=6735 outsize=131 kw= ok=1
Cmd: compileSnippet
  api=1 type=1 insize=6735 outsize=413 kw= ok=1
Cmd: compileSnippet
  api=1 type=0 insize=6735 outsize=131 kw= ok=1
Cmd: compileSnippet
  api=1 type=1 insize=6735 outsize=413 kw= ok=1
Cmd: compileSnippet
  api=1 type=0 insize=6737 outsize=131 kw= ok=1
Cmd: compileSnippet
  api=1 type=1 insize=6737 outsize=746 kw= ok=1
Cmd: compileSnippet
  api=1 type=0 insize=6737 outsize=131 kw= ok=1
Cmd: compileSnippet
  api=1 type=1 insize=6737 outsize=412 kw= ok=1
Cmd: compileSnippet
  api=1 type=0 insize=6746 outsize=131 kw= ok=1
Cmd: compileSnippet
  api=1 type=1 insize=6746 outsize=456 kw= ok=1
Cmd: compileSnippet
  api=1 type=0 insize=6751 outsize=131 kw= ok=1
Cmd: compileSnippet
  api=1 type=1 insize=6751 outsize=375 kw= ok=1
Cmd: compileSnippet
  api=1 type=0 insize=6744 outsize=131 kw= ok=1
Cmd: compileSnippet
  api=1 type=1 insize=6744 outsize=172 kw= ok=1
Cmd: compileSnippet
  api=1 type=0 insize=6742 outsize=131 kw= ok=1
Cmd: compileSnippet
  api=1 type=1 insize=6742 outsize=558 kw= ok=1
Cmd: compileSnippet
  api=1 type=0 insize=6749 outsize=131 kw= ok=1
Cmd: compileSnippet
  api=1 type=1 insize=6749 outsize=646 kw= ok=1
Cmd: preprocess
  insize=11308 outsize=700 ok=1
Cmd: compileSnippet
  api=1 type=0 insize=10823 outsize=131 kw= ok=1
Cmd: compileSnippet
  api=1 type=1 insize=10823 outsize=422 kw= ok=1
Cmd: compileSnippet
  api=1 type=0 insize=10846 outsize=157 kw= ok=1
Cmd: compileSnippet
  api=1 type=1 insize=10846 outsize=2809 kw= ok=1
Cmd: compileSnippet
  api=1 type=0 insize=10801 outsize=157 kw= ok=1
Cmd: compileSnippet
  api=1 type=1 insize=10801 outsize=2850 kw= ok=1
Cmd: preprocess
  insize=1305 outsize=357 ok=1
Cmd: compileSnippet
  api=1 type=0 insize=1250 outsize=246 kw= ok=1
Cmd: compileSnippet
  api=1 type=1 insize=1250 outsize=185 kw= ok=1
Cmd: preprocess
  insize=452 outsize=452 ok=1
Cmd: preprocess
  insize=724 outsize=315 ok=1
Cmd: compileSnippet
  api=1 type=0 insize=714 outsize=131 kw= ok=1
Cmd: compileSnippet
  api=1 type=1 insize=714 outsize=80 kw= ok=1
Cmd: preprocess
  insize=1683 outsize=2324 ok=1
Cmd: preprocess
  insize=1403 outsize=346 ok=1
Cmd: compileSnippet
  api=1 type=0 insize=1359 outsize=187 kw= ok=1
Cmd: compileSnippet
  api=1 type=1 insize=1359 outsize=273 kw= ok=1
Cmd: preprocess
  insize=1137 outsize=433 ok=1
Cmd: compileSnippet
  api=1 type=0 insize=997 outsize=131 kw= ok=1
Cmd: compileSnippet
  api=1 type=1 insize=997 outsize=131 kw= ok=1
Cmd: compileSnippet
  api=1 type=0 insize=996 outsize=131 kw= ok=1
Cmd: compileSnippet
  api=1 type=1 insize=996 outsize=129 kw= ok=1
Cmd: preprocess
  insize=9900 outsize=835 ok=1
Cmd: compileSnippet
  api=1 type=0 insize=9256 outsize=360 kw= ok=1
Cmd: compileSnippet
  api=1 type=1 insize=9256 outsize=954 kw= ok=1
Cmd: compileSnippet
  api=1 type=0 insize=9260 outsize=459 kw= ok=1
Cmd: compileSnippet
  api=1 type=1 insize=9260 outsize=1044 kw= ok=1
Cmd: compileSnippet
  api=1 type=0 insize=9281 outsize=302 kw= ok=1
Cmd: compileSnippet
  api=1 type=1 insize=9281 outsize=1239 kw= ok=1
Cmd: compileSnippet
  api=1 type=0 insize=9276 outsize=302 kw= ok=1
Cmd: compileSnippet
  api=1 type=1 insize=9276 outsize=1258 kw= ok=1
Cmd: compileSnippet
  api=1 type=0 insize=9280 outsize=302 kw= ok=1
Cmd: compileSnippet
  api=1 type=1 insize=9280 outsize=344 kw= ok=1
Cmd: preprocess
  insize=1697 outsize=351 ok=1
Cmd: compileSnippet
  api=1 type=0 insize=1647 outsize=187 kw= ok=1
Cmd: compileSnippet
  api=1 type=1 insize=1647 outsize=650 kw= ok=1
Cmd: preprocess
  insize=1950 outsize=490 ok=1
Cmd: compileSnippet
  api=1 type=0 insize=1736 outsize=131 kw= ok=1
Cmd: compileSnippet
  api=1 type=1 insize=1736 outsize=464 kw= ok=1
Cmd: compileSnippet
  api=1 type=0 insize=1749 outsize=131 kw= ok=1
Cmd: compileSnippet
  api=1 type=1 insize=1749 outsize=675 kw= ok=1
Cmd: preprocess
  error: 1 plat 15 at (61): Both vertex and fragment programs must be present in a CGPROGRAM. Excluding it from compilation.
  insize=2007 outsize=2300 ok=1
Cmd: compileSnippet
  api=1 type=0 insize=7798 outsize=1442 kw=DIRECTIONAL SHADOWS_OFF LIGHTMAP_OFF DIRLIGHTMAP_OFF DYNAMICLIGHTMAP_OFF ok=1
Cmd: compileSnippet
  api=1 type=1 insize=7798 outsize=579 kw=DIRECTIONAL SHADOWS_OFF LIGHTMAP_OFF DIRLIGHTMAP_OFF DYNAMICLIGHTMAP_OFF ok=1
Cmd: compileSnippet
  api=1 type=0 insize=5424 outsize=1251 kw=POINT ok=1
Cmd: compileSnippet
  api=1 type=1 insize=5424 outsize=755 kw=POINT ok=1
Cmd: compileSnippet
  api=1 type=0 insize=4604 outsize=1216 kw= ok=1
Cmd: compileSnippet
  api=1 type=1 insize=4604 outsize=399 kw= ok=1
Cmd: compileSnippet
  api=1 type=0 insize=6682 outsize=953 kw=LIGHTMAP_OFF DIRLIGHTMAP_OFF DYNAMICLIGHTMAP_OFF HDR_LIGHT_PREPASS_OFF ok=1
Cmd: compileSnippet
  api=1 type=1 insize=6682 outsize=267 kw=LIGHTMAP_OFF DIRLIGHTMAP_OFF DYNAMICLIGHTMAP_OFF HDR_LIGHT_PREPASS_OFF ok=1
Cmd: compileSnippet
  api=1 type=0 insize=7717 outsize=1457 kw=LIGHTMAP_OFF DIRLIGHTMAP_OFF DYNAMICLIGHTMAP_OFF HDR_LIGHT_PREPASS_OFF ok=1
Cmd: compileSnippet
  api=1 type=1 insize=7717 outsize=665 kw=LIGHTMAP_OFF DIRLIGHTMAP_OFF DYNAMICLIGHTMAP_OFF HDR_LIGHT_PREPASS_OFF ok=1
Cmd: compileSnippet
  api=1 type=0 insize=3441 outsize=1103 kw=SHADOWS_DEPTH ok=1
Cmd: compileSnippet
  api=1 type=1 insize=3441 outsize=67 kw=SHADOWS_DEPTH ok=1
Cmd: preprocess
  insize=898 outsize=350 ok=1
Cmd: compileSnippet
  api=1 type=0 insize=853 outsize=131 kw= ok=1
Cmd: compileSnippet
  api=1 type=1 insize=853 outsize=316 kw= ok=1
Cmd: preprocess
  insize=1737 outsize=297 ok=1
Cmd: compileSnippet
  api=1 type=0 insize=1742 outsize=297 kw= ok=1
Cmd: compileSnippet
  api=1 type=1 insize=1742 outsize=1623 kw= ok=1
Cmd: preprocess
  insize=1209 outsize=458 ok=1
Cmd: compileSnippet
  api=1 type=0 insize=997 outsize=131 kw= ok=1
Cmd: compileSnippet
  api=1 type=1 insize=997 outsize=131 kw= ok=1
Cmd: compileSnippet
  api=1 type=0 insize=996 outsize=131 kw= ok=1
Cmd: compileSnippet
  api=1 type=1 insize=996 outsize=129 kw= ok=1
Cmd: preprocess
  insize=985 outsize=309 ok=1
Cmd: compileSnippet
  api=1 type=0 insize=981 outsize=131 kw= ok=1
Cmd: compileSnippet
  api=1 type=1 insize=981 outsize=199 kw= ok=1
Cmd: preprocess
  insize=1692 outsize=302 ok=1
Cmd: compileSnippet
  api=1 type=0 insize=1695 outsize=331 kw= ok=1
Cmd: compileSnippet
  api=1 type=1 insize=1695 outsize=681 kw= ok=1
Cmd: preprocess
  insize=32636 outsize=273 ok=1
Cmd: compileSnippet
  api=1 type=0 insize=32665 outsize=157 kw= ok=1
Cmd: compileSnippet
  api=1 type=1 insize=32665 outsize=4072 kw= ok=1
Cmd: preprocess
  insize=4320 outsize=1045 ok=1
Cmd: compileSnippet
  api=1 type=0 insize=3579 outsize=395 kw=WATER_REFRACTIVE ok=1
Cmd: compileSnippet
  api=1 type=1 insize=3579 outsize=773 kw=WATER_REFRACTIVE ok=1
Cmd: preprocess
  insize=5961 outsize=792 ok=1
Cmd: preprocess
  insize=2143 outsize=982 ok=1
Cmd: compileSnippet
  api=1 type=0 insize=905 outsize=144 kw= ok=1
Cmd: compileSnippet
  api=1 type=1 insize=905 outsize=81 kw= ok=1
Cmd: compileSnippet
  api=1 type=0 insize=860 outsize=144 kw= ok=1
Cmd: compileSnippet
  api=1 type=1 insize=860 outsize=63 kw= ok=1
Cmd: preprocess
  insize=790 outsize=320 ok=1
Cmd: compileSnippet
  api=1 type=0 insize=772 outsize=131 kw= ok=1
Cmd: compileSnippet
  api=1 type=1 insize=772 outsize=317 kw= ok=1
Cmd: preprocess
  insize=1123 outsize=458 ok=1
Cmd: compileSnippet
  api=1 type=0 insize=940 outsize=157 kw= ok=1
Cmd: compileSnippet
  api=1 type=1 insize=940 outsize=159 kw= ok=1
Cmd: compileSnippet
  api=1 type=0 insize=946 outsize=157 kw= ok=1
Cmd: compileSnippet
  api=1 type=1 insize=946 outsize=253 kw= ok=1
Cmd: preprocess
  insize=1991 outsize=491 ok=1
Cmd: compileSnippet
  api=1 type=0 insize=1802 outsize=131 kw= ok=1
Cmd: compileSnippet
  api=1 type=1 insize=1802 outsize=595 kw= ok=1
Cmd: preprocess
  insize=1284 outsize=407 ok=1
Cmd: compileSnippet
  api=1 type=0 insize=1182 outsize=258 kw= ok=1
Cmd: compileSnippet
  api=1 type=1 insize=1182 outsize=347 kw= ok=1
Cmd: preprocess
  insize=1144 outsize=1392 ok=1
Cmd: compileSnippet
  api=1 type=0 insize=7395 outsize=681 kw=DIRECTIONAL LIGHTMAP_OFF DIRLIGHTMAP_OFF DYNAMICLIGHTMAP_OFF ok=1
Cmd: compileSnippet
  api=1 type=1 insize=7395 outsize=672 kw=DIRECTIONAL LIGHTMAP_OFF DIRLIGHTMAP_OFF DYNAMICLIGHTMAP_OFF ok=1
Cmd: compileSnippet
  api=1 type=0 insize=3959 outsize=339 kw=POINT ok=1
Cmd: compileSnippet
  api=1 type=1 insize=3959 outsize=703 kw=POINT ok=1
Cmd: compileSnippet
  api=1 type=0 insize=3484 outsize=682 kw= ok=1
Cmd: compileSnippet
  api=1 type=1 insize=3484 outsize=886 kw= ok=1
Cmd: preprocess
  insize=968 outsize=305 ok=1
Cmd: compileSnippet
  api=1 type=0 insize=968 outsize=131 kw= ok=1
Cmd: compileSnippet
  api=1 type=1 insize=968 outsize=224 kw= ok=1
Cmd: preprocess
  insize=586 outsize=360 ok=1
Cmd: compileSnippet
  api=1 type=0 insize=528 outsize=131 kw= ok=1
Cmd: compileSnippet
  api=1 type=1 insize=528 outsize=343 kw= ok=1
Cmd: preprocess
  insize=3680 outsize=673 ok=1
Cmd: compileSnippet
  api=1 type=0 insize=3272 outsize=131 kw= ok=1
Cmd: compileSnippet
  api=1 type=1 insize=3272 outsize=323 kw= ok=1
Cmd: compileSnippet
  api=1 type=0 insize=3270 outsize=131 kw= ok=1
Cmd: compileSnippet
  api=1 type=1 insize=3270 outsize=317 kw= ok=1
Cmd: compileSnippet
  api=1 type=0 insize=3277 outsize=131 kw= ok=1
Cmd: compileSnippet
  api=1 type=1 insize=3277 outsize=1811 kw= ok=1
Cmd: preprocess
  insize=5357 outsize=1799 ok=1
Cmd: compileSnippet
  api=1 type=0 insize=3204 outsize=258 kw= ok=1
Cmd: compileSnippet
  api=1 type=1 insize=3204 outsize=207 kw= ok=1
Cmd: compileSnippet
  api=1 type=0 insize=3201 outsize=258 kw= ok=1
Cmd: compileSnippet
  api=1 type=1 insize=3201 outsize=127 kw= ok=1
Cmd: compileSnippet
  api=1 type=0 insize=3217 outsize=267 kw= ok=1
Cmd: compileSnippet
  api=1 type=1 insize=3217 outsize=255 kw= ok=1
Cmd: compileSnippet
  api=1 type=0 insize=3209 outsize=258 kw= ok=1
Cmd: compileSnippet
  api=1 type=1 insize=3209 outsize=105 kw= ok=1
Cmd: compileSnippet
  api=1 type=0 insize=3209 outsize=258 kw= ok=1
Cmd: compileSnippet
  api=1 type=1 insize=3209 outsize=207 kw= ok=1
Cmd: compileSnippet
  api=1 type=0 insize=3206 outsize=258 kw= ok=1
Cmd: compileSnippet
  api=1 type=1 insize=3206 outsize=127 kw= ok=1
Cmd: compileSnippet
  api=1 type=0 insize=3218 outsize=267 kw= ok=1
Cmd: compileSnippet
  api=1 type=1 insize=3218 outsize=240 kw= ok=1
Cmd: compileSnippet
  api=1 type=0 insize=3211 outsize=258 kw= ok=1
Cmd: compileSnippet
  api=1 type=1 insize=3211 outsize=120 kw= ok=1
Cmd: compileSnippet
  api=1 type=0 insize=3203 outsize=258 kw= ok=1
Cmd: compileSnippet
  api=1 type=1 insize=3203 outsize=58 kw= ok=1
Cmd: compileSnippet
  api=1 type=0 insize=3207 outsize=258 kw= ok=1
Cmd: compileSnippet
  api=1 type=1 insize=3207 outsize=83 kw= ok=1
Cmd: compileSnippet
  api=1 type=0 insize=3202 outsize=258 kw= ok=1
Cmd: compileSnippet
  api=1 type=1 insize=3202 outsize=63 kw= ok=1
Cmd: preprocess
  insize=6289 outsize=752 ok=1
Cmd: preprocess
  insize=1291 outsize=412 ok=1
Cmd: compileSnippet
  api=1 type=0 insize=1184 outsize=258 kw= ok=1
Cmd: compileSnippet
  api=1 type=1 insize=1184 outsize=347 kw= ok=1
Cmd: preprocess
  insize=5837 outsize=873 ok=1
Cmd: compileSnippet
  api=1 type=0 insize=4927 outsize=291 kw= ok=1
Cmd: compileSnippet
  api=1 type=1 insize=4927 outsize=654 kw= ok=1
Cmd: compileSnippet
  api=1 type=0 insize=4929 outsize=291 kw= ok=1
Cmd: compileSnippet
  api=1 type=1 insize=4929 outsize=431 kw= ok=1
Cmd: compileSnippet
  api=1 type=0 insize=4933 outsize=291 kw= ok=1
Cmd: compileSnippet
  api=1 type=1 insize=4933 outsize=460 kw= ok=1
Cmd: compileSnippet
  api=1 type=0 insize=4942 outsize=131 kw= ok=1
Cmd: compileSnippet
  api=1 type=1 insize=4942 outsize=190 kw= ok=1
Cmd: compileSnippet
  api=1 type=0 insize=4923 outsize=291 kw= ok=1
Cmd: compileSnippet
  api=1 type=1 insize=4923 outsize=654 kw= ok=1
Cmd: preprocess
  insize=1099 outsize=1374 ok=1
Cmd: compileSnippet
  api=1 type=0 insize=7368 outsize=681 kw=DIRECTIONAL LIGHTMAP_OFF DIRLIGHTMAP_OFF DYNAMICLIGHTMAP_OFF ok=1
Cmd: compileSnippet
  api=1 type=1 insize=7368 outsize=672 kw=DIRECTIONAL LIGHTMAP_OFF DIRLIGHTMAP_OFF DYNAMICLIGHTMAP_OFF ok=1
Cmd: compileSnippet
  api=1 type=0 insize=3932 outsize=339 kw=POINT ok=1
Cmd: compileSnippet
  api=1 type=1 insize=3932 outsize=703 kw=POINT ok=1
Cmd: compileSnippet
  api=1 type=0 insize=3457 outsize=682 kw= ok=1
Cmd: compileSnippet
  api=1 type=1 insize=3457 outsize=886 kw= ok=1
Cmd: preprocess
  insize=4076 outsize=684 ok=1
Cmd: compileSnippet
  api=1 type=0 insize=3418 outsize=131 kw= ok=1
Cmd: compileSnippet
  api=1 type=1 insize=3418 outsize=255 kw= ok=1
Cmd: compileSnippet
  api=1 type=0 insize=3425 outsize=363 kw= ok=1
Cmd: compileSnippet
  api=1 type=1 insize=3425 outsize=372 kw= ok=1
Cmd: compileSnippet
  api=1 type=0 insize=3434 outsize=331 kw= ok=1
Cmd: compileSnippet
  api=1 type=1 insize=3434 outsize=484 kw= ok=1
Cmd: compileSnippet
  api=1 type=0 insize=3429 outsize=331 kw= ok=1
Cmd: compileSnippet
  api=1 type=1 insize=3429 outsize=648 kw= ok=1
Cmd: preprocess
  insize=3601 outsize=704 ok=1
Cmd: compileSnippet
  api=1 type=0 insize=2929 outsize=464 kw= ok=1
Cmd: compileSnippet
  api=1 type=1 insize=2929 outsize=588 kw= ok=1
Cmd: compileSnippet
  api=1 type=0 insize=2920 outsize=464 kw= ok=1
Cmd: compileSnippet
  api=1 type=1 insize=2920 outsize=350 kw= ok=1
Cmd: compileSnippet
  api=1 type=0 insize=2919 outsize=464 kw= ok=1
Cmd: compileSnippet
  api=1 type=1 insize=2919 outsize=388 kw= ok=1
Cmd: compileSnippet
  api=1 type=0 insize=2931 outsize=464 kw= ok=1
Cmd: compileSnippet
  api=1 type=1 insize=2931 outsize=567 kw= ok=1
Cmd: preprocess
  insize=1518 outsize=2267 ok=1
Cmd: preprocess
  insize=2990 outsize=2558 ok=1
Cmd: compileSnippet
  api=1 type=0 insize=9365 outsize=1167 kw=DIRECTIONAL SHADOWS_OFF LIGHTMAP_OFF DIRLIGHTMAP_OFF DYNAMICLIGHTMAP_OFF ok=1
Cmd: compileSnippet
  api=1 type=1 insize=9365 outsize=1551 kw=DIRECTIONAL SHADOWS_OFF LIGHTMAP_OFF DIRLIGHTMAP_OFF DYNAMICLIGHTMAP_OFF ok=1
Cmd: compileSnippet
  api=1 type=0 insize=6675 outsize=1000 kw=POINT ok=1
Cmd: compileSnippet
  api=1 type=1 insize=6675 outsize=1561 kw=POINT ok=1
Cmd: compileSnippet
  api=1 type=0 insize=5931 outsize=967 kw= ok=1
Cmd: compileSnippet
  api=1 type=1 insize=5931 outsize=756 kw= ok=1
Cmd: compileSnippet
  api=1 type=0 insize=8282 outsize=968 kw=LIGHTMAP_OFF DIRLIGHTMAP_OFF DYNAMICLIGHTMAP_OFF HDR_LIGHT_PREPASS_OFF ok=1
Cmd: compileSnippet
  api=1 type=1 insize=8282 outsize=644 kw=LIGHTMAP_OFF DIRLIGHTMAP_OFF DYNAMICLIGHTMAP_OFF HDR_LIGHT_PREPASS_OFF ok=1
Cmd: compileSnippet
  api=1 type=0 insize=9139 outsize=1167 kw=LIGHTMAP_OFF DIRLIGHTMAP_OFF DYNAMICLIGHTMAP_OFF HDR_LIGHT_PREPASS_OFF ok=1
Cmd: compileSnippet
  api=1 type=1 insize=9139 outsize=1263 kw=LIGHTMAP_OFF DIRLIGHTMAP_OFF DYNAMICLIGHTMAP_OFF HDR_LIGHT_PREPASS_OFF ok=1
Cmd: compileSnippet
  api=1 type=0 insize=5916 outsize=1228 kw= ok=1
Cmd: compileSnippet
  api=1 type=1 insize=5916 outsize=598 kw= ok=1
Cmd: preprocess
  insize=758 outsize=1698 ok=1
Cmd: compileSnippet
  api=1 type=0 insize=7331 outsize=941 kw=DIRECTIONAL SHADOWS_OFF LIGHTMAP_OFF DIRLIGHTMAP_OFF DYNAMICLIGHTMAP_OFF ok=1
Cmd: compileSnippet
  api=1 type=1 insize=7331 outsize=602 kw=DIRECTIONAL SHADOWS_OFF LIGHTMAP_OFF DIRLIGHTMAP_OFF DYNAMICLIGHTMAP_OFF ok=1
Cmd: compileSnippet
  api=1 type=0 insize=4755 outsize=725 kw=POINT ok=1
Cmd: compileSnippet
  api=1 type=1 insize=4755 outsize=773 kw=POINT ok=1
Cmd: compileSnippet
  api=1 type=0 insize=4137 outsize=725 kw= ok=1
Cmd: compileSnippet
  api=1 type=1 insize=4137 outsize=508 kw= ok=1
Cmd: compileSnippet
  api=1 type=0 insize=6320 outsize=707 kw=LIGHTMAP_OFF DIRLIGHTMAP_OFF DYNAMICLIGHTMAP_OFF HDR_LIGHT_PREPASS_OFF ok=1
Cmd: compileSnippet
  api=1 type=1 insize=6320 outsize=281 kw=LIGHTMAP_OFF DIRLIGHTMAP_OFF DYNAMICLIGHTMAP_OFF HDR_LIGHT_PREPASS_OFF ok=1
Cmd: compileSnippet
  api=1 type=0 insize=7181 outsize=956 kw=LIGHTMAP_OFF DIRLIGHTMAP_OFF DYNAMICLIGHTMAP_OFF HDR_LIGHT_PREPASS_OFF ok=1
Cmd: compileSnippet
  api=1 type=1 insize=7181 outsize=720 kw=LIGHTMAP_OFF DIRLIGHTMAP_OFF DYNAMICLIGHTMAP_OFF HDR_LIGHT_PREPASS_OFF ok=1
Cmd: compileSnippet
  api=1 type=0 insize=3985 outsize=971 kw= ok=1
Cmd: compileSnippet
  api=1 type=1 insize=3985 outsize=415 kw= ok=1
Cmd: preprocess
  insize=1060 outsize=1581 ok=1
Cmd: compileSnippet
  api=1 type=0 insize=7198 outsize=534 kw=DIRECTIONAL SHADOWS_OFF LIGHTMAP_OFF DIRLIGHTMAP_OFF DYNAMICLIGHTMAP_OFF ok=1
Cmd: compileSnippet
  api=1 type=1 insize=7198 outsize=528 kw=DIRECTIONAL SHADOWS_OFF LIGHTMAP_OFF DIRLIGHTMAP_OFF DYNAMICLIGHTMAP_OFF ok=1
Cmd: compileSnippet
  api=1 type=0 insize=4075 outsize=293 kw=POINT ok=1
Cmd: compileSnippet
  api=1 type=1 insize=4075 outsize=694 kw=POINT ok=1
Cmd: compileSnippet
  api=1 type=0 insize=3330 outsize=293 kw= ok=1
Cmd: compileSnippet
  api=1 type=1 insize=3330 outsize=106 kw= ok=1
Cmd: compileSnippet
  api=1 type=0 insize=6487 outsize=677 kw=LIGHTMAP_OFF DIRLIGHTMAP_OFF DYNAMICLIGHTMAP_OFF HDR_LIGHT_PREPASS_OFF ok=1
Cmd: compileSnippet
  api=1 type=1 insize=6487 outsize=546 kw=LIGHTMAP_OFF DIRLIGHTMAP_OFF DYNAMICLIGHTMAP_OFF HDR_LIGHT_PREPASS_OFF ok=1
Cmd: compileSnippet
  api=1 type=0 insize=6356 outsize=549 kw=LIGHTMAP_OFF DIRLIGHTMAP_OFF DYNAMICLIGHTMAP_OFF HDR_LIGHT_PREPASS_OFF ok=1
Cmd: compileSnippet
  api=1 type=1 insize=6356 outsize=620 kw=LIGHTMAP_OFF DIRLIGHTMAP_OFF DYNAMICLIGHTMAP_OFF HDR_LIGHT_PREPASS_OFF ok=1
Cmd: compileSnippet
  api=1 type=0 insize=3555 outsize=574 kw= ok=1
Cmd: compileSnippet
  api=1 type=1 insize=3555 outsize=639 kw= ok=1
Cmd: preprocess
  insize=1183 outsize=296 ok=1
Cmd: compileSnippet
  api=1 type=0 insize=1189 outsize=196 kw= ok=1
Cmd: compileSnippet
  api=1 type=1 insize=1189 outsize=266 kw= ok=1
Cmd: preprocess
  insize=2344 outsize=1624 ok=1
Cmd: compileSnippet
  api=1 type=0 insize=1022 outsize=169 kw= ok=1
Cmd: compileSnippet
  api=1 type=1 insize=1022 outsize=103 kw= ok=1
Cmd: preprocess
  insize=1420 outsize=347 ok=1
Cmd: compileSnippet
  api=1 type=0 insize=1379 outsize=323 kw= ok=1
Cmd: compileSnippet
  api=1 type=1 insize=1379 outsize=351 kw= ok=1
Cmd: preprocess
  insize=1223 outsize=404 ok=1
Cmd: compileSnippet
  api=1 type=0 insize=1124 outsize=131 kw= ok=1
Cmd: compileSnippet
  api=1 type=1 insize=1124 outsize=595 kw= ok=1
Cmd: preprocess
  insize=6790 outsize=827 ok=1
Cmd: compileSnippet
  api=1 type=0 insize=2022 outsize=208 kw= ok=1
Cmd: compileSnippet
  api=1 type=1 insize=2022 outsize=4212 kw= ok=1
Cmd: compileSnippet
  api=1 type=0 insize=2292 outsize=208 kw= ok=1
Cmd: compileSnippet
  api=1 type=1 insize=2292 outsize=7052 kw= ok=1
Cmd: compileSnippet
  api=1 type=0 insize=2810 outsize=208 kw= ok=1
Cmd: compileSnippet
  api=1 type=1 insize=2810 outsize=12783 kw= ok=1
Cmd: compileSnippet
  api=1 type=0 insize=3114 outsize=170 kw= ok=1
Cmd: compileSnippet
  api=1 type=1 insize=3114 outsize=1254 kw= ok=1
Cmd: compileSnippet
  api=1 type=0 insize=2017 outsize=146 kw= ok=1
Cmd: compileSnippet
  api=1 type=1 insize=2017 outsize=151 kw= ok=1
Cmd: preprocess
  insize=1157 outsize=308 ok=1
Cmd: compileSnippet
  api=1 type=0 insize=1154 outsize=346 kw= ok=1
Cmd: compileSnippet
  api=1 type=1 insize=1154 outsize=222 kw= ok=1
Cmd: preprocess
  insize=13263 outsize=2671 ok=1
Cmd: compileSnippet
  api=1 type=0 insize=10590 outsize=2104 kw=WATER_REFLECTIVE WATER_VERTEX_DISPLACEMENT_ON WATER_EDGEBLEND_ON ok=1
Cmd: compileSnippet
  api=1 type=1 insize=10590 outsize=1665 kw=WATER_REFLECTIVE WATER_VERTEX_DISPLACEMENT_ON WATER_EDGEBLEND_ON ok=1
Cmd: compileSnippet
  api=1 type=0 insize=10596 outsize=1981 kw=WATER_REFLECTIVE WATER_VERTEX_DISPLACEMENT_ON WATER_EDGEBLEND_ON ok=1
Cmd: compileSnippet
  api=1 type=1 insize=10596 outsize=1187 kw=WATER_REFLECTIVE WATER_VERTEX_DISPLACEMENT_ON WATER_EDGEBLEND_ON ok=1
Cmd: compileSnippet
  api=1 type=0 insize=10359 outsize=267 kw= ok=1
Cmd: compileSnippet
  api=1 type=1 insize=10359 outsize=963 kw= ok=1
Cmd: preprocess
  insize=9195 outsize=2321 ok=1
Cmd: compileSnippet
  api=1 type=0 insize=6522 outsize=131 kw= ok=1
Cmd: compileSnippet
  api=1 type=1 insize=6522 outsize=635 kw= ok=1
Cmd: compileSnippet
  api=1 type=0 insize=6517 outsize=131 kw= ok=1
Cmd: compileSnippet
  api=1 type=1 insize=6517 outsize=1408 kw= ok=1
Cmd: compileSnippet
  api=1 type=0 insize=6517 outsize=131 kw= ok=1
Cmd: compileSnippet
  api=1 type=1 insize=6517 outsize=413 kw= ok=1
Cmd: compileSnippet
  api=1 type=0 insize=6517 outsize=131 kw= ok=1
Cmd: compileSnippet
  api=1 type=1 insize=6517 outsize=413 kw= ok=1
Cmd: compileSnippet
  api=1 type=0 insize=6519 outsize=131 kw= ok=1
Cmd: compileSnippet
  api=1 type=1 insize=6519 outsize=746 kw= ok=1
Cmd: compileSnippet
  api=1 type=0 insize=6519 outsize=131 kw= ok=1
Cmd: compileSnippet
  api=1 type=1 insize=6519 outsize=412 kw= ok=1
Cmd: compileSnippet
  api=1 type=0 insize=6528 outsize=131 kw= ok=1
Cmd: compileSnippet
  api=1 type=1 insize=6528 outsize=456 kw= ok=1
Cmd: compileSnippet
  api=1 type=0 insize=6533 outsize=131 kw= ok=1
Cmd: compileSnippet
  api=1 type=1 insize=6533 outsize=375 kw= ok=1
Cmd: compileSnippet
  api=1 type=0 insize=6526 outsize=131 kw= ok=1
Cmd: compileSnippet
  api=1 type=1 insize=6526 outsize=172 kw= ok=1
Cmd: compileSnippet
  api=1 type=0 insize=6524 outsize=131 kw= ok=1
Cmd: compileSnippet
  api=1 type=1 insize=6524 outsize=558 kw= ok=1
Cmd: compileSnippet
  api=1 type=0 insize=6531 outsize=131 kw= ok=1
Cmd: compileSnippet
  api=1 type=1 insize=6531 outsize=646 kw= ok=1
Cmd: preprocess
  insize=1006 outsize=316 ok=1
Cmd: compileSnippet
  api=1 type=0 insize=995 outsize=131 kw= ok=1
Cmd: compileSnippet
  api=1 type=1 insize=995 outsize=199 kw= ok=1
Cmd: preprocess
  insize=1097 outsize=1052 ok=1
Cmd: compileSnippet
  api=1 type=0 insize=6961 outsize=523 kw=DIRECTIONAL SHADOWS_OFF LIGHTMAP_OFF DIRLIGHTMAP_OFF DYNAMICLIGHTMAP_OFF ok=1
Cmd: compileSnippet
  api=1 type=1 insize=6961 outsize=322 kw=DIRECTIONAL SHADOWS_OFF LIGHTMAP_OFF DIRLIGHTMAP_OFF DYNAMICLIGHTMAP_OFF ok=1
Cmd: compileSnippet
  api=1 type=0 insize=3932 outsize=339 kw=POINT ok=1
Cmd: compileSnippet
  api=1 type=1 insize=3932 outsize=515 kw=POINT ok=1
Cmd: compileSnippet
  api=1 type=0 insize=3350 outsize=414 kw= ok=1
Cmd: compileSnippet
  api=1 type=1 insize=3350 outsize=360 kw= ok=1
Cmd: preprocess
  insize=919 outsize=355 ok=1
Cmd: compileSnippet
  api=1 type=0 insize=869 outsize=131 kw= ok=1
Cmd: compileSnippet
  api=1 type=1 insize=869 outsize=316 kw= ok=1
Cmd: preprocess
  insize=2306 outsize=643 ok=1
Cmd: compileSnippet
  api=1 type=0 insize=1968 outsize=288 kw= ok=1
Cmd: compileSnippet
  api=1 type=1 insize=1968 outsize=935 kw= ok=1
Cmd: preprocess
  insize=2527 outsize=790 ok=1
Cmd: compileSnippet
  api=1 type=0 insize=1999 outsize=258 kw= ok=1
Cmd: compileSnippet
  api=1 type=1 insize=1999 outsize=201 kw= ok=1
Cmd: compileSnippet
  api=1 type=0 insize=1996 outsize=258 kw= ok=1
Cmd: compileSnippet
  api=1 type=1 insize=1996 outsize=121 kw= ok=1
Cmd: compileSnippet
  api=1 type=0 insize=2009 outsize=252 kw= ok=1
Cmd: compileSnippet
  api=1 type=1 insize=2009 outsize=240 kw= ok=1
Cmd: compileSnippet
  api=1 type=0 insize=2008 outsize=258 kw= ok=1
Cmd: compileSnippet
  api=1 type=1 insize=2008 outsize=105 kw= ok=1
Cmd: preprocess
  insize=940 outsize=295 ok=1
Cmd: compileSnippet
  api=1 type=0 insize=950 outsize=131 kw= ok=1
Cmd: compileSnippet
  api=1 type=1 insize=950 outsize=224 kw= ok=1
Cmd: preprocess
  insize=1709 outsize=728 ok=1
Cmd: compileSnippet
  api=1 type=0 insize=1287 outsize=327 kw= ok=1
Cmd: compileSnippet
  api=1 type=1 insize=1287 outsize=252 kw= ok=1
Cmd: preprocess
  insize=1379 outsize=387 ok=1
Cmd: compileSnippet
  api=1 type=0 insize=1294 outsize=214 kw= ok=1
Cmd: compileSnippet
  api=1 type=1 insize=1294 outsize=264 kw= ok=1
Cmd: preprocess
  insize=1431 outsize=348 ok=1
Cmd: compileSnippet
  api=1 type=0 insize=1389 outsize=323 kw= ok=1
Cmd: compileSnippet
  api=1 type=1 insize=1389 outsize=351 kw= ok=1
Cmd: preprocess
  insize=1230 outsize=267 ok=1
Cmd: compileSnippet
  api=1 type=0 insize=1268 outsize=327 kw= ok=1
Cmd: compileSnippet
  api=1 type=1 insize=1268 outsize=252 kw= ok=1
Cmd: preprocess
  insize=880 outsize=1231 ok=1
Cmd: compileSnippet
  api=1 type=0 insize=7162 outsize=681 kw=DIRECTIONAL LIGHTMAP_OFF DIRLIGHTMAP_OFF DYNAMICLIGHTMAP_OFF ok=1
Cmd: compileSnippet
  api=1 type=1 insize=7162 outsize=337 kw=DIRECTIONAL LIGHTMAP_OFF DIRLIGHTMAP_OFF DYNAMICLIGHTMAP_OFF ok=1
Cmd: compileSnippet
  api=1 type=0 insize=3768 outsize=339 kw=POINT ok=1
Cmd: compileSnippet
  api=1 type=1 insize=3768 outsize=418 kw=POINT ok=1
Cmd: compileSnippet
  api=1 type=0 insize=3379 outsize=682 kw= ok=1
Cmd: compileSnippet
  api=1 type=1 insize=3379 outsize=862 kw= ok=1
Cmd: preprocess
  insize=2379 outsize=1092 ok=1
Cmd: compileSnippet
  api=1 type=0 insize=1589 outsize=169 kw=SOFTPARTICLES_OFF ok=1
Cmd: compileSnippet
  api=1 type=1 insize=1589 outsize=115 kw=SOFTPARTICLES_OFF ok=1
Cmd: preprocess
  insize=1406 outsize=348 ok=1
Cmd: compileSnippet
  api=1 type=0 insize=1360 outsize=187 kw= ok=1
Cmd: compileSnippet
  api=1 type=1 insize=1360 outsize=273 kw= ok=1
Cmd: preprocess
  insize=1262 outsize=322 ok=1
Cmd: compileSnippet
  api=1 type=0 insize=1245 outsize=258 kw= ok=1
Cmd: compileSnippet
  api=1 type=1 insize=1245 outsize=335 kw= ok=1
Cmd: preprocess
  insize=2328 outsize=648 ok=1
Cmd: compileSnippet
  api=1 type=0 insize=1986 outsize=288 kw= ok=1
Cmd: compileSnippet
  api=1 type=1 insize=1986 outsize=935 kw= ok=1
Cmd: preprocess
  insize=738 outsize=267 ok=1
Cmd: compileSnippet
  api=1 type=0 insize=771 outsize=131 kw= ok=1
Cmd: compileSnippet
  api=1 type=1 insize=771 outsize=199 kw= ok=1
Cmd: preprocess
  insize=954 outsize=269 ok=1
Cmd: compileSnippet
  api=1 type=0 insize=985 outsize=136 kw= ok=1
Cmd: compileSnippet
  api=1 type=1 insize=985 outsize=310 kw= ok=1
Cmd: preprocess
  insize=674 outsize=320 ok=1
Cmd: compileSnippet
  api=1 type=0 insize=654 outsize=131 kw= ok=1
Cmd: compileSnippet
  api=1 type=1 insize=654 outsize=247 kw= ok=1
Cmd: preprocess
  insize=6423 outsize=1035 ok=1
Cmd: compileSnippet
  api=1 type=0 insize=5604 outsize=258 kw= ok=1
Cmd: compileSnippet
  api=1 type=1 insize=5604 outsize=124 kw= ok=1
Cmd: compileSnippet
  api=1 type=0 insize=5612 outsize=249 kw= ok=1
Cmd: compileSnippet
  api=1 type=1 insize=5612 outsize=318 kw= ok=1
Cmd: compileSnippet
  api=1 type=0 insize=5616 outsize=271 kw= ok=1
Cmd: compileSnippet
  api=1 type=1 insize=5616 outsize=738 kw= ok=1
Cmd: compileSnippet
  api=1 type=0 insize=5617 outsize=271 kw= ok=1
Cmd: compileSnippet
  api=1 type=1 insize=5617 outsize=738 kw= ok=1
Cmd: compileSnippet
  api=1 type=0 insize=5621 outsize=371 kw= ok=1
Cmd: compileSnippet
  api=1 type=1 insize=5621 outsize=661 kw= ok=1
Cmd: compileSnippet
  api=1 type=0 insize=5622 outsize=381 kw= ok=1
Cmd: compileSnippet
  api=1 type=1 insize=5622 outsize=661 kw= ok=1
Cmd: preprocess
  insize=2340 outsize=1021 ok=1
Cmd: compileSnippet
  api=1 type=0 insize=1618 outsize=169 kw=SOFTPARTICLES_OFF ok=1
Cmd: compileSnippet
  api=1 type=1 insize=1618 outsize=109 kw=SOFTPARTICLES_OFF ok=1
Cmd: preprocess
  insize=2514 outsize=1827 ok=1
Cmd: compileSnippet
  api=1 type=0 insize=988 outsize=169 kw= ok=1
Cmd: compileSnippet
  api=1 type=1 insize=988 outsize=100 kw= ok=1
Cmd: preprocess
  insize=1038 outsize=358 ok=1
Cmd: compileSnippet
  api=1 type=0 insize=985 outsize=131 kw= ok=1
Cmd: compileSnippet
  api=1 type=1 insize=985 outsize=294 kw= ok=1
Cmd: preprocess
  insize=778 outsize=304 ok=1
Cmd: compileSnippet
  api=1 type=0 insize=776 outsize=131 kw= ok=1
Cmd: compileSnippet
  api=1 type=1 insize=776 outsize=79 kw= ok=1
Cmd: preprocess
  insize=1377 outsize=384 ok=1
Cmd: compileSnippet
  api=1 type=0 insize=1295 outsize=214 kw= ok=1
Cmd: compileSnippet
  api=1 type=1 insize=1295 outsize=264 kw= ok=1
Cmd: preprocess
  insize=33400 outsize=269 ok=1
Cmd: compileSnippet
  api=1 type=0 insize=33432 outsize=157 kw= ok=1
Cmd: compileSnippet
  api=1 type=1 insize=33432 outsize=4072 kw= ok=1
Cmd: preprocess
  insize=1219 outsize=261 ok=1
Cmd: compileSnippet
  api=1 type=0 insize=1260 outsize=178 kw= ok=1
Cmd: compileSnippet
  api=1 type=1 insize=1260 outsize=619 kw= ok=1
Cmd: preprocess
  insize=4479 outsize=536 ok=1
Cmd: compileSnippet
  api=1 type=0 insize=4123 outsize=464 kw= ok=1
Cmd: compileSnippet
  api=1 type=1 insize=4123 outsize=1247 kw= ok=1
Cmd: compileSnippet
  api=1 type=0 insize=4124 outsize=464 kw= ok=1
Cmd: compileSnippet
  api=1 type=1 insize=4124 outsize=856 kw= ok=1
Cmd: compileSnippet
  api=1 type=0 insize=4124 outsize=464 kw= ok=1
Cmd: compileSnippet
  api=1 type=1 insize=4124 outsize=1065 kw= ok=1
Cmd: preprocess
  insize=1080 outsize=489 ok=1
Cmd: compileSnippet
  api=1 type=0 insize=893 outsize=169 kw= ok=1
Cmd: compileSnippet
  api=1 type=1 insize=893 outsize=137 kw= ok=1
Cmd: preprocess
  insize=5846 outsize=801 ok=1
Cmd: compileSnippet
  api=1 type=0 insize=4813 outsize=131 kw= ok=1
Cmd: compileSnippet
  api=1 type=1 insize=4813 outsize=360 kw= ok=1
Cmd: compileSnippet
  api=1 type=0 insize=4817 outsize=363 kw= ok=1
Cmd: compileSnippet
  api=1 type=1 insize=4817 outsize=372 kw= ok=1
Cmd: compileSnippet
  api=1 type=0 insize=4827 outsize=341 kw= ok=1
Cmd: compileSnippet
  api=1 type=1 insize=4827 outsize=711 kw= ok=1
Cmd: compileSnippet
  api=1 type=0 insize=4822 outsize=341 kw= ok=1
Cmd: compileSnippet
  api=1 type=1 insize=4822 outsize=648 kw= ok=1
Cmd: compileSnippet
  api=1 type=0 insize=4828 outsize=327 kw= ok=1
Cmd: compileSnippet
  api=1 type=1 insize=4828 outsize=681 kw= ok=1
Cmd: preprocess
  insize=2832 outsize=782 ok=1
Cmd: compileSnippet
  api=1 type=0 insize=2099 outsize=258 kw= ok=1
Cmd: compileSnippet
  api=1 type=1 insize=2099 outsize=121 kw= ok=1
Cmd: compileSnippet
  api=1 type=0 insize=2099 outsize=258 kw= ok=1
Cmd: compileSnippet
  api=1 type=1 insize=2099 outsize=198 kw= ok=1
Cmd: compileSnippet
  api=1 type=0 insize=2103 outsize=258 kw= ok=1
Cmd: compileSnippet
  api=1 type=1 insize=2103 outsize=135 kw= ok=1
Cmd: compileSnippet
  api=1 type=0 insize=2102 outsize=258 kw= ok=1
Cmd: compileSnippet
  api=1 type=1 insize=2102 outsize=408 kw= ok=1
Cmd: compileSnippet
  api=1 type=0 insize=2105 outsize=258 kw= ok=1
Cmd: compileSnippet
  api=1 type=1 insize=2105 outsize=124 kw= ok=1
Cmd: preprocess
  insize=1050 outsize=267 ok=1
Cmd: compileSnippet
  api=1 type=0 insize=1084 outsize=264 kw= ok=1
Cmd: compileSnippet
  api=1 type=1 insize=1084 outsize=193 kw= ok=1
Cmd: preprocess
  insize=4990 outsize=1857 ok=1
Cmd: compileSnippet
  api=1 type=0 insize=3309 outsize=258 kw= ok=1
Cmd: compileSnippet
  api=1 type=1 insize=3309 outsize=207 kw= ok=1
Cmd: compileSnippet
  api=1 type=0 insize=3306 outsize=258 kw= ok=1
Cmd: compileSnippet
  api=1 type=1 insize=3306 outsize=127 kw= ok=1
Cmd: compileSnippet
  api=1 type=0 insize=3322 outsize=267 kw= ok=1
Cmd: compileSnippet
  api=1 type=1 insize=3322 outsize=255 kw= ok=1
Cmd: compileSnippet
  api=1 type=0 insize=3314 outsize=258 kw= ok=1
Cmd: compileSnippet
  api=1 type=1 insize=3314 outsize=105 kw= ok=1
Cmd: compileSnippet
  api=1 type=0 insize=3314 outsize=258 kw= ok=1
Cmd: compileSnippet
  api=1 type=1 insize=3314 outsize=207 kw= ok=1
Cmd: compileSnippet
  api=1 type=0 insize=3311 outsize=258 kw= ok=1
Cmd: compileSnippet
  api=1 type=1 insize=3311 outsize=127 kw= ok=1
Cmd: compileSnippet
  api=1 type=0 insize=3323 outsize=267 kw= ok=1
Cmd: compileSnippet
  api=1 type=1 insize=3323 outsize=240 kw= ok=1
Cmd: compileSnippet
  api=1 type=0 insize=3316 outsize=258 kw= ok=1
Cmd: compileSnippet
  api=1 type=1 insize=3316 outsize=120 kw= ok=1
Cmd: compileSnippet
  api=1 type=0 insize=3308 outsize=258 kw= ok=1
Cmd: compileSnippet
  api=1 type=1 insize=3308 outsize=58 kw= ok=1
Cmd: compileSnippet
  api=1 type=0 insize=3312 outsize=258 kw= ok=1
Cmd: compileSnippet
  api=1 type=1 insize=3312 outsize=83 kw= ok=1
Cmd: compileSnippet
  api=1 type=0 insize=3307 outsize=258 kw= ok=1
Cmd: compileSnippet
  api=1 type=1 insize=3307 outsize=63 kw= ok=1
Cmd: preprocess
  insize=1026 outsize=351 ok=1
Cmd: compileSnippet
  api=1 type=0 insize=977 outsize=131 kw= ok=1
Cmd: compileSnippet
  api=1 type=1 insize=977 outsize=307 kw= ok=1
Cmd: preprocess
  insize=574 outsize=259 ok=1
Cmd: compileSnippet
  api=1 type=0 insize=617 outsize=100 kw= ok=1
Cmd: compileSnippet
  api=1 type=1 insize=617 outsize=58 kw= ok=1
Cmd: preprocess
  insize=27271 outsize=4693 ok=1
Cmd: compileSnippet
  api=1 type=0 insize=19248 outsize=302 kw= ok=1
Cmd: compileSnippet
  api=1 type=1 insize=19248 outsize=302 kw= ok=1
Cmd: compileSnippet
  api=1 type=0 insize=19254 outsize=639 kw= ok=1
Cmd: compileSnippet
  api=1 type=1 insize=19254 outsize=1189 kw= ok=1
Cmd: compileSnippet
  api=1 type=0 insize=19257 outsize=639 kw= ok=1
Cmd: compileSnippet
  api=1 type=1 insize=19257 outsize=2560 kw= ok=1
Cmd: compileSnippet
  api=1 type=0 insize=19236 outsize=302 kw= ok=1
Cmd: compileSnippet
  api=1 type=1 insize=19236 outsize=56 kw= ok=1
Cmd: compileSnippet
  api=1 type=0 insize=19252 outsize=302 kw= ok=1
Cmd: compileSnippet
  api=1 type=1 insize=19252 outsize=298 kw= ok=1
Cmd: compileSnippet
  api=1 type=0 insize=19239 outsize=302 kw= ok=1
Cmd: compileSnippet
  api=1 type=1 insize=19239 outsize=735 kw= ok=1
Cmd: compileSnippet
  api=1 type=0 insize=19250 outsize=302 kw= ok=1
Cmd: compileSnippet
  api=1 type=1 insize=19250 outsize=577 kw= ok=1
Cmd: compileSnippet
  api=1 type=0 insize=19246 outsize=302 kw= ok=1
Cmd: compileSnippet
  api=1 type=1 insize=19246 outsize=137 kw= ok=1
Cmd: compileSnippet
  api=1 type=0 insize=19256 outsize=302 kw= ok=1
Cmd: compileSnippet
  api=1 type=1 insize=19256 outsize=306 kw= ok=1
Cmd: compileSnippet
  api=1 type=0 insize=19249 outsize=302 kw= ok=1
Cmd: compileSnippet
  api=1 type=1 insize=19249 outsize=251 kw= ok=1
Cmd: compileSnippet
  api=1 type=0 insize=19256 outsize=302 kw= ok=1
Cmd: compileSnippet
  api=1 type=1 insize=19256 outsize=426 kw= ok=1
Cmd: compileSnippet
  api=1 type=0 insize=19244 outsize=302 kw= ok=1
Cmd: compileSnippet
  api=1 type=1 insize=19244 outsize=8586 kw= ok=1
Cmd: compileSnippet
  api=1 type=0 insize=19253 outsize=302 kw= ok=1
Cmd: compileSnippet
  api=1 type=1 insize=19253 outsize=3866 kw= ok=1
Cmd: compileSnippet
  api=1 type=0 insize=19240 outsize=302 kw= ok=1
Cmd: compileSnippet
  api=1 type=1 insize=19240 outsize=330 kw= ok=1
Cmd: compileSnippet
  api=1 type=0 insize=19255 outsize=302 kw= ok=1
Cmd: compileSnippet
  api=1 type=1 insize=19255 outsize=208 kw= ok=1
Cmd: compileSnippet
  api=1 type=0 insize=19245 outsize=302 kw= ok=1
Cmd: compileSnippet
  api=1 type=1 insize=19245 outsize=291 kw= ok=1
Cmd: compileSnippet
  api=1 type=0 insize=19238 outsize=302 kw= ok=1
Cmd: compileSnippet
  api=1 type=1 insize=19238 outsize=129 kw= ok=1
Cmd: compileSnippet
  api=1 type=0 insize=19245 outsize=302 kw= ok=1
Cmd: compileSnippet
  api=1 type=1 insize=19245 outsize=12827 kw= ok=1
Cmd: compileSnippet
  api=1 type=0 insize=19253 outsize=302 kw= ok=1
Cmd: compileSnippet
  api=1 type=1 insize=19253 outsize=8284 kw= ok=1
Cmd: compileSnippet
  api=1 type=0 insize=19263 outsize=639 kw= ok=1
Cmd: compileSnippet
  api=1 type=1 insize=19263 outsize=1562 kw= ok=1
Cmd: compileSnippet
  api=1 type=0 insize=19241 outsize=302 kw= ok=1
Cmd: compileSnippet
  api=1 type=1 insize=19241 outsize=118 kw= ok=1
Cmd: compileSnippet
  api=1 type=0 insize=19243 outsize=316 kw= ok=1
Cmd: compileSnippet
  api=1 type=1 insize=19243 outsize=735 kw= ok=1
Cmd: compileSnippet
  api=1 type=0 insize=19261 outsize=302 kw= ok=1
Cmd: compileSnippet
  api=1 type=1 insize=19261 outsize=56 kw= ok=1
Cmd: preprocess
  insize=13303 outsize=1949 ok=1
Cmd: compileSnippet
  api=1 type=0 insize=11500 outsize=157 kw= ok=1
Cmd: compileSnippet
  api=1 type=1 insize=11500 outsize=628 kw= ok=1
Cmd: compileSnippet
  api=1 type=0 insize=11491 outsize=157 kw= ok=1
Cmd: compileSnippet
  api=1 type=1 insize=11491 outsize=140 kw= ok=1
Cmd: compileSnippet
  api=1 type=0 insize=11493 outsize=157 kw= ok=1
Cmd: compileSnippet
  api=1 type=1 insize=11493 outsize=675 kw= ok=1
Cmd: compileSnippet
  api=1 type=0 insize=11498 outsize=157 kw= ok=1
Cmd: compileSnippet
  api=1 type=1 insize=11498 outsize=1013 kw= ok=1
Cmd: compileSnippet
  api=1 type=0 insize=11508 outsize=157 kw= ok=1
Cmd: compileSnippet
  api=1 type=1 insize=11508 outsize=1939 kw= ok=1
Cmd: compileSnippet
  api=1 type=0 insize=11494 outsize=157 kw= ok=1
Cmd: compileSnippet
  api=1 type=1 insize=11494 outsize=376 kw= ok=1
Cmd: compileSnippet
  api=1 type=0 insize=11500 outsize=157 kw= ok=1
Cmd: compileSnippet
  api=1 type=1 insize=11500 outsize=927 kw= ok=1
Cmd: compileSnippet
  api=1 type=0 insize=11506 outsize=157 kw= ok=1
Cmd: compileSnippet
  api=1 type=1 insize=11506 outsize=2941 kw= ok=1
Cmd: preprocess
  insize=1021 outsize=353 ok=1
Cmd: compileSnippet
  api=1 type=0 insize=973 outsize=131 kw= ok=1
Cmd: compileSnippet
  api=1 type=1 insize=973 outsize=294 kw= ok=1
Cmd: preprocess
  insize=12408 outsize=2547 ok=1
Cmd: compileSnippet
  api=1 type=0 insize=9861 outsize=2055 kw=WATER_REFLECTIVE WATER_VERTEX_DISPLACEMENT_ON WATER_EDGEBLEND_ON ok=1
Cmd: compileSnippet
  api=1 type=1 insize=9861 outsize=1305 kw=WATER_REFLECTIVE WATER_VERTEX_DISPLACEMENT_ON WATER_EDGEBLEND_ON ok=1
Cmd: compileSnippet
  api=1 type=0 insize=9863 outsize=1947 kw=WATER_REFLECTIVE WATER_VERTEX_DISPLACEMENT_ON WATER_EDGEBLEND_ON ok=1
Cmd: compileSnippet
  api=1 type=1 insize=9863 outsize=1106 kw=WATER_REFLECTIVE WATER_VERTEX_DISPLACEMENT_ON WATER_EDGEBLEND_ON ok=1
Cmd: compileSnippet
  api=1 type=0 insize=9630 outsize=230 kw= ok=1
Cmd: compileSnippet
  api=1 type=1 insize=9630 outsize=963 kw= ok=1
Cmd: preprocess
  insize=6260 outsize=773 ok=1
Cmd: preprocess
  error: 1 plat 15 at (57): Both vertex and fragment programs must be present in a CGPROGRAM. Excluding it from compilation.
  insize=2011 outsize=818 ok=1
Cmd: compileSnippet
  api=1 type=0 insize=979 outsize=511 kw= ok=1
Cmd: compileSnippet
  api=1 type=1 insize=979 outsize=123 kw= ok=1
Cmd: preprocess
  insize=2810 outsize=801 ok=1
Cmd: compileSnippet
  api=1 type=0 insize=2269 outsize=305 kw= ok=1
Cmd: compileSnippet
  api=1 type=1 insize=2269 outsize=121 kw= ok=1
Cmd: compileSnippet
  api=1 type=0 insize=2269 outsize=305 kw= ok=1
Cmd: compileSnippet
  api=1 type=1 insize=2269 outsize=198 kw= ok=1
Cmd: compileSnippet
  api=1 type=0 insize=2273 outsize=305 kw= ok=1
Cmd: compileSnippet
  api=1 type=1 insize=2273 outsize=135 kw= ok=1
Cmd: compileSnippet
  api=1 type=0 insize=2272 outsize=305 kw= ok=1
Cmd: compileSnippet
  api=1 type=1 insize=2272 outsize=408 kw= ok=1
Cmd: compileSnippet
  api=1 type=0 insize=2275 outsize=305 kw= ok=1
Cmd: compileSnippet
  api=1 type=1 insize=2275 outsize=124 kw= ok=1
Cmd: preprocess
  insize=8652 outsize=772 ok=1
Cmd: compileSnippet
  api=1 type=0 insize=8118 outsize=360 kw= ok=1
Cmd: compileSnippet
  api=1 type=1 insize=8118 outsize=954 kw= ok=1
Cmd: compileSnippet
  api=1 type=0 insize=8122 outsize=459 kw= ok=1
Cmd: compileSnippet
  api=1 type=1 insize=8122 outsize=1044 kw= ok=1
Cmd: compileSnippet
  api=1 type=0 insize=8142 outsize=302 kw= ok=1
Cmd: compileSnippet
  api=1 type=1 insize=8142 outsize=1239 kw= ok=1
Cmd: compileSnippet
  api=1 type=0 insize=8137 outsize=302 kw= ok=1
Cmd: compileSnippet
  api=1 type=1 insize=8137 outsize=1258 kw= ok=1
Cmd: preprocess
  insize=11420 outsize=1917 ok=1
Cmd: compileSnippet
  api=1 type=0 insize=8895 outsize=157 kw= ok=1
Cmd: compileSnippet
  api=1 type=1 insize=8895 outsize=634 kw= ok=1
Cmd: compileSnippet
  api=1 type=0 insize=8886 outsize=157 kw= ok=1
Cmd: compileSnippet
  api=1 type=1 insize=8886 outsize=140 kw= ok=1
Cmd: compileSnippet
  api=1 type=0 insize=8894 outsize=157 kw= ok=1
Cmd: compileSnippet
  api=1 type=1 insize=8894 outsize=887 kw= ok=1
Cmd: compileSnippet
  api=1 type=0 insize=8899 outsize=157 kw= ok=1
Cmd: compileSnippet
  api=1 type=1 insize=8899 outsize=1075 kw= ok=1
Cmd: compileSnippet
  api=1 type=0 insize=8909 outsize=157 kw= ok=1
Cmd: compileSnippet
  api=1 type=1 insize=8909 outsize=1999 kw= ok=1
Cmd: compileSnippet
  api=1 type=0 insize=8897 outsize=157 kw= ok=1
Cmd: compileSnippet
  api=1 type=1 insize=8897 outsize=377 kw= ok=1
Cmd: compileSnippet
  api=1 type=0 insize=8903 outsize=157 kw= ok=1
Cmd: compileSnippet
  api=1 type=1 insize=8903 outsize=927 kw= ok=1
Cmd: preprocess
  insize=1013 outsize=1805 ok=1
Cmd: compileSnippet
  api=1 type=0 insize=7426 outsize=681 kw=DIRECTIONAL SHADOWS_OFF LIGHTMAP_OFF DIRLIGHTMAP_OFF DYNAMICLIGHTMAP_OFF ok=1
Cmd: compileSnippet
  api=1 type=1 insize=7426 outsize=672 kw=DIRECTIONAL SHADOWS_OFF LIGHTMAP_OFF DIRLIGHTMAP_OFF DYNAMICLIGHTMAP_OFF ok=1
Cmd: compileSnippet
  api=1 type=0 insize=3989 outsize=339 kw=POINT ok=1
Cmd: compileSnippet
  api=1 type=1 insize=3989 outsize=706 kw=POINT ok=1
Cmd: compileSnippet
  api=1 type=0 insize=3061 outsize=293 kw= ok=1
Cmd: compileSnippet
  api=1 type=1 insize=3061 outsize=106 kw= ok=1
Cmd: compileSnippet
  api=1 type=0 insize=6435 outsize=808 kw=LIGHTMAP_OFF DIRLIGHTMAP_OFF DYNAMICLIGHTMAP_OFF HDR_LIGHT_PREPASS_OFF ok=1
Cmd: compileSnippet
  api=1 type=1 insize=6435 outsize=480 kw=LIGHTMAP_OFF DIRLIGHTMAP_OFF DYNAMICLIGHTMAP_OFF HDR_LIGHT_PREPASS_OFF ok=1
Cmd: compileSnippet
  api=1 type=0 insize=6490 outsize=696 kw=LIGHTMAP_OFF DIRLIGHTMAP_OFF DYNAMICLIGHTMAP_OFF HDR_LIGHT_PREPASS_OFF ok=1
Cmd: compileSnippet
  api=1 type=1 insize=6490 outsize=495 kw=LIGHTMAP_OFF DIRLIGHTMAP_OFF DYNAMICLIGHTMAP_OFF HDR_LIGHT_PREPASS_OFF ok=1
Cmd: compileSnippet
  api=1 type=0 insize=3430 outsize=682 kw= ok=1
Cmd: compileSnippet
  api=1 type=1 insize=3430 outsize=886 kw= ok=1
Cmd: preprocess
  insize=8191 outsize=1105 ok=1
Cmd: compileSnippet
  api=1 type=0 insize=6258 outsize=258 kw= ok=1
Cmd: compileSnippet
  api=1 type=1 insize=6258 outsize=537 kw= ok=1
Cmd: compileSnippet
  api=1 type=0 insize=6261 outsize=258 kw= ok=1
Cmd: compileSnippet
  api=1 type=1 insize=6261 outsize=233 kw= ok=1
Cmd: compileSnippet
  api=1 type=0 insize=6270 outsize=291 kw= ok=1
Cmd: compileSnippet
  api=1 type=1 insize=6270 outsize=889 kw= ok=1
Cmd: compileSnippet
  api=1 type=0 insize=6264 outsize=291 kw= ok=1
Cmd: compileSnippet
  api=1 type=1 insize=6264 outsize=535 kw= ok=1
Cmd: compileSnippet
  api=1 type=0 insize=6261 outsize=258 kw= ok=1
Cmd: compileSnippet
  api=1 type=1 insize=6261 outsize=316 kw= ok=1
Cmd: compileSnippet
  api=1 type=0 insize=6265 outsize=258 kw= ok=1
Cmd: compileSnippet
  api=1 type=1 insize=6265 outsize=607 kw= ok=1
Cmd: compileSnippet
  api=1 type=0 insize=6269 outsize=291 kw= ok=1
Cmd: compileSnippet
  api=1 type=1 insize=6269 outsize=692 kw= ok=1
Cmd: compileSnippet
  api=1 type=0 insize=6255 outsize=258 kw= ok=1
Cmd: compileSnippet
  api=1 type=1 insize=6255 outsize=111 kw= ok=1
Cmd: preprocess
  insize=11175 outsize=2600 ok=1
Cmd: compileSnippet
  api=1 type=0 insize=8777 outsize=302 kw= ok=1
Cmd: compileSnippet
  api=1 type=1 insize=8777 outsize=1589 kw= ok=1
Cmd: compileSnippet
  api=1 type=0 insize=8782 outsize=302 kw= ok=1
Cmd: compileSnippet
  api=1 type=1 insize=8782 outsize=1011 kw= ok=1
Cmd: compileSnippet
  api=1 type=0 insize=8781 outsize=302 kw= ok=1
Cmd: compileSnippet
  api=1 type=1 insize=8781 outsize=119 kw= ok=1
Cmd: compileSnippet
  api=1 type=0 insize=8785 outsize=302 kw= ok=1
Cmd: compileSnippet
  api=1 type=1 insize=8785 outsize=424 kw= ok=1
Cmd: compileSnippet
  api=1 type=0 insize=8784 outsize=302 kw= ok=1
Cmd: compileSnippet
  api=1 type=1 insize=8784 outsize=314 kw= ok=1
Cmd: preprocess
  insize=1173 outsize=314 ok=1
Cmd: compileSnippet
  api=1 type=0 insize=1164 outsize=346 kw= ok=1
Cmd: compileSnippet
  api=1 type=1 insize=1164 outsize=222 kw= ok=1
Cmd: preprocess
  insize=2593 outsize=1205 ok=1
Cmd: compileSnippet
  api=1 type=0 insize=1690 outsize=301 kw= ok=1
Cmd: compileSnippet
  api=1 type=1 insize=1690 outsize=315 kw= ok=1
Cmd: preprocess
  insize=977 outsize=438 ok=1
Cmd: compileSnippet
  api=1 type=0 insize=841 outsize=131 kw= ok=1
Cmd: compileSnippet
  api=1 type=1 insize=841 outsize=96 kw= ok=1
Cmd: preprocess
  insize=12909 outsize=2439 ok=1
Cmd: compileSnippet
  api=1 type=0 insize=10499 outsize=131 kw= ok=1
Cmd: compileSnippet
  api=1 type=1 insize=10499 outsize=197 kw= ok=1
Cmd: compileSnippet
  api=1 type=0 insize=10498 outsize=131 kw= ok=1
Cmd: compileSnippet
  api=1 type=1 insize=10498 outsize=383 kw= ok=1
Cmd: compileSnippet
  api=1 type=0 insize=10498 outsize=131 kw= ok=1
Cmd: compileSnippet
  api=1 type=1 insize=10498 outsize=367 kw= ok=1
Cmd: compileSnippet
  api=1 type=0 insize=10480 outsize=131 kw= ok=1
Cmd: compileSnippet
  api=1 type=1 insize=10480 outsize=251 kw= ok=1
Cmd: compileSnippet
  api=1 type=0 insize=10499 outsize=131 kw= ok=1
Cmd: compileSnippet
  api=1 type=1 insize=10499 outsize=267 kw= ok=1
Cmd: compileSnippet
  api=1 type=0 insize=10480 outsize=131 kw= ok=1
Cmd: compileSnippet
  api=1 type=1 insize=10480 outsize=342 kw= ok=1
Cmd: compileSnippet
  api=1 type=0 insize=10525 outsize=208 kw= ok=1
Cmd: compileSnippet
  api=1 type=1 insize=10525 outsize=469 kw= ok=1
Cmd: compileSnippet
  api=1 type=0 insize=10479 outsize=131 kw= ok=1
Cmd: compileSnippet
  api=1 type=1 insize=10479 outsize=58 kw= ok=1
Cmd: compileSnippet
  api=1 type=0 insize=10483 outsize=131 kw= ok=1
Cmd: compileSnippet
  api=1 type=1 insize=10483 outsize=66 kw= ok=1
Cmd: compileSnippet
  api=1 type=0 insize=10505 outsize=457 kw= ok=1
Cmd: compileSnippet
  api=1 type=1 insize=10505 outsize=1155 kw= ok=1
Cmd: compileSnippet
  api=1 type=0 insize=10499 outsize=457 kw= ok=1
Cmd: compileSnippet
  api=1 type=1 insize=10499 outsize=1251 kw= ok=1
Cmd: compileSnippet
  api=1 type=0 insize=10505 outsize=457 kw= ok=1
Cmd: compileSnippet
  api=1 type=1 insize=10505 outsize=1155 kw= ok=1
Cmd: preprocess
  insize=965 outsize=271 ok=1
Cmd: compileSnippet
  api=1 type=0 insize=994 outsize=136 kw= ok=1
Cmd: compileSnippet
  api=1 type=1 insize=994 outsize=310 kw= ok=1
Cmd: preprocess
  insize=2006 outsize=463 ok=1
Cmd: compileSnippet
  api=1 type=0 insize=1813 outsize=131 kw= ok=1
Cmd: compileSnippet
  api=1 type=1 insize=1813 outsize=464 kw= ok=1
Cmd: compileSnippet
  api=1 type=0 insize=1826 outsize=131 kw= ok=1
Cmd: compileSnippet
  api=1 type=1 insize=1826 outsize=675 kw= ok=1
Cmd: preprocess
  error: 1 plat 15 at (31): Both vertex and fragment programs must be present in a CGPROGRAM. Excluding it from compilation.
  insize=982 outsize=699 ok=1
Cmd: compileSnippet
  api=1 type=0 insize=533 outsize=785 kw= ok=1
Cmd: compileSnippet
  api=1 type=1 insize=533 outsize=126 kw= ok=1
Cmd: preprocess
  insize=1423 outsize=670 ok=1
Cmd: compileSnippet
  api=1 type=0 insize=1059 outsize=375 kw= ok=1
Cmd: compileSnippet
  api=1 type=1 insize=1059 outsize=30 kw= ok=1
Cmd: preprocess
  insize=1890 outsize=547 ok=1
Cmd: compileSnippet
  api=1 type=0 insize=1648 outsize=351 kw= ok=1
Cmd: compileSnippet
  api=1 type=1 insize=1648 outsize=596 kw= ok=1
Cmd: preprocess
  insize=32646 outsize=272 ok=1
Cmd: compileSnippet
  api=1 type=0 insize=32675 outsize=157 kw= ok=1
Cmd: compileSnippet
  api=1 type=1 insize=32675 outsize=4046 kw= ok=1
Cmd: preprocess
  insize=4528 outsize=555 ok=1
Cmd: compileSnippet
  api=1 type=0 insize=4182 outsize=399 kw= ok=1
Cmd: compileSnippet
  error: 2 plat 1 at (1): Compiled shader code uses too many instruction slots (112). Max. allowed by the target (ps_2_0) is 96.\nCompiling Fragment program
  error: 2 plat 1 at (76): Too many math instructions for SM2.0 (99 needed, max is 64). Try #pragma target 3.0\nCompiling Fragment program
  api=1 type=1 insize=4182 outsize=0 kw= ok=0
Cmd: preprocess
  insize=1489 outsize=1486 ok=1
Cmd: preprocess
  insize=1599 outsize=295 ok=1
Cmd: compileSnippet
  api=1 type=0 insize=1609 outsize=331 kw= ok=1
Cmd: compileSnippet
  api=1 type=1 insize=1609 outsize=681 kw= ok=1
Cmd: preprocess
  insize=4925 outsize=1092 ok=1
Cmd: compileSnippet
  api=1 type=0 insize=3817 outsize=258 kw= ok=1
Cmd: compileSnippet
  api=1 type=1 insize=3817 outsize=205 kw= ok=1
Cmd: compileSnippet
  api=1 type=0 insize=3824 outsize=169 kw= ok=1
Cmd: compileSnippet
  api=1 type=1 insize=3824 outsize=416 kw= ok=1
Cmd: compileSnippet
  api=1 type=0 insize=3822 outsize=258 kw= ok=1
Cmd: compileSnippet
  api=1 type=1 insize=3822 outsize=474 kw= ok=1
Cmd: compileSnippet
  api=1 type=0 insize=3824 outsize=258 kw= ok=1
Cmd: compileSnippet
  api=1 type=1 insize=3824 outsize=685 kw= ok=1
Cmd: compileSnippet
  api=1 type=0 insize=3814 outsize=258 kw= ok=1
Cmd: compileSnippet
  api=1 type=1 insize=3814 outsize=143 kw= ok=1
Cmd: preprocess
  insize=24902 outsize=4334 ok=1
Cmd: compileSnippet
  api=1 type=0 insize=19790 outsize=302 kw= ok=1
Cmd: compileSnippet
  api=1 type=1 insize=19790 outsize=302 kw= ok=1
Cmd: compileSnippet
  api=1 type=0 insize=19796 outsize=639 kw= ok=1
Cmd: compileSnippet
  api=1 type=1 insize=19796 outsize=1189 kw= ok=1
Cmd: compileSnippet
  api=1 type=0 insize=19799 outsize=639 kw= ok=1
Cmd: compileSnippet
  api=1 type=1 insize=19799 outsize=2560 kw= ok=1
Cmd: compileSnippet
  api=1 type=0 insize=19778 outsize=302 kw= ok=1
Cmd: compileSnippet
  api=1 type=1 insize=19778 outsize=56 kw= ok=1
Cmd: compileSnippet
  api=1 type=0 insize=19794 outsize=302 kw= ok=1
Cmd: compileSnippet
  api=1 type=1 insize=19794 outsize=298 kw= ok=1
Cmd: compileSnippet
  api=1 type=0 insize=19781 outsize=302 kw= ok=1
Cmd: compileSnippet
  api=1 type=1 insize=19781 outsize=735 kw= ok=1
Cmd: compileSnippet
  api=1 type=0 insize=19792 outsize=302 kw= ok=1
Cmd: compileSnippet
  api=1 type=1 insize=19792 outsize=577 kw= ok=1
Cmd: compileSnippet
  api=1 type=0 insize=19788 outsize=302 kw= ok=1
Cmd: compileSnippet
  api=1 type=1 insize=19788 outsize=137 kw= ok=1
Cmd: compileSnippet
  api=1 type=0 insize=19798 outsize=302 kw= ok=1
Cmd: compileSnippet
  api=1 type=1 insize=19798 outsize=306 kw= ok=1
Cmd: compileSnippet
  api=1 type=0 insize=19791 outsize=302 kw= ok=1
Cmd: compileSnippet
  api=1 type=1 insize=19791 outsize=251 kw= ok=1
Cmd: compileSnippet
  api=1 type=0 insize=19798 outsize=302 kw= ok=1
Cmd: compileSnippet
  api=1 type=1 insize=19798 outsize=426 kw= ok=1
Cmd: compileSnippet
  api=1 type=0 insize=19786 outsize=302 kw= ok=1
Cmd: compileSnippet
  api=1 type=1 insize=19786 outsize=8586 kw= ok=1
Cmd: compileSnippet
  api=1 type=0 insize=19795 outsize=302 kw= ok=1
Cmd: compileSnippet
  api=1 type=1 insize=19795 outsize=3866 kw= ok=1
Cmd: compileSnippet
  api=1 type=0 insize=19782 outsize=302 kw= ok=1
Cmd: compileSnippet
  api=1 type=1 insize=19782 outsize=330 kw= ok=1
Cmd: compileSnippet
  api=1 type=0 insize=19796 outsize=302 kw= ok=1
Cmd: compileSnippet
  api=1 type=1 insize=19796 outsize=208 kw= ok=1
Cmd: compileSnippet
  api=1 type=0 insize=19787 outsize=302 kw= ok=1
Cmd: compileSnippet
  api=1 type=1 insize=19787 outsize=291 kw= ok=1
Cmd: compileSnippet
  api=1 type=0 insize=19782 outsize=302 kw= ok=1
Cmd: compileSnippet
  api=1 type=1 insize=19782 outsize=129 kw= ok=1
Cmd: compileSnippet
  api=1 type=0 insize=19786 outsize=302 kw= ok=1
Cmd: compileSnippet
  api=1 type=1 insize=19786 outsize=12827 kw= ok=1
Cmd: compileSnippet
  api=1 type=0 insize=19795 outsize=302 kw= ok=1
Cmd: compileSnippet
  api=1 type=1 insize=19795 outsize=8284 kw= ok=1
Cmd: compileSnippet
  api=1 type=0 insize=19804 outsize=639 kw= ok=1
Cmd: compileSnippet
  api=1 type=1 insize=19804 outsize=1562 kw= ok=1
Cmd: compileSnippet
  api=1 type=0 insize=19783 outsize=302 kw= ok=1
Cmd: compileSnippet
  api=1 type=1 insize=19783 outsize=118 kw= ok=1
Cmd: compileSnippet
  api=1 type=0 insize=19785 outsize=316 kw= ok=1
Cmd: compileSnippet
  api=1 type=1 insize=19785 outsize=735 kw= ok=1
Cmd: compileSnippet
  api=1 type=0 insize=19801 outsize=302 kw= ok=1
Cmd: compileSnippet
  api=1 type=1 insize=19801 outsize=56 kw= ok=1
Cmd: preprocess
  insize=4094 outsize=562 ok=1
Cmd: compileSnippet
  api=1 type=0 insize=3828 outsize=358 kw= ok=1
Cmd: compileSnippet
  api=1 type=1 insize=3828 outsize=897 kw= ok=1
Cmd: compileSnippet
  api=1 type=0 insize=3840 outsize=358 kw= ok=1
Cmd: compileSnippet
  api=1 type=1 insize=3840 outsize=335 kw= ok=1
Cmd: compileSnippet
  api=1 type=0 insize=3831 outsize=358 kw= ok=1
Cmd: compileSnippet
  api=1 type=1 insize=3831 outsize=687 kw= ok=1
Cmd: preprocess
  insize=2274 outsize=1208 ok=1
Cmd: compileSnippet
  api=1 type=0 insize=1310 outsize=379 kw= ok=1
Cmd: compileSnippet
  api=1 type=1 insize=1310 outsize=353 kw= ok=1
Cmd: preprocess
  insize=1760 outsize=300 ok=1
Cmd: compileSnippet
  api=1 type=0 insize=1762 outsize=297 kw= ok=1
Cmd: compileSnippet
  api=1 type=1 insize=1762 outsize=1623 kw= ok=1
Cmd: preprocess
  insize=1213 outsize=389 ok=1
Cmd: compileSnippet
  api=1 type=0 insize=1129 outsize=169 kw= ok=1
Cmd: compileSnippet
  api=1 type=1 insize=1129 outsize=416 kw= ok=1
Cmd: preprocess
  insize=1026 outsize=355 ok=1
Cmd: compileSnippet
  api=1 type=0 insize=973 outsize=131 kw= ok=1
Cmd: compileSnippet
  api=1 type=1 insize=973 outsize=307 kw= ok=1
Cmd: preprocess
  insize=1156 outsize=431 ok=1
Cmd: compileSnippet
  api=1 type=0 insize=994 outsize=157 kw= ok=1
Cmd: compileSnippet
  api=1 type=1 insize=994 outsize=159 kw= ok=1
Cmd: compileSnippet
  api=1 type=0 insize=1000 outsize=157 kw= ok=1
Cmd: compileSnippet
  api=1 type=1 insize=1000 outsize=253 kw= ok=1
Cmd: preprocess
  insize=711 outsize=266 ok=1
Cmd: compileSnippet
  api=1 type=0 insize=745 outsize=131 kw= ok=1
Cmd: compileSnippet
  api=1 type=1 insize=745 outsize=199 kw= ok=1
Cmd: preprocess
  insize=1339 outsize=296 ok=1
Cmd: compileSnippet
  api=1 type=0 insize=1347 outsize=291 kw= ok=1
Cmd: compileSnippet
  api=1 type=1 insize=1347 outsize=494 kw= ok=1
Cmd: preprocess
  insize=873 outsize=301 ok=1
Cmd: compileSnippet
  api=1 type=0 insize=877 outsize=131 kw= ok=1
Cmd: compileSnippet
  api=1 type=1 insize=877 outsize=182 kw= ok=1
Cmd: preprocess
  insize=5806 outsize=894 ok=1
Cmd: compileSnippet
  api=1 type=0 insize=5079 outsize=291 kw= ok=1
Cmd: compileSnippet
  api=1 type=1 insize=5079 outsize=654 kw= ok=1
Cmd: compileSnippet
  api=1 type=0 insize=5081 outsize=291 kw= ok=1
Cmd: compileSnippet
  api=1 type=1 insize=5081 outsize=431 kw= ok=1
Cmd: compileSnippet
  api=1 type=0 insize=5085 outsize=291 kw= ok=1
Cmd: compileSnippet
  api=1 type=1 insize=5085 outsize=460 kw= ok=1
Cmd: compileSnippet
  api=1 type=0 insize=5094 outsize=131 kw= ok=1
Cmd: compileSnippet
  api=1 type=1 insize=5094 outsize=190 kw= ok=1
Cmd: compileSnippet
  api=1 type=0 insize=5075 outsize=291 kw= ok=1
Cmd: compileSnippet
  api=1 type=1 insize=5075 outsize=654 kw= ok=1
Cmd: preprocess
  insize=5373 outsize=778 ok=1
Cmd: compileSnippet
  api=1 type=0 insize=4746 outsize=131 kw= ok=1
Cmd: compileSnippet
  api=1 type=1 insize=4746 outsize=360 kw= ok=1
Cmd: compileSnippet
  api=1 type=0 insize=4750 outsize=363 kw= ok=1
Cmd: compileSnippet
  api=1 type=1 insize=4750 outsize=372 kw= ok=1
Cmd: compileSnippet
  api=1 type=0 insize=4760 outsize=341 kw= ok=1
Cmd: compileSnippet
  api=1 type=1 insize=4760 outsize=711 kw= ok=1
Cmd: compileSnippet
  api=1 type=0 insize=4755 outsize=341 kw= ok=1
Cmd: compileSnippet
  api=1 type=1 insize=4755 outsize=648 kw= ok=1
Cmd: compileSnippet
  api=1 type=0 insize=4761 outsize=327 kw= ok=1
Cmd: compileSnippet
  api=1 type=1 insize=4761 outsize=681 kw= ok=1
Cmd: preprocess
  insize=555 outsize=363 ok=1
Cmd: compileSnippet
  api=1 type=0 insize=494 outsize=131 kw= ok=1
Cmd: compileSnippet
  api=1 type=1 insize=494 outsize=343 kw= ok=1
Cmd: preprocess
  insize=6723 outsize=952 ok=1
Cmd: compileSnippet
  api=1 type=0 insize=5805 outsize=302 kw= ok=1
Cmd: compileSnippet
  api=1 type=1 insize=5805 outsize=120 kw= ok=1
Cmd: compileSnippet
  api=1 type=0 insize=5804 outsize=302 kw= ok=1
Cmd: compileSnippet
  api=1 type=1 insize=5804 outsize=142 kw= ok=1
Cmd: compileSnippet
  api=1 type=0 insize=5798 outsize=302 kw= ok=1
Cmd: compileSnippet
  api=1 type=1 insize=5798 outsize=2563 kw= ok=1
Cmd: compileSnippet
  api=1 type=0 insize=5797 outsize=302 kw= ok=1
Cmd: compileSnippet
  api=1 type=1 insize=5797 outsize=2605 kw= ok=1
Cmd: compileSnippet
  api=1 type=0 insize=5800 outsize=302 kw= ok=1
Cmd: compileSnippet
  api=1 type=1 insize=5800 outsize=4827 kw= ok=1
Cmd: compileSnippet
  api=1 type=0 insize=5799 outsize=302 kw= ok=1
Cmd: compileSnippet
  api=1 type=1 insize=5799 outsize=4893 kw= ok=1
Cmd: compileSnippet
  api=1 type=0 insize=5801 outsize=302 kw= ok=1
Cmd: compileSnippet
  api=1 type=1 insize=5801 outsize=158 kw= ok=1
Cmd: preprocess
  insize=1057 outsize=1822 ok=1
Cmd: compileSnippet
  api=1 type=0 insize=7452 outsize=681 kw=DIRECTIONAL SHADOWS_OFF LIGHTMAP_OFF DIRLIGHTMAP_OFF DYNAMICLIGHTMAP_OFF ok=1
Cmd: compileSnippet
  api=1 type=1 insize=7452 outsize=672 kw=DIRECTIONAL SHADOWS_OFF LIGHTMAP_OFF DIRLIGHTMAP_OFF DYNAMICLIGHTMAP_OFF ok=1
Cmd: compileSnippet
  api=1 type=0 insize=4015 outsize=339 kw=POINT ok=1
Cmd: compileSnippet
  api=1 type=1 insize=4015 outsize=706 kw=POINT ok=1
Cmd: compileSnippet
  api=1 type=0 insize=3087 outsize=293 kw= ok=1
Cmd: compileSnippet
  api=1 type=1 insize=3087 outsize=106 kw= ok=1
Cmd: compileSnippet
  api=1 type=0 insize=6461 outsize=808 kw=LIGHTMAP_OFF DIRLIGHTMAP_OFF DYNAMICLIGHTMAP_OFF HDR_LIGHT_PREPASS_OFF ok=1
Cmd: compileSnippet
  api=1 type=1 insize=6461 outsize=480 kw=LIGHTMAP_OFF DIRLIGHTMAP_OFF DYNAMICLIGHTMAP_OFF HDR_LIGHT_PREPASS_OFF ok=1
Cmd: compileSnippet
  api=1 type=0 insize=6516 outsize=696 kw=LIGHTMAP_OFF DIRLIGHTMAP_OFF DYNAMICLIGHTMAP_OFF HDR_LIGHT_PREPASS_OFF ok=1
Cmd: compileSnippet
  api=1 type=1 insize=6516 outsize=495 kw=LIGHTMAP_OFF DIRLIGHTMAP_OFF DYNAMICLIGHTMAP_OFF HDR_LIGHT_PREPASS_OFF ok=1
Cmd: compileSnippet
  api=1 type=0 insize=3456 outsize=682 kw= ok=1
Cmd: compileSnippet
  api=1 type=1 insize=3456 outsize=886 kw= ok=1
Cmd: preprocess
  insize=1367 outsize=391 ok=1
Cmd: compileSnippet
  api=1 type=0 insize=1277 outsize=246 kw= ok=1
Cmd: compileSnippet
  api=1 type=1 insize=1277 outsize=185 kw= ok=1
Cmd: preprocess
  insize=33409 outsize=270 ok=1
Cmd: compileSnippet
  api=1 type=0 insize=33441 outsize=157 kw= ok=1
Cmd: compileSnippet
  api=1 type=1 insize=33441 outsize=4046 kw= ok=1
Cmd: preprocess
  insize=5347 outsize=1767 ok=1
Cmd: compileSnippet
  api=1 type=0 insize=3883 outsize=390 kw= ok=1
Cmd: compileSnippet
  api=1 type=1 insize=3883 outsize=2838 kw= ok=1
Cmd: preprocess
  insize=4715 outsize=1591 ok=1
Cmd: compileSnippet
  api=1 type=0 insize=10112 outsize=1672 kw=DIRECTIONAL SHADOWS_OFF LIGHTMAP_OFF DIRLIGHTMAP_OFF DYNAMICLIGHTMAP_OFF ok=1
Cmd: compileSnippet
  api=1 type=1 insize=10112 outsize=649 kw=DIRECTIONAL SHADOWS_OFF LIGHTMAP_OFF DIRLIGHTMAP_OFF DYNAMICLIGHTMAP_OFF ok=1
Cmd: compileSnippet
  api=1 type=0 insize=7615 outsize=1451 kw=POINT ok=1
Cmd: compileSnippet
  api=1 type=1 insize=7615 outsize=779 kw=POINT ok=1
Cmd: compileSnippet
  api=1 type=0 insize=6941 outsize=1391 kw= ok=1
Cmd: compileSnippet
  api=1 type=1 insize=6941 outsize=180 kw= ok=1
Cmd: compileSnippet
  api=1 type=0 insize=9613 outsize=1740 kw=LIGHTMAP_OFF DIRLIGHTMAP_OFF DYNAMICLIGHTMAP_OFF HDR_LIGHT_PREPASS_OFF ok=1
Cmd: compileSnippet
  api=1 type=1 insize=9613 outsize=325 kw=LIGHTMAP_OFF DIRLIGHTMAP_OFF DYNAMICLIGHTMAP_OFF HDR_LIGHT_PREPASS_OFF ok=1
Cmd: compileSnippet
  api=1 type=0 insize=6771 outsize=1943 kw=SHADOWS_DEPTH ok=1
Cmd: compileSnippet
  api=1 type=1 insize=6771 outsize=141 kw=SHADOWS_DEPTH ok=1
Cmd: preprocess
  insize=2379 outsize=1086 ok=1
Cmd: compileSnippet
  api=1 type=0 insize=1592 outsize=169 kw=SOFTPARTICLES_OFF ok=1
Cmd: compileSnippet
  api=1 type=1 insize=1592 outsize=115 kw=SOFTPARTICLES_OFF ok=1
Cmd: preprocess
  insize=6924 outsize=251 ok=1
Cmd: compileSnippet
  api=1 type=0 insize=6975 outsize=281 kw= ok=1
Cmd: compileSnippet
  api=1 type=1 insize=6975 outsize=1675 kw= ok=1
Cmd: preprocess
  insize=4414 outsize=445 ok=1
Cmd: compileSnippet
  api=1 type=0 insize=4239 outsize=399 kw= ok=1
Cmd: compileSnippet
  error: 2 plat 1 at (1): Compiled shader code uses too many instruction slots (112). Max. allowed by the target (ps_2_0) is 96.\nCompiling Fragment program
  error: 2 plat 1 at (76): Too many math instructions for SM2.0 (99 needed, max is 64). Try #pragma target 3.0\nCompiling Fragment program
  api=1 type=1 insize=4239 outsize=0 kw= ok=0
Cmd: preprocess
  insize=1216 outsize=260 ok=1
Cmd: compileSnippet
  api=1 type=0 insize=1258 outsize=178 kw= ok=1
Cmd: compileSnippet
  api=1 type=1 insize=1258 outsize=619 kw= ok=1
Cmd: preprocess
  insize=5149 outsize=1741 ok=1
Cmd: compileSnippet
  api=1 type=0 insize=3712 outsize=390 kw= ok=1
Cmd: compileSnippet
  api=1 type=1 insize=3712 outsize=2838 kw= ok=1
Cmd: preprocess
  insize=4830 outsize=932 ok=1
Cmd: compileSnippet
  api=1 type=0 insize=4100 outsize=258 kw= ok=1
Cmd: compileSnippet
  api=1 type=1 insize=4100 outsize=205 kw= ok=1
Cmd: compileSnippet
  api=1 type=0 insize=4108 outsize=169 kw= ok=1
Cmd: compileSnippet
  api=1 type=1 insize=4108 outsize=416 kw= ok=1
Cmd: compileSnippet
  api=1 type=0 insize=4100 outsize=258 kw= ok=1
Cmd: compileSnippet
  api=1 type=1 insize=4100 outsize=429 kw= ok=1
Cmd: compileSnippet
  api=1 type=0 insize=4102 outsize=258 kw= ok=1
Cmd: compileSnippet
  api=1 type=1 insize=4102 outsize=640 kw= ok=1
Cmd: compileSnippet
  api=1 type=0 insize=4097 outsize=258 kw= ok=1
Cmd: compileSnippet
  api=1 type=1 insize=4097 outsize=143 kw= ok=1
Cmd: preprocess
  insize=11276 outsize=717 ok=1
Cmd: compileSnippet
  api=1 type=0 insize=10591 outsize=131 kw= ok=1
Cmd: compileSnippet
  api=1 type=1 insize=10591 outsize=422 kw= ok=1
Cmd: compileSnippet
  api=1 type=0 insize=10613 outsize=157 kw= ok=1
Cmd: compileSnippet
  api=1 type=1 insize=10613 outsize=2809 kw= ok=1
Cmd: compileSnippet
  api=1 type=0 insize=10612 outsize=157 kw= ok=1
Cmd: compileSnippet
  api=1 type=1 insize=10612 outsize=2850 kw= ok=1
Cmd: preprocess
  insize=5752 outsize=1269 ok=1
Cmd: preprocess
  insize=1373 outsize=404 ok=1
Cmd: compileSnippet
  api=1 type=0 insize=1271 outsize=212 kw= ok=1
Cmd: compileSnippet
  api=1 type=1 insize=1271 outsize=162 kw= ok=1
Cmd: preprocess
  insize=5974 outsize=1284 ok=1
Cmd: preprocess
  insize=770 outsize=305 ok=1
Cmd: compileSnippet
  api=1 type=0 insize=767 outsize=131 kw= ok=1
Cmd: compileSnippet
  api=1 type=1 insize=767 outsize=79 kw= ok=1
Cmd: preprocess
  insize=13814 outsize=2625 ok=1
Cmd: compileSnippet
  api=1 type=0 insize=10228 outsize=131 kw= ok=1
Cmd: compileSnippet
  api=1 type=1 insize=10228 outsize=197 kw= ok=1
Cmd: compileSnippet
  api=1 type=0 insize=10227 outsize=131 kw= ok=1
Cmd: compileSnippet
  api=1 type=1 insize=10227 outsize=383 kw= ok=1
Cmd: compileSnippet
  api=1 type=0 insize=10227 outsize=131 kw= ok=1
Cmd: compileSnippet
  api=1 type=1 insize=10227 outsize=367 kw= ok=1
Cmd: compileSnippet
  api=1 type=0 insize=10209 outsize=131 kw= ok=1
Cmd: compileSnippet
  api=1 type=1 insize=10209 outsize=251 kw= ok=1
Cmd: compileSnippet
  api=1 type=0 insize=10228 outsize=131 kw= ok=1
Cmd: compileSnippet
  api=1 type=1 insize=10228 outsize=267 kw= ok=1
Cmd: compileSnippet
  api=1 type=0 insize=10209 outsize=131 kw= ok=1
Cmd: compileSnippet
  api=1 type=1 insize=10209 outsize=342 kw= ok=1
Cmd: compileSnippet
  api=1 type=0 insize=10254 outsize=208 kw= ok=1
Cmd: compileSnippet
  api=1 type=1 insize=10254 outsize=469 kw= ok=1
Cmd: compileSnippet
  api=1 type=0 insize=10208 outsize=131 kw= ok=1
Cmd: compileSnippet
  api=1 type=1 insize=10208 outsize=58 kw= ok=1
Cmd: compileSnippet
  api=1 type=0 insize=10212 outsize=131 kw= ok=1
Cmd: compileSnippet
  api=1 type=1 insize=10212 outsize=66 kw= ok=1
Cmd: compileSnippet
  api=1 type=0 insize=10234 outsize=457 kw= ok=1
Cmd: compileSnippet
  api=1 type=1 insize=10234 outsize=1155 kw= ok=1
Cmd: compileSnippet
  api=1 type=0 insize=10228 outsize=457 kw= ok=1
Cmd: compileSnippet
  api=1 type=1 insize=10228 outsize=1251 kw= ok=1
Cmd: compileSnippet
  api=1 type=0 insize=10234 outsize=457 kw= ok=1
Cmd: compileSnippet
  api=1 type=1 insize=10234 outsize=1155 kw= ok=1
Cmd: preprocess
  insize=692 outsize=317 ok=1
Cmd: compileSnippet
  api=1 type=0 insize=675 outsize=131 kw= ok=1
Cmd: compileSnippet
  api=1 type=1 insize=675 outsize=391 kw= ok=1
Cmd: preprocess
  insize=1268 outsize=329 ok=1
Cmd: compileSnippet
  api=1 type=0 insize=1244 outsize=258 kw= ok=1
Cmd: compileSnippet
  api=1 type=1 insize=1244 outsize=335 kw= ok=1
Cmd: preprocess
  insize=1685 outsize=352 ok=1
Cmd: compileSnippet
  api=1 type=0 insize=1635 outsize=187 kw= ok=1
Cmd: compileSnippet
  api=1 type=1 insize=1635 outsize=650 kw= ok=1
Cmd: preprocess
  insize=3850 outsize=664 ok=1
Cmd: compileSnippet
  api=1 type=0 insize=3383 outsize=131 kw= ok=1
Cmd: compileSnippet
  api=1 type=1 insize=3383 outsize=255 kw= ok=1
Cmd: compileSnippet
  api=1 type=0 insize=3390 outsize=363 kw= ok=1
Cmd: compileSnippet
  api=1 type=1 insize=3390 outsize=372 kw= ok=1
Cmd: compileSnippet
  api=1 type=0 insize=3399 outsize=331 kw= ok=1
Cmd: compileSnippet
  api=1 type=1 insize=3399 outsize=484 kw= ok=1
Cmd: compileSnippet
  api=1 type=0 insize=3394 outsize=331 kw= ok=1
Cmd: compileSnippet
  api=1 type=1 insize=3394 outsize=648 kw= ok=1
Cmd: preprocess
  insize=3562 outsize=711 ok=1
Cmd: compileSnippet
  api=1 type=0 insize=3087 outsize=131 kw= ok=1
Cmd: compileSnippet
  api=1 type=1 insize=3087 outsize=323 kw= ok=1
Cmd: compileSnippet
  api=1 type=0 insize=3085 outsize=131 kw= ok=1
Cmd: compileSnippet
  api=1 type=1 insize=3085 outsize=317 kw= ok=1
Cmd: compileSnippet
  api=1 type=0 insize=3130 outsize=131 kw= ok=1
Cmd: compileSnippet
  api=1 type=1 insize=3130 outsize=2118 kw= ok=1
Cmd: preprocess
  insize=851 outsize=294 ok=1
Cmd: compileSnippet
  api=1 type=0 insize=862 outsize=131 kw= ok=1
Cmd: compileSnippet
  api=1 type=1 insize=862 outsize=182 kw= ok=1
Cmd: preprocess
  insize=1235 outsize=409 ok=1
Cmd: compileSnippet
  api=1 type=0 insize=1131 outsize=131 kw= ok=1
Cmd: compileSnippet
  api=1 type=1 insize=1131 outsize=595 kw= ok=1
Cmd: preprocess
  insize=721 outsize=317 ok=1
Cmd: compileSnippet
  api=1 type=0 insize=706 outsize=131 kw= ok=1
Cmd: compileSnippet
  api=1 type=1 insize=706 outsize=391 kw= ok=1
Cmd: preprocess
  insize=1331 outsize=291 ok=1
Cmd: compileSnippet
  api=1 type=0 insize=1345 outsize=291 kw= ok=1
Cmd: compileSnippet
  api=1 type=1 insize=1345 outsize=494 kw= ok=1
Cmd: preprocess
  insize=2135 outsize=1002 ok=1
Cmd: compileSnippet
  api=1 type=0 insize=892 outsize=144 kw= ok=1
Cmd: compileSnippet
  api=1 type=1 insize=892 outsize=81 kw= ok=1
Cmd: compileSnippet
  api=1 type=0 insize=846 outsize=144 kw= ok=1
Cmd: compileSnippet
  api=1 type=1 insize=846 outsize=63 kw= ok=1
Cmd: preprocess
  insize=1989 outsize=486 ok=1
Cmd: compileSnippet
  api=1 type=0 insize=1805 outsize=131 kw= ok=1
Cmd: compileSnippet
  api=1 type=1 insize=1805 outsize=595 kw= ok=1
Cmd: preprocess
  insize=920 outsize=1245 ok=1
Cmd: compileSnippet
  api=1 type=0 insize=7186 outsize=681 kw=DIRECTIONAL LIGHTMAP_OFF DIRLIGHTMAP_OFF DYNAMICLIGHTMAP_OFF ok=1
Cmd: compileSnippet
  api=1 type=1 insize=7186 outsize=337 kw=DIRECTIONAL LIGHTMAP_OFF DIRLIGHTMAP_OFF DYNAMICLIGHTMAP_OFF ok=1
Cmd: compileSnippet
  api=1 type=0 insize=3792 outsize=339 kw=POINT ok=1
Cmd: compileSnippet
  api=1 type=1 insize=3792 outsize=418 kw=POINT ok=1
Cmd: compileSnippet
  api=1 type=0 insize=3403 outsize=682 kw= ok=1
Cmd: compileSnippet
  api=1 type=1 insize=3403 outsize=862 kw= ok=1
Cmd: preprocess
  insize=2636 outsize=773 ok=1
Cmd: compileSnippet
  api=1 type=0 insize=1965 outsize=258 kw= ok=1
Cmd: compileSnippet
  api=1 type=1 insize=1965 outsize=201 kw= ok=1
Cmd: compileSnippet
  api=1 type=0 insize=1962 outsize=258 kw= ok=1
Cmd: compileSnippet
  api=1 type=1 insize=1962 outsize=121 kw= ok=1
Cmd: compileSnippet
  api=1 type=0 insize=1975 outsize=252 kw= ok=1
Cmd: compileSnippet
  api=1 type=1 insize=1975 outsize=240 kw= ok=1
Cmd: compileSnippet
  api=1 type=0 insize=1974 outsize=258 kw= ok=1
Cmd: compileSnippet
  api=1 type=1 insize=1974 outsize=105 kw= ok=1
Cmd: preprocess
  insize=1000 outsize=249 ok=1
Cmd: compileSnippet
  api=1 type=0 insize=1053 outsize=264 kw= ok=1
Cmd: compileSnippet
  api=1 type=1 insize=1053 outsize=193 kw= ok=1
Cmd: preprocess
  insize=5316 outsize=740 ok=1
Cmd: preprocess
  insize=1072 outsize=494 ok=1
Cmd: compileSnippet
  api=1 type=0 insize=880 outsize=169 kw= ok=1
Cmd: compileSnippet
  api=1 type=1 insize=880 outsize=137 kw= ok=1
Cmd: preprocess
  insize=1210 outsize=386 ok=1
Cmd: compileSnippet
  api=1 type=0 insize=1129 outsize=169 kw= ok=1
Cmd: compileSnippet
  api=1 type=1 insize=1129 outsize=416 kw= ok=1
Cmd: preprocess
  insize=3098 outsize=2069 ok=1
Cmd: compileSnippet
  api=1 type=0 insize=9961 outsize=1380 kw=DIRECTIONAL SHADOWS_OFF LIGHTMAP_OFF DIRLIGHTMAP_OFF DYNAMICLIGHTMAP_OFF ok=1
Cmd: compileSnippet
  api=1 type=1 insize=9961 outsize=2341 kw=DIRECTIONAL SHADOWS_OFF LIGHTMAP_OFF DIRLIGHTMAP_OFF DYNAMICLIGHTMAP_OFF ok=1
Cmd: compileSnippet
  api=1 type=0 insize=7271 outsize=1228 kw=POINT ok=1
Cmd: compileSnippet
  api=1 type=1 insize=7271 outsize=2340 kw=POINT ok=1
Cmd: compileSnippet
  api=1 type=0 insize=5937 outsize=1035 kw= ok=1
Cmd: compileSnippet
  api=1 type=1 insize=5937 outsize=1463 kw= ok=1
Cmd: compileSnippet
  api=1 type=0 insize=8878 outsize=968 kw=LIGHTMAP_OFF DIRLIGHTMAP_OFF DYNAMICLIGHTMAP_OFF HDR_LIGHT_PREPASS_OFF ok=1
Cmd: compileSnippet
  api=1 type=1 insize=8878 outsize=745 kw=LIGHTMAP_OFF DIRLIGHTMAP_OFF DYNAMICLIGHTMAP_OFF HDR_LIGHT_PREPASS_OFF ok=1
Cmd: compileSnippet
  api=1 type=0 insize=9735 outsize=1380 kw=LIGHTMAP_OFF DIRLIGHTMAP_OFF DYNAMICLIGHTMAP_OFF HDR_LIGHT_PREPASS_OFF ok=1
Cmd: compileSnippet
  api=1 type=1 insize=9735 outsize=2055 kw=LIGHTMAP_OFF DIRLIGHTMAP_OFF DYNAMICLIGHTMAP_OFF HDR_LIGHT_PREPASS_OFF ok=1
Cmd: compileSnippet
  api=1 type=0 insize=6512 outsize=1456 kw= ok=1
Cmd: compileSnippet
  api=1 type=1 insize=6512 outsize=598 kw= ok=1
Cmd: preprocess
  insize=553 outsize=259 ok=1
Cmd: compileSnippet
  api=1 type=0 insize=596 outsize=100 kw= ok=1
Cmd: compileSnippet
  api=1 type=1 insize=596 outsize=58 kw= ok=1
Cmd: preprocess
  insize=698 outsize=312 ok=1
Cmd: compileSnippet
  api=1 type=0 insize=691 outsize=131 kw= ok=1
Cmd: compileSnippet
  api=1 type=1 insize=691 outsize=80 kw= ok=1
Cmd: preprocess
  insize=5240 outsize=920 ok=1
Cmd: compileSnippet
  api=1 type=0 insize=4549 outsize=249 kw= ok=1
Cmd: compileSnippet
  api=1 type=1 insize=4549 outsize=252 kw= ok=1
Cmd: compileSnippet
  api=1 type=0 insize=4553 outsize=271 kw= ok=1
Cmd: compileSnippet
  api=1 type=1 insize=4553 outsize=738 kw= ok=1
Cmd: compileSnippet
  api=1 type=0 insize=4554 outsize=271 kw= ok=1
Cmd: compileSnippet
  api=1 type=1 insize=4554 outsize=738 kw= ok=1
Cmd: compileSnippet
  api=1 type=0 insize=4558 outsize=371 kw= ok=1
Cmd: compileSnippet
  api=1 type=1 insize=4558 outsize=661 kw= ok=1
Cmd: compileSnippet
  api=1 type=0 insize=4559 outsize=381 kw= ok=1
Cmd: compileSnippet
  api=1 type=1 insize=4559 outsize=661 kw= ok=1
Cmd: preprocess
  insize=1727 outsize=682 ok=1
Cmd: compileSnippet
  api=1 type=0 insize=1346 outsize=308 kw= ok=1
Cmd: compileSnippet
  api=1 type=1 insize=1346 outsize=292 kw= ok=1
Cmd: preprocess
  insize=6801 outsize=255 ok=1
Cmd: compileSnippet
  api=1 type=0 insize=6848 outsize=281 kw= ok=1
Cmd: compileSnippet
  api=1 type=1 insize=6848 outsize=1675 kw= ok=1
Cmd: preprocess
  insize=4106 outsize=553 ok=1
Cmd: compileSnippet
  api=1 type=0 insize=3754 outsize=358 kw= ok=1
Cmd: compileSnippet
  api=1 type=1 insize=3754 outsize=897 kw= ok=1
Cmd: compileSnippet
  api=1 type=0 insize=3766 outsize=358 kw= ok=1
Cmd: compileSnippet
  api=1 type=1 insize=3766 outsize=335 kw= ok=1
Cmd: compileSnippet
  api=1 type=0 insize=3757 outsize=358 kw= ok=1
Cmd: compileSnippet
  api=1 type=1 insize=3757 outsize=687 kw= ok=1
Cmd: compileSnippet
  api=1 type=0 insize=541 outsize=832 kw=SHADOWS_DEPTH ok=1
Cmd: compileSnippet
  api=1 type=1 insize=541 outsize=61 kw=SHADOWS_DEPTH ok=1
Cmd: compileSnippet
  api=1 type=0 insize=7271 outsize=1228 kw=DIRECTIONAL ok=1
Cmd: compileSnippet
  api=1 type=1 insize=7271 outsize=2184 kw=DIRECTIONAL ok=1
Cmd: compileSnippet
  api=1 type=0 insize=5424 outsize=1251 kw=DIRECTIONAL ok=1
Cmd: compileSnippet
  api=1 type=1 insize=5424 outsize=543 kw=DIRECTIONAL ok=1
Cmd: compileSnippet
  api=1 type=0 insize=6810 outsize=580 kw=DIRECTIONAL SHADOWS_OFF LIGHTMAP_OFF DIRLIGHTMAP_OFF DYNAMICLIGHTMAP_OFF ok=1
Cmd: compileSnippet
  api=1 type=1 insize=6810 outsize=263 kw=DIRECTIONAL SHADOWS_OFF LIGHTMAP_OFF DIRLIGHTMAP_OFF DYNAMICLIGHTMAP_OFF ok=1
Cmd: compileSnippet
  api=1 type=0 insize=3647 outsize=339 kw=DIRECTIONAL ok=1
Cmd: compileSnippet
  api=1 type=1 insize=3647 outsize=223 kw=DIRECTIONAL ok=1
Cmd: compileSnippet
  api=1 type=0 insize=7523 outsize=1006 kw=DIRECTIONAL SHADOWS_OFF LIGHTMAP_OFF DIRLIGHTMAP_OFF DYNAMICLIGHTMAP_OFF ok=1
Cmd: compileSnippet
  api=1 type=1 insize=7523 outsize=974 kw=DIRECTIONAL SHADOWS_OFF LIGHTMAP_OFF DIRLIGHTMAP_OFF DYNAMICLIGHTMAP_OFF ok=1
Cmd: compileSnippet
  api=1 type=0 insize=4918 outsize=819 kw=DIRECTIONAL ok=1
Cmd: compileSnippet
  api=1 type=1 insize=4918 outsize=834 kw=DIRECTIONAL ok=1
Cmd: compileSnippet
  api=1 type=0 insize=1642 outsize=169 kw=SOFTPARTICLES_OFF ok=1
Cmd: compileSnippet
  api=1 type=1 insize=1642 outsize=115 kw=SOFTPARTICLES_OFF ok=1
Cmd: compileSnippet
  api=1 type=0 insize=1168 outsize=4708 kw=SHADOWS_DEPTH GEOM_TYPE_FROND ok=1
Cmd: compileSnippet
  api=1 type=1 insize=1168 outsize=164 kw=SHADOWS_DEPTH GEOM_TYPE_FROND ok=1
Cmd: compileSnippet
  api=1 type=0 insize=634333 outsize=4992 kw=DIRECTIONAL SHADOWS_OFF LIGHTMAP_OFF DIRLIGHTMAP_OFF DYNAMICLIGHTMAP_OFF EFFECT_BUMP EFFECT_HUE_VARIATION GEOM_TYPE_FROND ok=1
Cmd: compileSnippet
  api=1 type=1 insize=634333 outsize=955 kw=DIRECTIONAL SHADOWS_OFF LIGHTMAP_OFF DIRLIGHTMAP_OFF DYNAMICLIGHTMAP_OFF EFFECT_BUMP EFFECT_HUE_VARIATION GEOM_TYPE_FROND ok=1
Cmd: compileSnippet
  api=1 type=0 insize=408601 outsize=4856 kw=DIRECTIONAL EFFECT_BUMP EFFECT_HUE_VARIATION GEOM_TYPE_FROND ok=1
Cmd: compileSnippet
  api=1 type=1 insize=408601 outsize=813 kw=DIRECTIONAL EFFECT_BUMP EFFECT_HUE_VARIATION GEOM_TYPE_FROND ok=1
Cmd: compileSnippet
  api=1 type=0 insize=751 outsize=814 kw=SHADOWS_DEPTH ok=1
Cmd: compileSnippet
  api=1 type=1 insize=751 outsize=65 kw=SHADOWS_DEPTH ok=1
Cmd: compileSnippet
  api=1 type=0 insize=977 outsize=1026 kw=DIRECTIONAL SHADOWS_OFF LIGHTMAP_OFF DIRLIGHTMAP_OFF DYNAMICLIGHTMAP_OFF _NORMALMAP ok=1
Cmd: compileSnippet
  api=1 type=1 insize=977 outsize=3877 kw=DIRECTIONAL SHADOWS_OFF LIGHTMAP_OFF DIRLIGHTMAP_OFF DYNAMICLIGHTMAP_OFF _NORMALMAP ok=1
Cmd: compileSnippet
  api=1 type=0 insize=934 outsize=808 kw=DIRECTIONAL SHADOWS_OFF _NORMALMAP ok=1
Cmd: compileSnippet
  api=1 type=1 insize=934 outsize=2199 kw=DIRECTIONAL SHADOWS_OFF _NORMALMAP ok=1
Cmd: compileSnippet
  api=1 type=0 insize=751 outsize=879 kw=SHADOWS_DEPTH _ALPHABLEND_ON ok=1
Cmd: compileSnippet
  api=1 type=1 insize=751 outsize=298 kw=SHADOWS_DEPTH _ALPHABLEND_ON ok=1
Cmd: compileSnippet
  api=1 type=0 insize=977 outsize=842 kw=DIRECTIONAL SHADOWS_OFF LIGHTMAP_OFF DIRLIGHTMAP_OFF DYNAMICLIGHTMAP_OFF _ALPHABLEND_ON ok=1
Cmd: compileSnippet
  api=1 type=1 insize=977 outsize=3567 kw=DIRECTIONAL SHADOWS_OFF LIGHTMAP_OFF DIRLIGHTMAP_OFF DYNAMICLIGHTMAP_OFF _ALPHABLEND_ON ok=1
Cmd: compileSnippet
  api=1 type=0 insize=934 outsize=808 kw=DIRECTIONAL SHADOWS_OFF _ALPHABLEND_ON ok=1
Cmd: compileSnippet
  api=1 type=1 insize=934 outsize=1872 kw=DIRECTIONAL SHADOWS_OFF _ALPHABLEND_ON ok=1
Cmd: compileSnippet
  api=1 type=0 insize=1705 outsize=169 kw=SOFTPARTICLES_OFF ok=1
Cmd: compileSnippet
  api=1 type=1 insize=1705 outsize=115 kw=SOFTPARTICLES_OFF ok=1
Cmd: compileSnippet
  api=1 type=0 insize=977 outsize=842 kw=DIRECTIONAL SHADOWS_OFF LIGHTMAP_OFF DIRLIGHTMAP_OFF DYNAMICLIGHTMAP_OFF ok=1
Cmd: compileSnippet
  api=1 type=1 insize=977 outsize=3586 kw=DIRECTIONAL SHADOWS_OFF LIGHTMAP_OFF DIRLIGHTMAP_OFF DYNAMICLIGHTMAP_OFF ok=1
Cmd: compileSnippet
  api=1 type=0 insize=934 outsize=808 kw=DIRECTIONAL SHADOWS_OFF ok=1
Cmd: compileSnippet
  api=1 type=1 insize=934 outsize=1917 kw=DIRECTIONAL SHADOWS_OFF ok=1
Cmd: compileSnippet
  api=1 type=0 insize=1168 outsize=4326 kw=SHADOWS_DEPTH GEOM_TYPE_BRANCH ok=1
Cmd: compileSnippet
  api=1 type=1 insize=1168 outsize=62 kw=SHADOWS_DEPTH GEOM_TYPE_BRANCH ok=1
Cmd: compileSnippet
  api=1 type=0 insize=634333 outsize=4586 kw=DIRECTIONAL SHADOWS_OFF LIGHTMAP_OFF DIRLIGHTMAP_OFF DYNAMICLIGHTMAP_OFF EFFECT_BUMP EFFECT_HUE_VARIATION GEOM_TYPE_BRANCH ok=1
Cmd: compileSnippet
  api=1 type=1 insize=634333 outsize=900 kw=DIRECTIONAL SHADOWS_OFF LIGHTMAP_OFF DIRLIGHTMAP_OFF DYNAMICLIGHTMAP_OFF EFFECT_BUMP EFFECT_HUE_VARIATION GEOM_TYPE_BRANCH ok=1
Cmd: compileSnippet
  api=1 type=0 insize=408601 outsize=4450 kw=DIRECTIONAL EFFECT_BUMP EFFECT_HUE_VARIATION GEOM_TYPE_BRANCH ok=1
Cmd: compileSnippet
  api=1 type=1 insize=408601 outsize=758 kw=DIRECTIONAL EFFECT_BUMP EFFECT_HUE_VARIATION GEOM_TYPE_BRANCH ok=1
Cmd: compileSnippet
  api=1 type=0 insize=6675 outsize=1000 kw=DIRECTIONAL ok=1
Cmd: compileSnippet
  api=1 type=1 insize=6675 outsize=1368 kw=DIRECTIONAL ok=1
Cmd: compileSnippet
  api=1 type=0 insize=577 outsize=832 kw=SHADOWS_DEPTH ok=1
Cmd: compileSnippet
  api=1 type=1 insize=577 outsize=61 kw=SHADOWS_DEPTH ok=1
Cmd: compileSnippet
  api=1 type=0 insize=7080 outsize=906 kw=DIRECTIONAL SHADOWS_OFF LIGHTMAP_OFF DIRLIGHTMAP_OFF DYNAMICLIGHTMAP_OFF ok=1
Cmd: compileSnippet
  api=1 type=1 insize=7080 outsize=523 kw=DIRECTIONAL SHADOWS_OFF LIGHTMAP_OFF DIRLIGHTMAP_OFF DYNAMICLIGHTMAP_OFF ok=1
Cmd: compileSnippet
  api=1 type=0 insize=6331 outsize=690 kw=DIRECTIONAL SHADOWS_OFF LIGHTMAP_OFF DIRLIGHTMAP_OFF DYNAMICLIGHTMAP_OFF ok=1
Cmd: compileSnippet
  api=1 type=1 insize=6331 outsize=781 kw=DIRECTIONAL SHADOWS_OFF LIGHTMAP_OFF DIRLIGHTMAP_OFF DYNAMICLIGHTMAP_OFF ok=1
Cmd: compileSnippet
  api=1 type=0 insize=1168 outsize=7920 kw=SHADOWS_DEPTH GEOM_TYPE_LEAF ok=1
Cmd: compileSnippet
  api=1 type=1 insize=1168 outsize=164 kw=SHADOWS_DEPTH GEOM_TYPE_LEAF ok=1
Cmd: compileSnippet
  api=1 type=0 insize=634333 outsize=8169 kw=DIRECTIONAL SHADOWS_OFF LIGHTMAP_OFF DIRLIGHTMAP_OFF DYNAMICLIGHTMAP_OFF EFFECT_BUMP EFFECT_HUE_VARIATION GEOM_TYPE_LEAF ok=1
Cmd: compileSnippet
  api=1 type=1 insize=634333 outsize=955 kw=DIRECTIONAL SHADOWS_OFF LIGHTMAP_OFF DIRLIGHTMAP_OFF DYNAMICLIGHTMAP_OFF EFFECT_BUMP EFFECT_HUE_VARIATION GEOM_TYPE_LEAF ok=1
Cmd: compileSnippet
  api=1 type=0 insize=408601 outsize=8033 kw=DIRECTIONAL EFFECT_BUMP EFFECT_HUE_VARIATION GEOM_TYPE_LEAF ok=1
Cmd: compileSnippet
  api=1 type=1 insize=408601 outsize=813 kw=DIRECTIONAL EFFECT_BUMP EFFECT_HUE_VARIATION GEOM_TYPE_LEAF ok=1
Cmd: compileSnippet
  api=1 type=0 insize=7025 outsize=580 kw=DIRECTIONAL SHADOWS_OFF LIGHTMAP_OFF DIRLIGHTMAP_OFF DYNAMICLIGHTMAP_OFF ok=1
Cmd: compileSnippet
  api=1 type=1 insize=7025 outsize=555 kw=DIRECTIONAL SHADOWS_OFF LIGHTMAP_OFF DIRLIGHTMAP_OFF DYNAMICLIGHTMAP_OFF ok=1
Cmd: compileSnippet
  api=1 type=0 insize=3820 outsize=339 kw=DIRECTIONAL ok=1
Cmd: compileSnippet
  api=1 type=1 insize=3820 outsize=515 kw=DIRECTIONAL ok=1
Cmd: compileSnippet
  api=1 type=0 insize=990 outsize=144 kw= ok=1
Cmd: compileSnippet
  api=1 type=1 insize=990 outsize=103 kw= ok=1
Cmd: compileSnippet
  api=1 type=0 insize=7269 outsize=615 kw=DIRECTIONAL SHADOWS_OFF LIGHTMAP_OFF DIRLIGHTMAP_OFF DYNAMICLIGHTMAP_OFF ok=1
Cmd: compileSnippet
  api=1 type=1 insize=7269 outsize=652 kw=DIRECTIONAL SHADOWS_OFF LIGHTMAP_OFF DIRLIGHTMAP_OFF DYNAMICLIGHTMAP_OFF ok=1
Cmd: compileSnippet
  api=1 type=0 insize=3907 outsize=339 kw=DIRECTIONAL ok=1
Cmd: compileSnippet
  api=1 type=1 insize=3907 outsize=515 kw=DIRECTIONAL ok=1
Cmd: compileSnippet
  api=1 type=0 insize=751 outsize=814 kw=SHADOWS_DEPTH ok=1
Cmd: compileSnippet
  api=1 type=1 insize=751 outsize=65 kw=SHADOWS_DEPTH ok=1
Cmd: compileSnippet
  api=1 type=0 insize=982 outsize=842 kw=DIRECTIONAL SHADOWS_OFF LIGHTMAP_OFF DIRLIGHTMAP_OFF DYNAMICLIGHTMAP_OFF ok=1
Cmd: compileSnippet
  api=1 type=1 insize=982 outsize=3588 kw=DIRECTIONAL SHADOWS_OFF LIGHTMAP_OFF DIRLIGHTMAP_OFF DYNAMICLIGHTMAP_OFF ok=1
Cmd: compileSnippet
  api=1 type=0 insize=938 outsize=808 kw=DIRECTIONAL SHADOWS_OFF ok=1
Cmd: compileSnippet
  api=1 type=1 insize=938 outsize=1916 kw=DIRECTIONAL SHADOWS_OFF ok=1
Cmd: compileSnippet
  api=1 type=0 insize=6800 outsize=580 kw=DIRECTIONAL SHADOWS_OFF LIGHTMAP_OFF DIRLIGHTMAP_OFF DYNAMICLIGHTMAP_OFF ok=1
Cmd: compileSnippet
  api=1 type=1 insize=6800 outsize=244 kw=DIRECTIONAL SHADOWS_OFF LIGHTMAP_OFF DIRLIGHTMAP_OFF DYNAMICLIGHTMAP_OFF ok=1
Cmd: compileSnippet
  api=1 type=0 insize=7137 outsize=1076 kw=DIRECTIONAL SHADOWS_OFF LIGHTMAP_OFF DIRLIGHTMAP_OFF DYNAMICLIGHTMAP_OFF ok=1
Cmd: compileSnippet
  api=1 type=1 insize=7137 outsize=732 kw=DIRECTIONAL SHADOWS_OFF LIGHTMAP_OFF DIRLIGHTMAP_OFF DYNAMICLIGHTMAP_OFF ok=1
Cmd: compileSnippet
  api=1 type=0 insize=7458 outsize=681 kw=DIRECTIONAL SHADOWS_OFF LIGHTMAP_OFF DIRLIGHTMAP_OFF DYNAMICLIGHTMAP_OFF ok=1
Cmd: compileSnippet
  api=1 type=1 insize=7458 outsize=648 kw=DIRECTIONAL SHADOWS_OFF LIGHTMAP_OFF DIRLIGHTMAP_OFF DYNAMICLIGHTMAP_OFF ok=1
Cmd: compileSnippet
  api=1 type=0 insize=4021 outsize=339 kw=DIRECTIONAL ok=1
Cmd: compileSnippet
  api=1 type=1 insize=4021 outsize=515 kw=DIRECTIONAL ok=1
Cmd: compileSnippet
  api=1 type=0 insize=7257 outsize=941 kw=DIRECTIONAL SHADOWS_OFF LIGHTMAP_OFF DIRLIGHTMAP_OFF DYNAMICLIGHTMAP_OFF ok=1
Cmd: compileSnippet
  api=1 type=1 insize=7257 outsize=579 kw=DIRECTIONAL SHADOWS_OFF LIGHTMAP_OFF DIRLIGHTMAP_OFF DYNAMICLIGHTMAP_OFF ok=1
Cmd: compileSnippet
  api=1 type=0 insize=4694 outsize=725 kw=DIRECTIONAL ok=1
Cmd: compileSnippet
  api=1 type=1 insize=4694 outsize=543 kw=DIRECTIONAL ok=1
Cmd: compileSnippet
  api=1 type=0 insize=797 outsize=878 kw=SHADOWS_DEPTH ok=1
Cmd: compileSnippet
  api=1 type=1 insize=797 outsize=156 kw=SHADOWS_DEPTH ok=1
Cmd: compileSnippet
  api=1 type=0 insize=4755 outsize=725 kw=DIRECTIONAL ok=1
Cmd: compileSnippet
  api=1 type=1 insize=4755 outsize=556 kw=DIRECTIONAL ok=1
Cmd: compileSnippet
  api=1 type=0 insize=1168 outsize=4326 kw=SHADOWS_DEPTH GEOM_TYPE_BRANCH_DETAIL ok=1
Cmd: compileSnippet
  api=1 type=1 insize=1168 outsize=62 kw=SHADOWS_DEPTH GEOM_TYPE_BRANCH_DETAIL ok=1
Cmd: compileSnippet
  api=1 type=0 insize=634333 outsize=4654 kw=DIRECTIONAL SHADOWS_OFF LIGHTMAP_OFF DIRLIGHTMAP_OFF DYNAMICLIGHTMAP_OFF EFFECT_BUMP EFFECT_HUE_VARIATION GEOM_TYPE_BRANCH_DETAIL ok=1
Cmd: compileSnippet
  api=1 type=1 insize=634333 outsize=981 kw=DIRECTIONAL SHADOWS_OFF LIGHTMAP_OFF DIRLIGHTMAP_OFF DYNAMICLIGHTMAP_OFF EFFECT_BUMP EFFECT_HUE_VARIATION GEOM_TYPE_BRANCH_DETAIL ok=1
Cmd: compileSnippet
  api=1 type=0 insize=408601 outsize=4518 kw=DIRECTIONAL EFFECT_BUMP EFFECT_HUE_VARIATION GEOM_TYPE_BRANCH_DETAIL ok=1
Cmd: compileSnippet
  api=1 type=1 insize=408601 outsize=839 kw=DIRECTIONAL EFFECT_BUMP EFFECT_HUE_VARIATION GEOM_TYPE_BRANCH_DETAIL ok=1
Cmd: compileSnippet
  api=1 type=0 insize=7636 outsize=1055 kw=DIRECTIONAL SHADOWS_OFF LIGHTMAP_OFF DIRLIGHTMAP_OFF DYNAMICLIGHTMAP_OFF ok=1
Cmd: compileSnippet
  api=1 type=1 insize=7636 outsize=742 kw=DIRECTIONAL SHADOWS_OFF LIGHTMAP_OFF DIRLIGHTMAP_OFF DYNAMICLIGHTMAP_OFF ok=1
Cmd: compileSnippet
  api=1 type=0 insize=4854 outsize=819 kw=DIRECTIONAL ok=1
Cmd: compileSnippet
  api=1 type=1 insize=4854 outsize=501 kw=DIRECTIONAL ok=1
Cmd: compileSnippet
  api=1 type=0 insize=1207 outsize=480 kw= ok=1
Cmd: compileSnippet
  api=1 type=1 insize=1207 outsize=243 kw= ok=1
Cmd: compileSnippet
  api=1 type=0 insize=3768 outsize=339 kw=DIRECTIONAL ok=1
Cmd: compileSnippet
  api=1 type=1 insize=3768 outsize=204 kw=DIRECTIONAL ok=1
Cmd: compileSnippet
  api=1 type=0 insize=1168 outsize=4326 kw=SHADOWS_DEPTH GEOM_TYPE_BRANCH_BLEND ok=1
Cmd: compileSnippet
  api=1 type=1 insize=1168 outsize=62 kw=SHADOWS_DEPTH GEOM_TYPE_BRANCH_BLEND ok=1
Cmd: compileSnippet
  api=1 type=0 insize=634333 outsize=4675 kw=DIRECTIONAL SHADOWS_OFF LIGHTMAP_OFF DIRLIGHTMAP_OFF DYNAMICLIGHTMAP_OFF EFFECT_BUMP EFFECT_HUE_VARIATION GEOM_TYPE_BRANCH_BLEND ok=1
Cmd: compileSnippet
  api=1 type=1 insize=634333 outsize=994 kw=DIRECTIONAL SHADOWS_OFF LIGHTMAP_OFF DIRLIGHTMAP_OFF DYNAMICLIGHTMAP_OFF EFFECT_BUMP EFFECT_HUE_VARIATION GEOM_TYPE_BRANCH_BLEND ok=1
Cmd: compileSnippet
  api=1 type=0 insize=408601 outsize=4539 kw=DIRECTIONAL EFFECT_BUMP EFFECT_HUE_VARIATION GEOM_TYPE_BRANCH_BLEND ok=1
Cmd: compileSnippet
  api=1 type=1 insize=408601 outsize=852 kw=DIRECTIONAL EFFECT_BUMP EFFECT_HUE_VARIATION GEOM_TYPE_BRANCH_BLEND ok=1
Cmd: compileSnippet
  api=1 type=0 insize=3932 outsize=339 kw=DIRECTIONAL ok=1
Cmd: compileSnippet
  api=1 type=1 insize=3932 outsize=282 kw=DIRECTIONAL ok=1
Cmd: compileSnippet
  api=1 type=0 insize=1329 outsize=495 kw= ok=1
Cmd: compileSnippet
  api=1 type=1 insize=1329 outsize=240 kw= ok=1
Cmd: compileSnippet
  api=1 type=0 insize=1325 outsize=495 kw= ok=1
Cmd: compileSnippet
  api=1 type=1 insize=1325 outsize=240 kw= ok=1
Cmd: compileSnippet
  api=1 type=0 insize=1325 outsize=495 kw= ok=1
Cmd: compileSnippet
  api=1 type=1 insize=1325 outsize=240 kw= ok=1
Cmd: compileSnippet
  api=1 type=0 insize=1329 outsize=495 kw= ok=1
Cmd: compileSnippet
  api=1 type=1 insize=1329 outsize=240 kw= ok=1
Cmd: compileSnippet
  api=1 type=0 insize=1317 outsize=495 kw= ok=1
Cmd: compileSnippet
  api=1 type=1 insize=1317 outsize=240 kw= ok=1
Cmd: compileSnippet
  api=1 type=0 insize=1327 outsize=495 kw= ok=1
Cmd: compileSnippet
  api=1 type=1 insize=1327 outsize=240 kw= ok=1
Cmd: compileSnippet
  api=1 type=0 insize=116005 outsize=2720 kw=DIRECTIONAL SHADOWS_OFF LIGHTMAP_OFF DIRLIGHTMAP_OFF DYNAMICLIGHTMAP_OFF EFFECT_BUMP EFFECT_HUE_VARIATION ok=1
Cmd: compileSnippet
  api=1 type=1 insize=116005 outsize=955 kw=DIRECTIONAL SHADOWS_OFF LIGHTMAP_OFF DIRLIGHTMAP_OFF DYNAMICLIGHTMAP_OFF EFFECT_BUMP EFFECT_HUE_VARIATION ok=1
Cmd: compileSnippet
  api=1 type=0 insize=73109 outsize=2594 kw=DIRECTIONAL EFFECT_BUMP EFFECT_HUE_VARIATION ok=1
Cmd: compileSnippet
  api=1 type=1 insize=73109 outsize=813 kw=DIRECTIONAL EFFECT_BUMP EFFECT_HUE_VARIATION ok=1
Cmd: compileSnippet
  api=1 type=0 insize=1706 outsize=169 kw=SOFTPARTICLES_OFF ok=1
Cmd: compileSnippet
  api=1 type=1 insize=1706 outsize=109 kw=SOFTPARTICLES_OFF ok=1
Cmd: compileSnippet
  api=1 type=0 insize=977 outsize=842 kw=DIRECTIONAL SHADOWS_OFF LIGHTMAP_OFF DIRLIGHTMAP_OFF DYNAMICLIGHTMAP_OFF _EMISSION ok=1
Cmd: compileSnippet
  api=1 type=1 insize=977 outsize=3640 kw=DIRECTIONAL SHADOWS_OFF LIGHTMAP_OFF DIRLIGHTMAP_OFF DYNAMICLIGHTMAP_OFF _EMISSION ok=1
Cmd: compileSnippet
  api=1 type=0 insize=6731 outsize=580 kw=DIRECTIONAL LIGHTMAP_OFF DIRLIGHTMAP_OFF DYNAMICLIGHTMAP_OFF ok=1
Cmd: compileSnippet
  api=1 type=1 insize=6731 outsize=241 kw=DIRECTIONAL LIGHTMAP_OFF DIRLIGHTMAP_OFF DYNAMICLIGHTMAP_OFF ok=1
Cmd: compileSnippet
  api=1 type=0 insize=3569 outsize=339 kw=DIRECTIONAL ok=1
Cmd: compileSnippet
  api=1 type=1 insize=3569 outsize=201 kw=DIRECTIONAL ok=1
Cmd: compileSnippet
  api=1 type=0 insize=7990 outsize=1006 kw=DIRECTIONAL SHADOWS_OFF LIGHTMAP_OFF DIRLIGHTMAP_OFF DYNAMICLIGHTMAP_OFF ok=1
Cmd: compileSnippet
  api=1 type=1 insize=7990 outsize=1146 kw=DIRECTIONAL SHADOWS_OFF LIGHTMAP_OFF DIRLIGHTMAP_OFF DYNAMICLIGHTMAP_OFF ok=1
Cmd: compileSnippet
  api=1 type=0 insize=5181 outsize=819 kw=DIRECTIONAL ok=1
Cmd: compileSnippet
  api=1 type=1 insize=5181 outsize=834 kw=DIRECTIONAL ok=1
Cmd: compileSnippet
  api=1 type=0 insize=1168 outsize=8083 kw=SHADOWS_DEPTH GEOM_TYPE_FACING_LEAF ok=1
Cmd: compileSnippet
  api=1 type=1 insize=1168 outsize=164 kw=SHADOWS_DEPTH GEOM_TYPE_FACING_LEAF ok=1
Cmd: compileSnippet
  api=1 type=0 insize=634333 outsize=8347 kw=DIRECTIONAL SHADOWS_OFF LIGHTMAP_OFF DIRLIGHTMAP_OFF DYNAMICLIGHTMAP_OFF EFFECT_BUMP EFFECT_HUE_VARIATION GEOM_TYPE_FACING_LEAF ok=1
Cmd: compileSnippet
  api=1 type=1 insize=634333 outsize=955 kw=DIRECTIONAL SHADOWS_OFF LIGHTMAP_OFF DIRLIGHTMAP_OFF DYNAMICLIGHTMAP_OFF EFFECT_BUMP EFFECT_HUE_VARIATION GEOM_TYPE_FACING_LEAF ok=1
Cmd: compileSnippet
  api=1 type=0 insize=408601 outsize=8211 kw=DIRECTIONAL EFFECT_BUMP EFFECT_HUE_VARIATION GEOM_TYPE_FACING_LEAF ok=1
Cmd: compileSnippet
  api=1 type=1 insize=408601 outsize=813 kw=DIRECTIONAL EFFECT_BUMP EFFECT_HUE_VARIATION GEOM_TYPE_FACING_LEAF ok=1
Cmd: compileSnippet
  api=1 type=0 insize=3932 outsize=339 kw=DIRECTIONAL ok=1
Cmd: compileSnippet
  api=1 type=1 insize=3932 outsize=515 kw=DIRECTIONAL ok=1
Cmd: compileSnippet
  api=1 type=0 insize=7615 outsize=1451 kw=DIRECTIONAL ok=1
Cmd: compileSnippet
  api=1 type=1 insize=7615 outsize=559 kw=DIRECTIONAL ok=1
Cmd: compileSnippet
  api=1 type=0 insize=966 outsize=169 kw= ok=1
Cmd: compileSnippet
  api=1 type=1 insize=966 outsize=96 kw= ok=1
Cmd: compileSnippet
  api=1 type=0 insize=6862 outsize=580 kw=DIRECTIONAL SHADOWS_OFF LIGHTMAP_OFF DIRLIGHTMAP_OFF DYNAMICLIGHTMAP_OFF ok=1
Cmd: compileSnippet
  api=1 type=1 insize=6862 outsize=296 kw=DIRECTIONAL SHADOWS_OFF LIGHTMAP_OFF DIRLIGHTMAP_OFF DYNAMICLIGHTMAP_OFF ok=1
Cmd: compileSnippet
  api=1 type=0 insize=3686 outsize=339 kw=DIRECTIONAL ok=1
Cmd: compileSnippet
  api=1 type=1 insize=3686 outsize=256 kw=DIRECTIONAL ok=1
Cmd: compileSnippet
  api=1 type=0 insize=1004 outsize=1118 kw=SHADOWS_DEPTH ok=1
Cmd: compileSnippet
  api=1 type=1 insize=1004 outsize=135 kw=SHADOWS_DEPTH ok=1
Cmd: compileSnippet
  api=1 type=0 insize=631 outsize=1985 kw= ok=1
Cmd: compileSnippet
  api=1 type=1 insize=631 outsize=133 kw= ok=1
Cmd: compileSnippet
  api=1 type=0 insize=1738 outsize=169 kw=SOFTPARTICLES_OFF ok=1
Cmd: compileSnippet
  api=1 type=1 insize=1738 outsize=161 kw=SOFTPARTICLES_OFF ok=1
Cmd: compileSnippet
  api=1 type=0 insize=7432 outsize=1006 kw=DIRECTIONAL LIGHTMAP_OFF DIRLIGHTMAP_OFF DYNAMICLIGHTMAP_OFF ok=1
Cmd: compileSnippet
  api=1 type=1 insize=7432 outsize=980 kw=DIRECTIONAL LIGHTMAP_OFF DIRLIGHTMAP_OFF DYNAMICLIGHTMAP_OFF ok=1
Cmd: compileSnippet
  api=1 type=0 insize=4828 outsize=819 kw=DIRECTIONAL ok=1
Cmd: compileSnippet
  api=1 type=1 insize=4828 outsize=825 kw=DIRECTIONAL ok=1
Cmd: compileSnippet
  api=1 type=0 insize=116005 outsize=3562 kw=DIRECTIONAL SHADOWS_OFF LIGHTMAP_OFF DIRLIGHTMAP_OFF DYNAMICLIGHTMAP_OFF EFFECT_BUMP EFFECT_HUE_VARIATION BILLBOARD_FACE_CAMERA_POS ok=1
Cmd: compileSnippet
  api=1 type=1 insize=116005 outsize=955 kw=DIRECTIONAL SHADOWS_OFF LIGHTMAP_OFF DIRLIGHTMAP_OFF DYNAMICLIGHTMAP_OFF EFFECT_BUMP EFFECT_HUE_VARIATION BILLBOARD_FACE_CAMERA_POS ok=1
Cmd: compileSnippet
  api=1 type=0 insize=73109 outsize=3427 kw=DIRECTIONAL EFFECT_BUMP EFFECT_HUE_VARIATION BILLBOARD_FACE_CAMERA_POS ok=1
Cmd: compileSnippet
  api=1 type=1 insize=73109 outsize=813 kw=DIRECTIONAL EFFECT_BUMP EFFECT_HUE_VARIATION BILLBOARD_FACE_CAMERA_POS ok=1
Cmd: compileSnippet
  api=1 type=0 insize=3445 outsize=2237 kw=SHADOWS_DEPTH ok=1
Cmd: compileSnippet
  api=1 type=1 insize=3445 outsize=151 kw=SHADOWS_DEPTH ok=1
Cmd: compileSnippet
  api=1 type=0 insize=3054 outsize=2091 kw=SHADOWS_DEPTH ok=1
Cmd: compileSnippet
  api=1 type=1 insize=3054 outsize=151 kw=SHADOWS_DEPTH ok=1
Cmd: compileSnippet
  api=1 type=0 insize=70500 outsize=1316 kw=DIRECTIONAL SHADOWS_SCREEN LIGHTMAP_OFF DIRLIGHTMAP_OFF DYNAMICLIGHTMAP_OFF _TERRAIN_NORMAL_MAP ok=1
Cmd: compileSnippet
  api=1 type=1 insize=70500 outsize=4555 kw=DIRECTIONAL SHADOWS_SCREEN LIGHTMAP_OFF DIRLIGHTMAP_OFF DYNAMICLIGHTMAP_OFF _TERRAIN_NORMAL_MAP ok=1
Cmd: compileSnippet
  api=1 type=0 insize=70500 outsize=1167 kw=DIRECTIONAL SHADOWS_OFF LIGHTMAP_OFF DIRLIGHTMAP_OFF DYNAMICLIGHTMAP_OFF _TERRAIN_NORMAL_MAP ok=1
Cmd: compileSnippet
  api=1 type=1 insize=70500 outsize=4466 kw=DIRECTIONAL SHADOWS_OFF LIGHTMAP_OFF DIRLIGHTMAP_OFF DYNAMICLIGHTMAP_OFF _TERRAIN_NORMAL_MAP ok=1
Cmd: compileSnippet
  api=1 type=0 insize=70500 outsize=1707 kw=DIRECTIONAL SHADOWS_OFF LIGHTMAP_OFF DIRLIGHTMAP_OFF DYNAMICLIGHTMAP_OFF VERTEXLIGHT_ON _TERRAIN_NORMAL_MAP ok=1
Cmd: compileSnippet
  api=1 type=0 insize=46630 outsize=1149 kw=DIRECTIONAL SHADOWS_SCREEN _TERRAIN_NORMAL_MAP ok=1
Cmd: compileSnippet
  api=1 type=1 insize=46630 outsize=2925 kw=DIRECTIONAL SHADOWS_SCREEN _TERRAIN_NORMAL_MAP ok=1
Cmd: compileSnippet
  api=1 type=0 insize=46630 outsize=1000 kw=DIRECTIONAL SHADOWS_OFF _TERRAIN_NORMAL_MAP ok=1
Cmd: compileSnippet
  api=1 type=1 insize=46630 outsize=2879 kw=DIRECTIONAL SHADOWS_OFF _TERRAIN_NORMAL_MAP ok=1
Cmd: compileSnippet
  api=1 type=0 insize=7250 outsize=606 kw=DIRECTIONAL SHADOWS_OFF LIGHTMAP_OFF DIRLIGHTMAP_OFF DYNAMICLIGHTMAP_OFF ok=1
Cmd: compileSnippet
  api=1 type=1 insize=7250 outsize=3395 kw=DIRECTIONAL SHADOWS_OFF LIGHTMAP_OFF DIRLIGHTMAP_OFF DYNAMICLIGHTMAP_OFF ok=1
Cmd: compileSnippet
  api=1 type=0 insize=4059 outsize=403 kw=DIRECTIONAL SHADOWS_OFF ok=1
Cmd: compileSnippet
  api=1 type=1 insize=4059 outsize=1794 kw=DIRECTIONAL SHADOWS_OFF ok=1
Cmd: compileSnippet
  api=1 type=0 insize=7250 outsize=1115 kw=DIRECTIONAL SHADOWS_OFF LIGHTMAP_OFF DIRLIGHTMAP_OFF DYNAMICLIGHTMAP_OFF VERTEXLIGHT_ON ok=1
Cmd: compileSnippet
  api=1 type=0 insize=70500 outsize=1856 kw=DIRECTIONAL SHADOWS_SCREEN LIGHTMAP_OFF DIRLIGHTMAP_OFF DYNAMICLIGHTMAP_OFF VERTEXLIGHT_ON _TERRAIN_NORMAL_MAP ok=1
Cmd: compileSnippet
  api=1 type=0 insize=982 outsize=1485 kw=DIRECTIONAL SHADOWS_SCREEN LIGHTMAP_OFF DIRLIGHTMAP_OFF DYNAMICLIGHTMAP_OFF VERTEXLIGHT_ON ok=1
Cmd: compileSnippet
  api=1 type=1 insize=982 outsize=3686 kw=DIRECTIONAL SHADOWS_SCREEN LIGHTMAP_OFF DIRLIGHTMAP_OFF DYNAMICLIGHTMAP_OFF ok=1
Cmd: compileSnippet
  api=1 type=0 insize=938 outsize=977 kw=DIRECTIONAL SHADOWS_SCREEN ok=1
Cmd: compileSnippet
  api=1 type=1 insize=938 outsize=1982 kw=DIRECTIONAL SHADOWS_SCREEN ok=1
Cmd: compileSnippet
  api=1 type=0 insize=7636 outsize=1744 kw=DIRECTIONAL SHADOWS_SCREEN LIGHTMAP_OFF DIRLIGHTMAP_OFF DYNAMICLIGHTMAP_OFF VERTEXLIGHT_ON ok=1
Cmd: compileSnippet
  api=1 type=1 insize=7636 outsize=814 kw=DIRECTIONAL SHADOWS_SCREEN LIGHTMAP_OFF DIRLIGHTMAP_OFF DYNAMICLIGHTMAP_OFF ok=1
Cmd: compileSnippet
  api=1 type=0 insize=6810 outsize=1215 kw=DIRECTIONAL SHADOWS_SCREEN LIGHTMAP_OFF DIRLIGHTMAP_OFF DYNAMICLIGHTMAP_OFF VERTEXLIGHT_ON ok=1
Cmd: compileSnippet
  api=1 type=1 insize=6810 outsize=328 kw=DIRECTIONAL SHADOWS_SCREEN LIGHTMAP_OFF DIRLIGHTMAP_OFF DYNAMICLIGHTMAP_OFF ok=1
Cmd: compileSnippet
  api=1 type=0 insize=982 outsize=991 kw=DIRECTIONAL SHADOWS_SCREEN LIGHTMAP_OFF DIRLIGHTMAP_OFF DYNAMICLIGHTMAP_OFF ok=1
Cmd: compileSnippet
  api=1 type=0 insize=982 outsize=1336 kw=DIRECTIONAL SHADOWS_OFF LIGHTMAP_OFF DIRLIGHTMAP_OFF DYNAMICLIGHTMAP_OFF VERTEXLIGHT_ON ok=1
