14:22:34: Creating resource group General
14:22:34: Creating resource group Internal
14:22:34: Creating resource group Autodetect
14:22:34: SceneManagerFactory for type 'DefaultSceneManager' registered.
14:22:34: Registering ResourceManager for type Material
14:22:34: Registering ResourceManager for type Mesh
14:22:34: Registering ResourceManager for type Skeleton
14:22:34: MovableObjectFactory for type 'ParticleSystem' registered.
14:22:34: ArchiveFactory for archive type FileSystem registered.
14:22:34: ArchiveFactory for archive type Zip registered.
14:22:34: ArchiveFactory for archive type EmbeddedZip registered.
14:22:34: DDS codec registering
14:22:34: FreeImage version: 3.13.1
14:22:34: This program uses FreeImage, a free, open source image library supporting all common bitmap formats. See http://freeimage.sourceforge.net for details
14:22:34: Supported formats: bmp,ico,jpg,jif,jpeg,jpe,jng,koa,iff,lbm,mng,pbm,pbm,pcd,pcx,pgm,pgm,png,ppm,ppm,ras,tga,targa,tif,tiff,wap,wbmp,wbm,psd,cut,xbm,xpm,gif,hdr,g3,sgi,exr,j2k,j2c,jp2,pfm,pct,pict,pic,bay,bmq,cr2,crw,cs1,dc2,dcr,dng,erf,fff,hdr,k25,kdc,mdc,mos,mrw,nef,orf,pef,pxn,raf,raw,rdc,sr2,srf,arw,3fr,cine,ia,kc2,mef,nrw,qtk,rw2,sti,drf,dsc,ptx,cap,iiq,rwz
14:22:34: Registering ResourceManager for type HighLevelGpuProgram
14:22:34: Registering ResourceManager for type Compositor
14:22:34: MovableObjectFactory for type 'Entity' registered.
14:22:34: MovableObjectFactory for type 'Light' registered.
14:22:34: MovableObjectFactory for type 'BillboardSet' registered.
14:22:34: MovableObjectFactory for type 'ManualObject' registered.
14:22:34: MovableObjectFactory for type 'BillboardChain' registered.
14:22:34: MovableObjectFactory for type 'RibbonTrail' registered.
14:22:34: Loading library .\RenderSystem_GL
14:22:34: Installing plugin: GL RenderSystem
14:22:34: OpenGL Rendering Subsystem created.
14:22:34: Plugin successfully installed
14:22:34: Loading library .\Plugin_Spacescape
14:22:34: Installing plugin: Spacescape
14:22:34: Plugin successfully installed
14:22:34: *-*-* OGRE Initialising
14:22:34: *-*-* Version 1.10.0unstable (Xalafu)
14:22:34: CPU Identifier & Features
14:22:34: -------------------------
14:22:34:  *   CPU ID: GenuineIntel: Intel(R) Core(TM) i7-2720QM CPU @ 2.20GHz
14:22:34:  *      SSE: yes
14:22:34:  *     SSE2: yes
14:22:34:  *     SSE3: yes
14:22:34:  *      MMX: yes
14:22:34:  *   MMXEXT: yes
14:22:34:  *    3DNOW: no
14:22:34:  * 3DNOWEXT: no
14:22:34:  *     CMOV: yes
14:22:34:  *      TSC: yes
14:22:34:  *      FPU: yes
14:22:34:  *      PRO: yes
14:22:34:  *       HT: no
14:22:34: -------------------------
14:22:34: *** Starting Win32GL Subsystem ***
14:22:34: Registering ResourceManager for type Texture
14:22:34: GLRenderSystem::_createRenderWindow "View20245128", 570x479 windowed  miscParams: externalWindowHandle=525330 
14:22:34: GL_VERSION = 4.4.12874 Compatibility Profile Context 14.100.0.0
14:22:34: GL_VENDOR = ATI Technologies Inc.
14:22:34: GL_RENDERER = AMD Radeon HD 7400M Series
14:22:34: GL_EXTENSIONS = GL_AMDX_debug_output GL_AMDX_vertex_shader_tessellator GL_AMD_conservative_depth GL_AMD_debug_output GL_AMD_depth_clamp_separate GL_AMD_draw_buffers_blend GL_AMD_multi_draw_indirect GL_AMD_name_gen_delete GL_AMD_performance_monitor GL_AMD_pinned_memory GL_AMD_query_buffer_object GL_AMD_sample_positions GL_AMD_seamless_cubemap_per_texture GL_AMD_shader_stencil_export GL_AMD_shader_trace GL_AMD_texture_cube_map_array GL_AMD_texture_texture4 GL_AMD_transform_feedback3_lines_triangles GL_AMD_vertex_shader_layer GL_AMD_vertex_shader_tessellator GL_AMD_vertex_shader_viewport_index GL_ARB_ES2_compatibility GL_ARB_ES3_compatibility GL_ARB_arrays_of_arrays GL_ARB_base_instance GL_ARB_blend_func_extended GL_ARB_buffer_storage GL_ARB_clear_buffer_object GL_ARB_clear_texture GL_ARB_color_buffer_float GL_ARB_compatibility GL_ARB_compressed_texture_pixel_storage GL_ARB_compute_shader GL_ARB_conservative_depth GL_ARB_copy_buffer GL_ARB_copy_image GL_ARB_debug_output GL_ARB_depth_buffer_float GL_ARB_depth_clamp GL_ARB_depth_texture GL_ARB_draw_buffers GL_ARB_draw_buffers_blend GL_ARB_draw_elements_base_vertex GL_ARB_draw_indirect GL_ARB_draw_instanced GL_ARB_enhanced_layouts GL_ARB_explicit_attrib_location GL_ARB_explicit_uniform_location GL_ARB_fragment_coord_conventions GL_ARB_fragment_layer_viewport GL_ARB_fragment_program GL_ARB_fragment_program_shadow GL_ARB_fragment_shader GL_ARB_framebuffer_no_attachments GL_ARB_framebuffer_object GL_ARB_framebuffer_sRGB GL_ARB_geometry_shader4 GL_ARB_get_program_binary GL_ARB_gpu_shader5 GL_ARB_gpu_shader_fp64 GL_ARB_half_float_pixel GL_ARB_half_float_vertex GL_ARB_imaging GL_ARB_instanced_arrays GL_ARB_internalformat_query GL_ARB_internalformat_query2 GL_ARB_invalidate_subdata GL_ARB_map_buffer_alignment GL_ARB_map_buffer_range GL_ARB_multi_bind GL_ARB_multi_draw_indirect GL_ARB_multisample GL_ARB_multitexture GL_ARB_occlusion_query GL_ARB_occlusion_query2 GL_ARB_pixel_buffer_object GL_ARB_point_parameters GL_ARB_point_sprite GL_ARB_program_interface_query GL_ARB_provoking_vertex GL_ARB_query_buffer_object GL_ARB_sample_shading GL_ARB_sampler_objects GL_ARB_seamless_cube_map GL_ARB_seamless_cubemap_per_texture GL_ARB_separate_shader_objects GL_ARB_shader_atomic_counters GL_ARB_shader_bit_encoding GL_ARB_shader_image_load_store GL_ARB_shader_image_size GL_ARB_shader_objects GL_ARB_shader_precision GL_ARB_shader_stencil_export GL_ARB_shader_storage_buffer_object GL_ARB_shader_subroutine GL_ARB_shader_texture_lod GL_ARB_shading_language_100 GL_ARB_shading_language_420pack GL_ARB_shading_language_packing GL_ARB_shadow GL_ARB_shadow_ambient GL_ARB_stencil_texturing GL_ARB_sync GL_ARB_tessellation_shader GL_ARB_texture_border_clamp GL_ARB_texture_buffer_object GL_ARB_texture_buffer_object_rgb32 GL_ARB_texture_buffer_range GL_ARB_texture_compression GL_ARB_texture_compression_bptc GL_ARB_texture_compression_rgtc GL_ARB_texture_cube_map GL_ARB_texture_cube_map_array GL_ARB_texture_env_add GL_ARB_texture_env_combine GL_ARB_texture_env_crossbar GL_ARB_texture_env_dot3 GL_ARB_texture_float GL_ARB_texture_gather GL_ARB_texture_mirror_clamp_to_edge GL_ARB_texture_mirrored_repeat GL_ARB_texture_multisample GL_ARB_texture_non_power_of_two GL_ARB_texture_query_levels GL_ARB_texture_query_lod GL_ARB_texture_rectangle GL_ARB_texture_rg GL_ARB_texture_rgb10_a2ui GL_ARB_texture_snorm GL_ARB_texture_stencil8 GL_ARB_texture_storage GL_ARB_texture_storage_multisample GL_ARB_texture_swizzle GL_ARB_texture_view GL_ARB_timer_query GL_ARB_transform_feedback2 GL_ARB_transform_feedback3 GL_ARB_transform_feedback_instanced GL_ARB_transpose_matrix GL_ARB_uniform_buffer_object GL_ARB_vertex_array_bgra GL_ARB_vertex_array_object GL_ARB_vertex_attrib_64bit GL_ARB_vertex_attrib_binding GL_ARB_vertex_buffer_object GL_ARB_vertex_program GL_ARB_vertex_shader GL_ARB_vertex_type_10f_11f_11f_rev GL_ARB_vertex_type_2_10_10_10_rev GL_ARB_viewport_array GL_ARB_window_pos GL_ATI_draw_buffers GL_ATI_envmap_bumpmap GL_ATI_fragment_shader GL_ATI_separate_stencil GL_ATI_texture_compression_3dc GL_ATI_texture_env_combine3 GL_ATI_texture_float GL_ATI_texture_mirror_once GL_EXT_abgr GL_EXT_bgra GL_EXT_bindable_uniform GL_EXT_blend_color GL_EXT_blend_equation_separate GL_EXT_blend_func_separate GL_EXT_blend_minmax GL_EXT_blend_subtract GL_EXT_compiled_vertex_array GL_EXT_copy_buffer GL_EXT_copy_texture GL_EXT_direct_state_access GL_EXT_draw_buffers2 GL_EXT_draw_instanced GL_EXT_draw_range_elements GL_EXT_fog_coord GL_EXT_framebuffer_blit GL_EXT_framebuffer_multisample GL_EXT_framebuffer_object GL_EXT_framebuffer_sRGB GL_EXT_geometry_shader4 GL_EXT_gpu_program_parameters GL_EXT_gpu_shader4 GL_EXT_histogram GL_EXT_multi_draw_arrays GL_EXT_packed_depth_stencil GL_EXT_packed_float GL_EXT_packed_pixels GL_EXT_pixel_buffer_object GL_EXT_point_parameters GL_EXT_provoking_vertex GL_EXT_rescale_normal GL_EXT_secondary_color GL_EXT_separate_specular_color GL_EXT_shader_image_load_store GL_EXT_shader_integer_mix GL_EXT_shadow_funcs GL_EXT_stencil_wrap GL_EXT_subtexture GL_EXT_texgen_reflection GL_EXT_texture3D GL_EXT_texture_array GL_EXT_texture_buffer_object GL_EXT_texture_compression_bptc GL_EXT_texture_compression_latc GL_EXT_texture_compression_rgtc GL_EXT_texture_compression_s3tc GL_EXT_texture_cube_map GL_EXT_texture_edge_clamp GL_EXT_texture_env_add GL_EXT_texture_env_combine GL_EXT_texture_env_dot3 GL_EXT_texture_filter_anisotropic GL_EXT_texture_integer GL_EXT_texture_lod GL_EXT_texture_lod_bias GL_EXT_texture_mirror_clamp GL_EXT_texture_object GL_EXT_texture_rectangle GL_EXT_texture_sRGB GL_EXT_texture_sRGB_decode GL_EXT_texture_shared_exponent GL_EXT_texture_snorm GL_EXT_texture_storage GL_EXT_texture_swizzle GL_EXT_timer_query GL_EXT_transform_feedback GL_EXT_vertex_array GL_EXT_vertex_array_bgra GL_EXT_vertex_attrib_64bit GL_IBM_texture_mirrored_repeat GL_KHR_debug GL_KTX_buffer_region GL_NV_blend_square GL_NV_conditional_render GL_NV_copy_depth_to_color GL_NV_copy_image GL_NV_depth_buffer_float GL_NV_explicit_multisample GL_NV_float_buffer GL_NV_half_float GL_NV_primitive_restart GL_NV_texgen_reflection GL_NV_texture_barrier GL_SGIS_generate_mipmap GL_SGIS_texture_edge_clamp GL_SGIS_texture_lod GL_SUN_multi_draw_arrays GL_WIN_swap_hint WGL_EXT_swap_control
14:22:34: Supported WGL extensions: WGL_ARB_extensions_string WGL_ARB_pixel_format WGL_ATI_pixel_format_float WGL_ARB_pixel_format_float WGL_ARB_multisample WGL_EXT_swap_control WGL_EXT_swap_control_tear WGL_ARB_pbuffer WGL_ARB_render_texture WGL_ARB_make_current_read WGL_EXT_extensions_string WGL_ARB_buffer_region WGL_EXT_framebuffer_sRGB WGL_ATI_render_texture_rectangle WGL_EXT_pixel_format_packed_float WGL_I3D_genlock WGL_NV_swap_group WGL_ARB_create_context WGL_AMD_gpu_association WGL_AMDX_gpu_association WGL_ARB_create_context_profile WGL_NV_DX_interop WGL_NV_DX_interop2 WGL_NV_float_buffer
14:22:34: ***************************
14:22:34: *** GL Renderer Started ***
14:22:34: ***************************
14:22:34: Registering ResourceManager for type GpuProgram
14:22:34: GLSL support detected
14:22:34: GL: Using GL_EXT_framebuffer_object for rendering to textures (best)
14:22:34: FBO PF_UNKNOWN depth/stencil support: D0S1 D0S4 D0S8 D0S16 D16S0 D24S0 D32S0 Packed-D24S8 
14:22:34: FBO PF_L8 depth/stencil support: D0S0 D0S1 D0S4 D0S8 D0S16 D16S0 D24S0 D32S0 Packed-D24S8 
14:22:34: FBO PF_L16 depth/stencil support: D0S0 D0S1 D0S4 D0S8 D0S16 D16S0 D24S0 D32S0 Packed-D24S8 
14:22:34: FBO PF_A8 depth/stencil support: D0S0 D0S1 D0S4 D0S8 D0S16 D16S0 D24S0 D32S0 Packed-D24S8 
14:22:34: FBO PF_A4L4 depth/stencil support: D0S0 D0S1 D0S4 D0S8 D0S16 D16S0 D24S0 D32S0 Packed-D24S8 
14:22:34: FBO PF_BYTE_LA depth/stencil support: D0S0 D0S1 D0S4 D0S8 D0S16 D16S0 D24S0 D32S0 Packed-D24S8 
14:22:34: FBO PF_R5G6B5 depth/stencil support: D0S0 D0S1 D0S4 D0S8 D0S16 D16S0 D24S0 D32S0 Packed-D24S8 
14:22:34: FBO PF_B5G6R5 depth/stencil support: D0S0 D0S1 D0S4 D0S8 D0S16 D16S0 D24S0 D32S0 Packed-D24S8 
14:22:34: FBO PF_A4R4G4B4 depth/stencil support: D0S0 D0S1 D0S4 D0S8 D0S16 D16S0 D24S0 D32S0 Packed-D24S8 
14:22:34: FBO PF_A1R5G5B5 depth/stencil support: D0S0 D0S1 D0S4 D0S8 D0S16 D16S0 D24S0 D32S0 Packed-D24S8 
14:22:34: FBO PF_R8G8B8 depth/stencil support: D0S0 D0S1 D0S4 D0S8 D0S16 D16S0 D24S0 D32S0 Packed-D24S8 
14:22:34: FBO PF_B8G8R8 depth/stencil support: D0S0 D0S1 D0S4 D0S8 D0S16 D16S0 D24S0 D32S0 Packed-D24S8 
14:22:34: FBO PF_A8R8G8B8 depth/stencil support: D0S0 D0S1 D0S4 D0S8 D0S16 D16S0 D24S0 D32S0 Packed-D24S8 
14:22:34: FBO PF_B8G8R8A8 depth/stencil support: D0S0 D0S1 D0S4 D0S8 D0S16 D16S0 D24S0 D32S0 Packed-D24S8 
14:22:34: FBO PF_A2R10G10B10 depth/stencil support: D0S0 D0S1 D0S4 D0S8 D0S16 D16S0 D24S0 D32S0 Packed-D24S8 
14:22:34: FBO PF_A2B10G10R10 depth/stencil support: D0S0 D0S1 D0S4 D0S8 D0S16 D16S0 D24S0 D32S0 Packed-D24S8 
14:22:34: FBO PF_FLOAT16_RGB depth/stencil support: D0S0 D0S1 D0S4 D0S8 D0S16 D16S0 D24S0 D32S0 Packed-D24S8 
14:22:34: FBO PF_FLOAT16_RGBA depth/stencil support: D0S0 D0S1 D0S4 D0S8 D0S16 D16S0 D24S0 D32S0 Packed-D24S8 
14:22:34: FBO PF_FLOAT32_RGB depth/stencil support: D0S0 D0S1 D0S4 D0S8 D0S16 D16S0 D24S0 D32S0 Packed-D24S8 
14:22:34: FBO PF_FLOAT32_RGBA depth/stencil support: D0S0 D0S1 D0S4 D0S8 D0S16 D16S0 D24S0 D32S0 Packed-D24S8 
14:22:34: FBO PF_X8R8G8B8 depth/stencil support: D0S0 D0S1 D0S4 D0S8 D0S16 D16S0 D24S0 D32S0 Packed-D24S8 
14:22:34: FBO PF_X8B8G8R8 depth/stencil support: D0S0 D0S1 D0S4 D0S8 D0S16 D16S0 D24S0 D32S0 Packed-D24S8 
14:22:34: FBO PF_SHORT_RGBA depth/stencil support: D0S0 D0S1 D0S4 D0S8 D0S16 D16S0 D24S0 D32S0 Packed-D24S8 
14:22:34: FBO PF_R3G3B2 depth/stencil support: D0S0 D0S1 D0S4 D0S8 D0S16 D16S0 D24S0 D32S0 Packed-D24S8 
14:22:34: FBO PF_FLOAT16_R depth/stencil support: D0S0 D0S1 D0S4 D0S8 D0S16 D16S0 D24S0 D32S0 Packed-D24S8 
14:22:34: FBO PF_FLOAT32_R depth/stencil support: D0S0 D0S1 D0S4 D0S8 D0S16 D16S0 D24S0 D32S0 Packed-D24S8 
14:22:34: FBO PF_SHORT_GR depth/stencil support: D0S0 D0S1 D0S4 D0S8 D0S16 D16S0 D24S0 D32S0 Packed-D24S8 
14:22:35: FBO PF_FLOAT16_GR depth/stencil support: D0S0 D0S1 D0S4 D0S8 D0S16 D16S0 D24S0 D32S0 Packed-D24S8 
14:22:35: FBO PF_FLOAT32_GR depth/stencil support: D0S0 D0S1 D0S4 D0S8 D0S16 D16S0 D24S0 D32S0 Packed-D24S8 
14:22:35: FBO PF_SHORT_RGB depth/stencil support: D0S0 D0S1 D0S4 D0S8 D0S16 D16S0 D24S0 D32S0 Packed-D24S8 
14:22:35: [GL] : Valid FBO targets PF_UNKNOWN PF_L8 PF_L16 PF_A8 PF_A4L4 PF_BYTE_LA PF_R5G6B5 PF_B5G6R5 PF_A4R4G4B4 PF_A1R5G5B5 PF_R8G8B8 PF_B8G8R8 PF_A8R8G8B8 PF_B8G8R8A8 PF_A2R10G10B10 PF_A2B10G10R10 PF_FLOAT16_RGB PF_FLOAT16_RGBA PF_FLOAT32_RGB PF_FLOAT32_RGBA PF_X8R8G8B8 PF_X8B8G8R8 PF_SHORT_RGBA PF_R3G3B2 PF_FLOAT16_R PF_FLOAT32_R PF_SHORT_GR PF_FLOAT16_GR PF_FLOAT32_GR PF_SHORT_RGB 
14:22:35: RenderSystem capabilities
14:22:35: -------------------------
14:22:35: RenderSystem Name: OpenGL Rendering Subsystem
14:22:35: GPU Vendor: amd
14:22:35: Device Name: AMD Radeon HD 7400M Series
14:22:35: Driver Version: 4.4.12874.0
14:22:35:  * Fixed function pipeline: yes
14:22:35:  * Hardware generation of mipmaps: yes
14:22:35:  * Texture blending: yes
14:22:35:  * Anisotropic texture filtering: yes
14:22:35:  * Dot product texture operation: yes
14:22:35:  * Cube mapping: yes
14:22:35:  * Hardware stencil buffer: yes
14:22:35:    - Stencil depth: 8
14:22:35:    - Two sided stencil support: yes
14:22:35:    - Wrap stencil values: yes
14:22:35:  * Hardware vertex / index buffers: yes
14:22:35:  * 32-bit index buffers: yes
14:22:35:  * Vertex programs: yes
14:22:35:  * Number of floating-point constants for vertex programs: 256
14:22:35:  * Number of integer constants for vertex programs: 0
14:22:35:  * Number of boolean constants for vertex programs: 0
14:22:35:  * Fragment programs: yes
14:22:35:  * Number of floating-point constants for fragment programs: 256
14:22:35:  * Number of integer constants for fragment programs: 0
14:22:35:  * Number of boolean constants for fragment programs: 0
14:22:35:  * Geometry programs: yes
14:22:35:  * Number of floating-point constants for geometry programs: 16384
14:22:35:  * Number of integer constants for geometry programs: 0
14:22:35:  * Number of boolean constants for geometry programs: 0
14:22:35:  * Tessellation Hull programs: no
14:22:35:  * Number of floating-point constants for tessellation hull programs: 0
14:22:35:  * Number of integer constants for tessellation hull programs: 0
14:22:35:  * Number of boolean constants for tessellation hull programs: 0
14:22:35:  * Tessellation Domain programs: no
14:22:35:  * Number of floating-point constants for tessellation domain programs: 0
14:22:35:  * Number of integer constants for tessellation domain programs: 0
14:22:35:  * Number of boolean constants for tessellation domain programs: 0
14:22:35:  * Compute programs: no
14:22:35:  * Number of floating-point constants for compute programs: 0
14:22:35:  * Number of integer constants for compute programs: 0
14:22:35:  * Number of boolean constants for compute programs: 0
14:22:35:  * Supported Shader Profiles: arbfp1 arbvp1 glsl glsl100 glsl110 glsl120 gp4gp gpu_gp nvgp4 ps_1_1 ps_1_2 ps_1_3 ps_1_4
14:22:35:  * Texture Compression: yes
14:22:35:    - DXT: yes
14:22:35:    - VTC: no
14:22:35:    - PVRTC: no
14:22:35:    - ATC: no
14:22:35:    - ETC1: no
14:22:35:    - ETC2: no
14:22:35:    - BC4/BC5: no
14:22:35:    - BC6H/BC7: no
14:22:35:  * Scissor Rectangle: yes
14:22:35:  * Hardware Occlusion Query: yes
14:22:35:  * User clip planes: yes
14:22:35:  * VET_UBYTE4 vertex element type: yes
14:22:35:  * Infinite far plane projection: yes
14:22:35:  * Hardware render-to-texture: yes
14:22:35:  * Floating point textures: yes
14:22:35:  * Non-power-of-two textures: yes
14:22:35:  * 1d textures: yes
14:22:35:  * Volume textures: yes
14:22:35:  * Multiple Render Targets: 8
14:22:35:    - With different bit depths: yes
14:22:35:  * Point Sprites: yes
14:22:35:  * Extended point parameters: yes
14:22:35:  * Max Point Size: 8192
14:22:35:  * Vertex texture fetch: yes
14:22:35:  * Number of world matrices: 0
14:22:35:  * Number of texture units: 16
14:22:35:  * Stencil buffer depth: 8
14:22:35:  * Number of vertex blend matrices: 0
14:22:35:    - Max vertex textures: 18
14:22:35:    - Vertex textures shared: yes
14:22:35:  * Render to Vertex Buffer : no
14:22:35:  * Hardware Atomic Counters: no
14:22:35:  * GL 1.5 without VBO workaround: no
14:22:35:  * Frame Buffer objects: yes
14:22:35:  * Frame Buffer objects (ARB extension): no
14:22:35:  * Frame Buffer objects (ATI extension): no
14:22:35:  * PBuffer support: yes
14:22:35:  * GL 1.5 without HW-occlusion workaround: no
14:22:35:  * Vertex Array Objects: no
14:22:35:  * Separate shader objects: no
14:22:35: DefaultWorkQueue('Root') initialising on thread main.
14:22:35: Particle Renderer Type 'billboard' registered
14:22:35: Added resource location '../../../media' of type 'FileSystem' to resource group 'General'
14:22:35: Added resource location '../../../media/materials/textures' of type 'FileSystem' to resource group 'General'
14:22:35: Parsing scripts for resource group Autodetect
14:22:35: Finished parsing scripts for resource group Autodetect
14:22:35: Creating resources for group Autodetect
14:22:35: All done
14:22:35: Parsing scripts for resource group General
14:22:35: Finished parsing scripts for resource group General
14:22:35: Creating resources for group General
14:22:35: All done
14:22:35: Parsing scripts for resource group Internal
14:22:35: Finished parsing scripts for resource group Internal
14:22:35: Creating resources for group Internal
14:22:35: All done
14:22:43: Loading C:/Users/21202405/Desktop/spacescape/save/fuzzy-stars.xml
14:22:43: Creating Noise SpacescapeLayer
14:22:43: Vertex Program:spacescape_noise_glsl_vp Fragment Program:spacescape_noise_glsl_ridged_fp GLSL link result : Validation failed! - Different sampler types for same sample texture unit in fragment shader.

14:22:43: Error prior to using GLSL Program Object : invalid operationValidation successful.

14:22:43: Error prior to using GLSL Program Object : invalid operationValidation successful.

14:22:43: Error prior to using GLSL Program Object : invalid operationValidation successful.

14:22:43: Error prior to using GLSL Program Object : invalid operationValidation successful.

14:22:43: Error prior to using GLSL Program Object : invalid operationValidation successful.

14:22:43: Creating Noise SpacescapeLayer
14:22:43: Error prior to using GLSL Program Object : invalid operationValidation successful.

14:22:43: Error prior to using GLSL Program Object : invalid operationValidation successful.

14:22:43: Error prior to using GLSL Program Object : invalid operationValidation successful.

14:22:43: Error prior to using GLSL Program Object : invalid operationValidation successful.

14:22:43: Error prior to using GLSL Program Object : invalid operationValidation successful.

14:22:43: Error prior to using GLSL Program Object : invalid operationValidation successful.

14:22:58: Loading C:/Users/21202405/Desktop/spacescape/save/green-nebula-stars.xml
14:22:58: Creating Noise SpacescapeLayer
14:22:59: Vertex Program:spacescape_noise_glsl_vp Fragment Program:spacescape_noise_glsl_fbm_fp GLSL link result : Validation failed! - Different sampler types for same sample texture unit in fragment shader.

14:22:59: Error prior to using GLSL Program Object : invalid operationValidation successful.

14:22:59: Error prior to using GLSL Program Object : invalid operationValidation successful.

14:22:59: Error prior to using GLSL Program Object : invalid operationValidation successful.

14:22:59: Error prior to using GLSL Program Object : invalid operationValidation successful.

14:22:59: Error prior to using GLSL Program Object : invalid operationValidation successful.

14:22:59: Creating Points SpacescapeLayer
14:22:59: Error prior to using GLSL Program Object : invalid operationValidation successful.

14:22:59: Error prior to using GLSL Program Object : invalid operationValidation successful.

14:22:59: Error prior to using GLSL Program Object : invalid operationValidation successful.

14:22:59: Error prior to using GLSL Program Object : invalid operationValidation successful.

14:22:59: Error prior to using GLSL Program Object : invalid operationValidation successful.

14:22:59: Error prior to using GLSL Program Object : invalid operationValidation successful.

14:22:59: Creating Points SpacescapeLayer
14:22:59: Error prior to using GLSL Program Object : invalid operationValidation successful.

14:22:59: Error prior to using GLSL Program Object : invalid operationValidation successful.

14:22:59: Error prior to using GLSL Program Object : invalid operationValidation successful.

14:22:59: Error prior to using GLSL Program Object : invalid operationValidation successful.

14:22:59: Error prior to using GLSL Program Object : invalid operationValidation successful.

14:22:59: Error prior to using GLSL Program Object : invalid operationValidation successful.

14:22:59: Creating Points SpacescapeLayer
14:22:59: Error prior to using GLSL Program Object : invalid operationValidation successful.

14:22:59: Error prior to using GLSL Program Object : invalid operationValidation successful.

14:22:59: Error prior to using GLSL Program Object : invalid operationValidation successful.

14:22:59: Error prior to using GLSL Program Object : invalid operationValidation successful.

14:22:59: Error prior to using GLSL Program Object : invalid operationValidation successful.

14:22:59: Error prior to using GLSL Program Object : invalid operationValidation successful.

14:22:59: Creating Points SpacescapeLayer
14:22:59: Error prior to using GLSL Program Object : invalid operationValidation successful.

14:22:59: Error prior to using GLSL Program Object : invalid operationValidation successful.

14:22:59: Error prior to using GLSL Program Object : invalid operationValidation successful.

14:22:59: Error prior to using GLSL Program Object : invalid operationValidation successful.

14:22:59: Error prior to using GLSL Program Object : invalid operationValidation successful.

14:22:59: Error prior to using GLSL Program Object : invalid operationValidation successful.

14:22:59: Creating Billboards SpacescapeLayer
14:23:00: Texture: flare-green1.png: Loading 1 faces(PF_A8R8G8B8,512x512x1) with 9 hardware generated mipmaps from Image. Internal format is PF_A8R8G8B8,512x512x1.
14:23:00: MovableObjectFactory for type 'SpacescapeBillboardSet' registered.
14:23:00: Error prior to using GLSL Program Object : invalid operationValidation successful.

14:23:00: Error prior to using GLSL Program Object : invalid operationValidation successful.

14:23:00: Error prior to using GLSL Program Object : invalid operationValidation successful.

14:23:00: Error prior to using GLSL Program Object : invalid operationValidation successful.

14:23:00: Error prior to using GLSL Program Object : invalid operationValidation successful.

14:23:00: Error prior to using GLSL Program Object : invalid operationValidation successful.

14:23:00: Creating Noise SpacescapeLayer
14:23:00: Error prior to using GLSL Program Object : invalid operationValidation successful.

14:23:00: Error prior to using GLSL Program Object : invalid operationValidation successful.

14:23:00: Error prior to using GLSL Program Object : invalid operationValidation successful.

14:23:00: Error prior to using GLSL Program Object : invalid operationValidation successful.

14:23:00: Error prior to using GLSL Program Object : invalid operationValidation successful.

14:23:00: Error prior to using GLSL Program Object : invalid operationValidation successful.

14:23:00: Creating Noise SpacescapeLayer
14:23:00: Error prior to using GLSL Program Object : invalid operationValidation successful.

14:23:00: Error prior to using GLSL Program Object : invalid operationValidation successful.

14:23:00: Error prior to using GLSL Program Object : invalid operationValidation successful.

14:23:00: Error prior to using GLSL Program Object : invalid operationValidation successful.

14:23:00: Error prior to using GLSL Program Object : invalid operationValidation successful.

14:23:00: Error prior to using GLSL Program Object : invalid operationValidation successful.

14:23:00: Creating Points SpacescapeLayer
14:23:00: Error prior to using GLSL Program Object : invalid operationValidation successful.

14:23:00: Error prior to using GLSL Program Object : invalid operationValidation successful.

14:23:00: Error prior to using GLSL Program Object : invalid operationValidation successful.

14:23:00: Error prior to using GLSL Program Object : invalid operationValidation successful.

14:23:00: Error prior to using GLSL Program Object : invalid operationValidation successful.

14:23:00: Error prior to using GLSL Program Object : invalid operationValidation successful.

14:23:00: Creating Points SpacescapeLayer
14:23:00: Error prior to using GLSL Program Object : invalid operationValidation successful.

14:23:00: Error prior to using GLSL Program Object : invalid operationValidation successful.

14:23:00: Error prior to using GLSL Program Object : invalid operationValidation successful.

14:23:00: Error prior to using GLSL Program Object : invalid operationValidation successful.

14:23:00: Error prior to using GLSL Program Object : invalid operationValidation successful.

14:23:00: Error prior to using GLSL Program Object : invalid operationValidation successful.

14:23:06: Loading C:/Users/21202405/Desktop/spacescape/save/hdr1.xml
14:23:06: Creating Noise SpacescapeLayer
14:23:06: Error prior to using GLSL Program Object : invalid operationValidation successful.

14:23:06: Error prior to using GLSL Program Object : invalid operationValidation successful.

14:23:06: Error prior to using GLSL Program Object : invalid operationValidation successful.

14:23:06: Error prior to using GLSL Program Object : invalid operationValidation successful.

14:23:06: Error prior to using GLSL Program Object : invalid operationValidation successful.

14:23:06: Error prior to using GLSL Program Object : invalid operationValidation successful.

14:23:06: Creating Noise SpacescapeLayer
14:23:06: Error prior to using GLSL Program Object : invalid operationValidation successful.

14:23:06: Error prior to using GLSL Program Object : invalid operationValidation successful.

14:23:06: Error prior to using GLSL Program Object : invalid operationValidation successful.

14:23:06: Error prior to using GLSL Program Object : invalid operationValidation successful.

14:23:06: Error prior to using GLSL Program Object : invalid operationValidation successful.

14:23:06: Error prior to using GLSL Program Object : invalid operationValidation successful.

14:23:06: Creating Billboards SpacescapeLayer
14:23:06: Texture: hdr-flare-white2.exr: Loading 1 faces(PF_FLOAT32_RGBA,256x256x1) with 8 hardware generated mipmaps from Image. Internal format is PF_FLOAT32_RGBA,256x256x1.
14:23:06: Creating Billboards SpacescapeLayer
14:23:11: Loading C:/Users/21202405/Desktop/spacescape/save/overlapping-point-stars.xml
14:23:11: Creating Noise SpacescapeLayer
14:23:11: Error prior to using GLSL Program Object : invalid operationValidation successful.

14:23:11: Error prior to using GLSL Program Object : invalid operationValidation successful.

14:23:11: Error prior to using GLSL Program Object : invalid operationValidation successful.

14:23:11: Error prior to using GLSL Program Object : invalid operationValidation successful.

14:23:11: Error prior to using GLSL Program Object : invalid operationValidation successful.

14:23:11: Error prior to using GLSL Program Object : invalid operationValidation successful.

14:23:11: Creating Points SpacescapeLayer
14:23:11: Error prior to using GLSL Program Object : invalid operationValidation successful.

14:23:11: Error prior to using GLSL Program Object : invalid operationValidation successful.

14:23:11: Error prior to using GLSL Program Object : invalid operationValidation successful.

14:23:11: Error prior to using GLSL Program Object : invalid operationValidation successful.

14:23:11: Error prior to using GLSL Program Object : invalid operationValidation successful.

14:23:11: Error prior to using GLSL Program Object : invalid operationValidation successful.

14:23:11: Creating Points SpacescapeLayer
14:23:11: Error prior to using GLSL Program Object : invalid operationValidation successful.

14:23:11: Error prior to using GLSL Program Object : invalid operationValidation successful.

14:23:11: Error prior to using GLSL Program Object : invalid operationValidation successful.

14:23:11: Error prior to using GLSL Program Object : invalid operationValidation successful.

14:23:11: Error prior to using GLSL Program Object : invalid operationValidation successful.

14:23:11: Error prior to using GLSL Program Object : invalid operationValidation successful.

14:23:12: Creating Points SpacescapeLayer
14:23:12: Error prior to using GLSL Program Object : invalid operationValidation successful.

14:23:12: Error prior to using GLSL Program Object : invalid operationValidation successful.

14:23:12: Error prior to using GLSL Program Object : invalid operationValidation successful.

14:23:12: Error prior to using GLSL Program Object : invalid operationValidation successful.

14:23:12: Error prior to using GLSL Program Object : invalid operationValidation successful.

14:23:12: Error prior to using GLSL Program Object : invalid operationValidation successful.

14:23:18: Loading C:/Users/21202405/Desktop/spacescape/save/purple-nebula.xml
14:23:18: Creating Noise SpacescapeLayer
14:23:18: Error prior to using GLSL Program Object : invalid operationValidation successful.

14:23:18: Error prior to using GLSL Program Object : invalid operationValidation successful.

14:23:18: Error prior to using GLSL Program Object : invalid operationValidation successful.

14:23:18: Error prior to using GLSL Program Object : invalid operationValidation successful.

14:23:18: Error prior to using GLSL Program Object : invalid operationValidation successful.

14:23:18: Error prior to using GLSL Program Object : invalid operationValidation successful.

14:23:18: Creating Noise SpacescapeLayer
14:23:18: Error prior to using GLSL Program Object : invalid operationValidation successful.

14:23:18: Error prior to using GLSL Program Object : invalid operationValidation successful.

14:23:18: Error prior to using GLSL Program Object : invalid operationValidation successful.

14:23:18: Error prior to using GLSL Program Object : invalid operationValidation successful.

14:23:18: Error prior to using GLSL Program Object : invalid operationValidation successful.

14:23:18: Error prior to using GLSL Program Object : invalid operationValidation successful.

14:23:18: Creating Noise SpacescapeLayer
14:23:18: Error prior to using GLSL Program Object : invalid operationValidation successful.

14:23:18: Error prior to using GLSL Program Object : invalid operationValidation successful.

14:23:18: Error prior to using GLSL Program Object : invalid operationValidation successful.

14:23:18: Error prior to using GLSL Program Object : invalid operationValidation successful.

14:23:18: Error prior to using GLSL Program Object : invalid operationValidation successful.

14:23:18: Error prior to using GLSL Program Object : invalid operationValidation successful.

14:23:18: Creating Points SpacescapeLayer
14:23:18: Error prior to using GLSL Program Object : invalid operationValidation successful.

14:23:18: Error prior to using GLSL Program Object : invalid operationValidation successful.

14:23:18: Error prior to using GLSL Program Object : invalid operationValidation successful.

14:23:18: Error prior to using GLSL Program Object : invalid operationValidation successful.

14:23:18: Error prior to using GLSL Program Object : invalid operationValidation successful.

14:23:18: Error prior to using GLSL Program Object : invalid operationValidation successful.

14:23:18: Creating Points SpacescapeLayer
14:23:18: Error prior to using GLSL Program Object : invalid operationValidation successful.

14:23:18: Error prior to using GLSL Program Object : invalid operationValidation successful.

14:23:18: Error prior to using GLSL Program Object : invalid operationValidation successful.

14:23:18: Error prior to using GLSL Program Object : invalid operationValidation successful.

14:23:18: Error prior to using GLSL Program Object : invalid operationValidation successful.

14:23:18: Error prior to using GLSL Program Object : invalid operationValidation successful.

14:23:18: Creating Billboards SpacescapeLayer
14:23:18: Texture: flare-blue-spikey1.png: Loading 1 faces(PF_A8R8G8B8,512x512x1) with 9 hardware generated mipmaps from Image. Internal format is PF_A8R8G8B8,512x512x1.
14:23:18: Error prior to using GLSL Program Object : invalid operationValidation successful.

14:23:18: Error prior to using GLSL Program Object : invalid operationValidation successful.

14:23:18: Error prior to using GLSL Program Object : invalid operationValidation successful.

14:23:18: Error prior to using GLSL Program Object : invalid operationValidation successful.

14:23:18: Error prior to using GLSL Program Object : invalid operationValidation successful.

14:23:18: Error prior to using GLSL Program Object : invalid operationValidation successful.

14:23:18: Creating Billboards SpacescapeLayer
14:23:18: Texture: flare-blue-purple2.png: Loading 1 faces(PF_A8R8G8B8,512x512x1) with 9 hardware generated mipmaps from Image. Internal format is PF_A8R8G8B8,512x512x1.
14:23:18: Error prior to using GLSL Program Object : invalid operationValidation successful.

14:23:18: Error prior to using GLSL Program Object : invalid operationValidation successful.

14:23:18: Error prior to using GLSL Program Object : invalid operationValidation successful.

14:23:18: Error prior to using GLSL Program Object : invalid operationValidation successful.

14:23:18: Error prior to using GLSL Program Object : invalid operationValidation successful.

14:23:18: Error prior to using GLSL Program Object : invalid operationValidation successful.

14:23:18: Creating Noise SpacescapeLayer
14:23:18: Error prior to using GLSL Program Object : invalid operationValidation successful.

14:23:18: Error prior to using GLSL Program Object : invalid operationValidation successful.

14:23:18: Error prior to using GLSL Program Object : invalid operationValidation successful.

14:23:18: Error prior to using GLSL Program Object : invalid operationValidation successful.

14:23:18: Error prior to using GLSL Program Object : invalid operationValidation successful.

14:23:18: Error prior to using GLSL Program Object : invalid operationValidation successful.

14:23:18: Creating Points SpacescapeLayer
14:23:18: Error prior to using GLSL Program Object : invalid operationValidation successful.

14:23:18: Error prior to using GLSL Program Object : invalid operationValidation successful.

14:23:18: Error prior to using GLSL Program Object : invalid operationValidation successful.

14:23:18: Error prior to using GLSL Program Object : invalid operationValidation successful.

14:23:18: Error prior to using GLSL Program Object : invalid operationValidation successful.

14:23:18: Error prior to using GLSL Program Object : invalid operationValidation successful.

14:23:19: Creating Points SpacescapeLayer
14:23:19: Error prior to using GLSL Program Object : invalid operationValidation successful.

14:23:19: Error prior to using GLSL Program Object : invalid operationValidation successful.

14:23:19: Error prior to using GLSL Program Object : invalid operationValidation successful.

14:23:19: Error prior to using GLSL Program Object : invalid operationValidation successful.

14:23:19: Error prior to using GLSL Program Object : invalid operationValidation successful.

14:23:19: Error prior to using GLSL Program Object : invalid operationValidation successful.

14:23:19: Creating Noise SpacescapeLayer
14:23:19: Error prior to using GLSL Program Object : invalid operationValidation successful.

14:23:19: Error prior to using GLSL Program Object : invalid operationValidation successful.

14:23:19: Error prior to using GLSL Program Object : invalid operationValidation successful.

14:23:19: Error prior to using GLSL Program Object : invalid operationValidation successful.

14:23:19: Error prior to using GLSL Program Object : invalid operationValidation successful.

14:23:19: Error prior to using GLSL Program Object : invalid operationValidation successful.

14:23:19: Creating Billboards SpacescapeLayer
14:23:19: Texture: flare-red1.png: Loading 1 faces(PF_A8R8G8B8,512x512x1) with 9 hardware generated mipmaps from Image. Internal format is PF_A8R8G8B8,512x512x1.
14:23:45: Loading C:/Users/21202405/Desktop/spacescape/save/purple-nebula-complex.xml
14:23:45: Creating Noise SpacescapeLayer
14:23:45: Error prior to using GLSL Program Object : invalid operationValidation successful.

14:23:45: Error prior to using GLSL Program Object : invalid operationValidation successful.

14:23:45: Error prior to using GLSL Program Object : invalid operationValidation successful.

14:23:45: Error prior to using GLSL Program Object : invalid operationValidation successful.

14:23:45: Error prior to using GLSL Program Object : invalid operationValidation successful.

14:23:45: Error prior to using GLSL Program Object : invalid operationValidation successful.

14:23:45: Creating Points SpacescapeLayer
14:23:45: Creating Noise SpacescapeLayer
14:23:45: Error prior to using GLSL Program Object : invalid operationValidation successful.

14:23:45: Error prior to using GLSL Program Object : invalid operationValidation successful.

14:23:45: Error prior to using GLSL Program Object : invalid operationValidation successful.

14:23:45: Error prior to using GLSL Program Object : invalid operationValidation successful.

14:23:45: Error prior to using GLSL Program Object : invalid operationValidation successful.

14:23:45: Error prior to using GLSL Program Object : invalid operationValidation successful.

14:23:45: Creating Points SpacescapeLayer
14:23:45: Creating Points SpacescapeLayer
14:23:45: Creating Noise SpacescapeLayer
14:23:45: Error prior to using GLSL Program Object : invalid operationValidation successful.

14:23:45: Error prior to using GLSL Program Object : invalid operationValidation successful.

14:23:45: Error prior to using GLSL Program Object : invalid operationValidation successful.

14:23:45: Error prior to using GLSL Program Object : invalid operationValidation successful.

14:23:45: Error prior to using GLSL Program Object : invalid operationValidation successful.

14:23:45: Error prior to using GLSL Program Object : invalid operationValidation successful.

14:23:45: Creating Noise SpacescapeLayer
14:23:45: Error prior to using GLSL Program Object : invalid operationValidation successful.

14:23:45: Error prior to using GLSL Program Object : invalid operationValidation successful.

14:23:45: Error prior to using GLSL Program Object : invalid operationValidation successful.

14:23:45: Error prior to using GLSL Program Object : invalid operationValidation successful.

14:23:45: Error prior to using GLSL Program Object : invalid operationValidation successful.

14:23:45: Error prior to using GLSL Program Object : invalid operationValidation successful.

14:23:45: Creating Billboards SpacescapeLayer
14:23:45: Error prior to using GLSL Program Object : invalid operationValidation successful.

14:23:45: Error prior to using GLSL Program Object : invalid operationValidation successful.

14:23:45: Error prior to using GLSL Program Object : invalid operationValidation successful.

14:23:45: Error prior to using GLSL Program Object : invalid operationValidation successful.

14:23:45: Error prior to using GLSL Program Object : invalid operationValidation successful.

14:23:45: Error prior to using GLSL Program Object : invalid operationValidation successful.

14:23:46: Creating Billboards SpacescapeLayer
14:23:46: Error prior to using GLSL Program Object : invalid operationValidation successful.

14:23:46: Error prior to using GLSL Program Object : invalid operationValidation successful.

14:23:46: Error prior to using GLSL Program Object : invalid operationValidation successful.

14:23:46: Error prior to using GLSL Program Object : invalid operationValidation successful.

14:23:46: Error prior to using GLSL Program Object : invalid operationValidation successful.

14:23:46: Error prior to using GLSL Program Object : invalid operationValidation successful.

14:23:46: Creating Billboards SpacescapeLayer
14:23:46: Texture: flare-red-yellow1.png: Loading 1 faces(PF_A8R8G8B8,512x512x1) with 9 hardware generated mipmaps from Image. Internal format is PF_A8R8G8B8,512x512x1.
14:23:46: Error prior to using GLSL Program Object : invalid operationValidation successful.

14:23:46: Error prior to using GLSL Program Object : invalid operationValidation successful.

14:23:46: Error prior to using GLSL Program Object : invalid operationValidation successful.

14:23:46: Error prior to using GLSL Program Object : invalid operationValidation successful.

14:23:46: Error prior to using GLSL Program Object : invalid operationValidation successful.

14:23:46: Error prior to using GLSL Program Object : invalid operationValidation successful.

14:23:46: Creating Points SpacescapeLayer
14:23:46: Error prior to using GLSL Program Object : invalid operationValidation successful.

14:23:46: Error prior to using GLSL Program Object : invalid operationValidation successful.

14:23:46: Error prior to using GLSL Program Object : invalid operationValidation successful.

14:23:46: Error prior to using GLSL Program Object : invalid operationValidation successful.

14:23:46: Error prior to using GLSL Program Object : invalid operationValidation successful.

14:23:46: Error prior to using GLSL Program Object : invalid operationValidation successful.

14:23:46: Creating Points SpacescapeLayer
14:23:46: Error prior to using GLSL Program Object : invalid operationValidation successful.

14:23:46: Error prior to using GLSL Program Object : invalid operationValidation successful.

14:23:46: Error prior to using GLSL Program Object : invalid operationValidation successful.

14:23:46: Error prior to using GLSL Program Object : invalid operationValidation successful.

14:23:46: Error prior to using GLSL Program Object : invalid operationValidation successful.

14:23:46: Error prior to using GLSL Program Object : invalid operationValidation successful.

14:23:46: Creating Points SpacescapeLayer
14:23:46: Error prior to using GLSL Program Object : invalid operationValidation successful.

14:23:46: Error prior to using GLSL Program Object : invalid operationValidation successful.

14:23:46: Error prior to using GLSL Program Object : invalid operationValidation successful.

14:23:46: Error prior to using GLSL Program Object : invalid operationValidation successful.

14:23:46: Error prior to using GLSL Program Object : invalid operationValidation successful.

14:23:46: Error prior to using GLSL Program Object : invalid operationValidation successful.

14:23:46: Creating Points SpacescapeLayer
14:23:46: Error prior to using GLSL Program Object : invalid operationValidation successful.

14:23:46: Error prior to using GLSL Program Object : invalid operationValidation successful.

14:23:46: Error prior to using GLSL Program Object : invalid operationValidation successful.

14:23:46: Error prior to using GLSL Program Object : invalid operationValidation successful.

14:23:46: Error prior to using GLSL Program Object : invalid operationValidation successful.

14:23:46: Error prior to using GLSL Program Object : invalid operationValidation successful.

14:23:46: Creating Points SpacescapeLayer
14:23:46: Error prior to using GLSL Program Object : invalid operationValidation successful.

14:23:46: Error prior to using GLSL Program Object : invalid operationValidation successful.

14:23:46: Error prior to using GLSL Program Object : invalid operationValidation successful.

14:23:46: Error prior to using GLSL Program Object : invalid operationValidation successful.

14:23:46: Error prior to using GLSL Program Object : invalid operationValidation successful.

14:23:46: Error prior to using GLSL Program Object : invalid operationValidation successful.

14:23:46: Creating Noise SpacescapeLayer
14:23:46: Error prior to using GLSL Program Object : invalid operationValidation successful.

14:23:46: Error prior to using GLSL Program Object : invalid operationValidation successful.

14:23:46: Error prior to using GLSL Program Object : invalid operationValidation successful.

14:23:46: Error prior to using GLSL Program Object : invalid operationValidation successful.

14:23:46: Error prior to using GLSL Program Object : invalid operationValidation successful.

14:23:46: Error prior to using GLSL Program Object : invalid operationValidation successful.

14:23:46: Creating Noise SpacescapeLayer
14:23:46: Error prior to using GLSL Program Object : invalid operationValidation successful.

14:23:46: Error prior to using GLSL Program Object : invalid operationValidation successful.

14:23:46: Error prior to using GLSL Program Object : invalid operationValidation successful.

14:23:46: Error prior to using GLSL Program Object : invalid operationValidation successful.

14:23:46: Error prior to using GLSL Program Object : invalid operationValidation successful.

14:23:46: Error prior to using GLSL Program Object : invalid operationValidation successful.

14:23:46: Creating Noise SpacescapeLayer
14:23:46: Error prior to using GLSL Program Object : invalid operationValidation successful.

14:23:46: Error prior to using GLSL Program Object : invalid operationValidation successful.

14:23:46: Error prior to using GLSL Program Object : invalid operationValidation successful.

14:23:46: Error prior to using GLSL Program Object : invalid operationValidation successful.

14:23:46: Error prior to using GLSL Program Object : invalid operationValidation successful.

14:23:46: Error prior to using GLSL Program Object : invalid operationValidation successful.

14:23:46: Creating Billboards SpacescapeLayer
14:24:46: Error prior to using GLSL Program Object : invalid operationValidation successful.

14:24:46: Error prior to using GLSL Program Object : invalid operationValidation successful.

14:24:46: Error prior to using GLSL Program Object : invalid operationValidation successful.

14:24:46: Error prior to using GLSL Program Object : invalid operationValidation successful.

14:24:46: Error prior to using GLSL Program Object : invalid operationValidation successful.

14:24:46: Error prior to using GLSL Program Object : invalid operationValidation successful.

14:24:50: Error prior to using GLSL Program Object : invalid operationValidation successful.

14:24:50: Error prior to using GLSL Program Object : invalid operationValidation successful.

14:24:50: Error prior to using GLSL Program Object : invalid operationValidation successful.

14:24:50: Error prior to using GLSL Program Object : invalid operationValidation successful.

14:24:50: Error prior to using GLSL Program Object : invalid operationValidation successful.

14:24:50: Error prior to using GLSL Program Object : invalid operationValidation successful.

14:24:56: Error prior to using GLSL Program Object : invalid operationValidation successful.

14:24:56: Error prior to using GLSL Program Object : invalid operationValidation successful.

14:24:56: Error prior to using GLSL Program Object : invalid operationValidation successful.

14:24:56: Error prior to using GLSL Program Object : invalid operationValidation successful.

14:24:56: Error prior to using GLSL Program Object : invalid operationValidation successful.

14:24:56: Error prior to using GLSL Program Object : invalid operationValidation successful.

14:25:00: Error prior to using GLSL Program Object : invalid operationValidation successful.

14:25:00: Error prior to using GLSL Program Object : invalid operationValidation successful.

14:25:00: Error prior to using GLSL Program Object : invalid operationValidation successful.

14:25:00: Error prior to using GLSL Program Object : invalid operationValidation successful.

14:25:00: Error prior to using GLSL Program Object : invalid operationValidation successful.

14:25:00: Error prior to using GLSL Program Object : invalid operationValidation successful.

14:25:59: Error prior to using GLSL Program Object : invalid operationValidation successful.

14:25:59: Error prior to using GLSL Program Object : invalid operationValidation successful.

14:25:59: Error prior to using GLSL Program Object : invalid operationValidation successful.

14:25:59: Error prior to using GLSL Program Object : invalid operationValidation successful.

14:25:59: Error prior to using GLSL Program Object : invalid operationValidation successful.

14:25:59: Error prior to using GLSL Program Object : invalid operationValidation successful.

14:26:11: Loading C:/Users/21202405/Desktop/spacescape/save/purple-nebula-complex.xml
14:26:11: Creating Noise SpacescapeLayer
14:26:11: Error prior to using GLSL Program Object : invalid operationValidation successful.

14:26:11: Error prior to using GLSL Program Object : invalid operationValidation successful.

14:26:11: Error prior to using GLSL Program Object : invalid operationValidation successful.

14:26:11: Error prior to using GLSL Program Object : invalid operationValidation successful.

14:26:11: Error prior to using GLSL Program Object : invalid operationValidation successful.

14:26:11: Error prior to using GLSL Program Object : invalid operationValidation successful.

14:26:11: Creating Points SpacescapeLayer
14:26:11: Creating Noise SpacescapeLayer
14:26:11: Error prior to using GLSL Program Object : invalid operationValidation successful.

14:26:11: Error prior to using GLSL Program Object : invalid operationValidation successful.

14:26:11: Error prior to using GLSL Program Object : invalid operationValidation successful.

14:26:11: Error prior to using GLSL Program Object : invalid operationValidation successful.

14:26:11: Error prior to using GLSL Program Object : invalid operationValidation successful.

14:26:11: Error prior to using GLSL Program Object : invalid operationValidation successful.

14:26:11: Creating Points SpacescapeLayer
14:26:11: Creating Points SpacescapeLayer
14:26:11: Creating Noise SpacescapeLayer
14:26:11: Error prior to using GLSL Program Object : invalid operationValidation successful.

14:26:11: Error prior to using GLSL Program Object : invalid operationValidation successful.

14:26:11: Error prior to using GLSL Program Object : invalid operationValidation successful.

14:26:11: Error prior to using GLSL Program Object : invalid operationValidation successful.

14:26:11: Error prior to using GLSL Program Object : invalid operationValidation successful.

14:26:11: Error prior to using GLSL Program Object : invalid operationValidation successful.

14:26:11: Creating Noise SpacescapeLayer
14:26:11: Error prior to using GLSL Program Object : invalid operationValidation successful.

14:26:11: Error prior to using GLSL Program Object : invalid operationValidation successful.

14:26:11: Error prior to using GLSL Program Object : invalid operationValidation successful.

14:26:11: Error prior to using GLSL Program Object : invalid operationValidation successful.

14:26:11: Error prior to using GLSL Program Object : invalid operationValidation successful.

14:26:11: Error prior to using GLSL Program Object : invalid operationValidation successful.

14:26:11: Creating Billboards SpacescapeLayer
14:26:11: Error prior to using GLSL Program Object : invalid operationValidation successful.

14:26:11: Error prior to using GLSL Program Object : invalid operationValidation successful.

14:26:11: Error prior to using GLSL Program Object : invalid operationValidation successful.

14:26:11: Error prior to using GLSL Program Object : invalid operationValidation successful.

14:26:11: Error prior to using GLSL Program Object : invalid operationValidation successful.

14:26:11: Error prior to using GLSL Program Object : invalid operationValidation successful.

14:26:12: Creating Billboards SpacescapeLayer
14:26:12: Error prior to using GLSL Program Object : invalid operationValidation successful.

14:26:12: Error prior to using GLSL Program Object : invalid operationValidation successful.

14:26:12: Error prior to using GLSL Program Object : invalid operationValidation successful.

14:26:12: Error prior to using GLSL Program Object : invalid operationValidation successful.

14:26:12: Error prior to using GLSL Program Object : invalid operationValidation successful.

14:26:12: Error prior to using GLSL Program Object : invalid operationValidation successful.

14:26:12: Creating Billboards SpacescapeLayer
14:26:12: Error prior to using GLSL Program Object : invalid operationValidation successful.

14:26:12: Error prior to using GLSL Program Object : invalid operationValidation successful.

14:26:12: Error prior to using GLSL Program Object : invalid operationValidation successful.

14:26:12: Error prior to using GLSL Program Object : invalid operationValidation successful.

14:26:12: Error prior to using GLSL Program Object : invalid operationValidation successful.

14:26:12: Error prior to using GLSL Program Object : invalid operationValidation successful.

14:26:12: Creating Points SpacescapeLayer
14:26:12: Error prior to using GLSL Program Object : invalid operationValidation successful.

14:26:12: Error prior to using GLSL Program Object : invalid operationValidation successful.

14:26:12: Error prior to using GLSL Program Object : invalid operationValidation successful.

14:26:12: Error prior to using GLSL Program Object : invalid operationValidation successful.

14:26:12: Error prior to using GLSL Program Object : invalid operationValidation successful.

14:26:12: Error prior to using GLSL Program Object : invalid operationValidation successful.

14:26:12: Creating Points SpacescapeLayer
14:26:12: Error prior to using GLSL Program Object : invalid operationValidation successful.

14:26:12: Error prior to using GLSL Program Object : invalid operationValidation successful.

14:26:12: Error prior to using GLSL Program Object : invalid operationValidation successful.

14:26:12: Error prior to using GLSL Program Object : invalid operationValidation successful.

14:26:12: Error prior to using GLSL Program Object : invalid operationValidation successful.

14:26:12: Error prior to using GLSL Program Object : invalid operationValidation successful.

14:26:12: Creating Points SpacescapeLayer
14:26:12: Error prior to using GLSL Program Object : invalid operationValidation successful.

14:26:12: Error prior to using GLSL Program Object : invalid operationValidation successful.

14:26:12: Error prior to using GLSL Program Object : invalid operationValidation successful.

14:26:12: Error prior to using GLSL Program Object : invalid operationValidation successful.

14:26:12: Error prior to using GLSL Program Object : invalid operationValidation successful.

14:26:12: Error prior to using GLSL Program Object : invalid operationValidation successful.

14:26:13: Creating Points SpacescapeLayer
14:26:13: Error prior to using GLSL Program Object : invalid operationValidation successful.

14:26:13: Error prior to using GLSL Program Object : invalid operationValidation successful.

14:26:13: Error prior to using GLSL Program Object : invalid operationValidation successful.

14:26:13: Error prior to using GLSL Program Object : invalid operationValidation successful.

14:26:13: Error prior to using GLSL Program Object : invalid operationValidation successful.

14:26:13: Error prior to using GLSL Program Object : invalid operationValidation successful.

14:26:13: Creating Points SpacescapeLayer
14:26:13: Error prior to using GLSL Program Object : invalid operationValidation successful.

14:26:13: Error prior to using GLSL Program Object : invalid operationValidation successful.

14:26:13: Error prior to using GLSL Program Object : invalid operationValidation successful.

14:26:13: Error prior to using GLSL Program Object : invalid operationValidation successful.

14:26:13: Error prior to using GLSL Program Object : invalid operationValidation successful.

14:26:13: Error prior to using GLSL Program Object : invalid operationValidation successful.

14:26:13: Creating Noise SpacescapeLayer
14:26:13: Error prior to using GLSL Program Object : invalid operationValidation successful.

14:26:13: Error prior to using GLSL Program Object : invalid operationValidation successful.

14:26:13: Error prior to using GLSL Program Object : invalid operationValidation successful.

14:26:13: Error prior to using GLSL Program Object : invalid operationValidation successful.

14:26:13: Error prior to using GLSL Program Object : invalid operationValidation successful.

14:26:13: Error prior to using GLSL Program Object : invalid operationValidation successful.

14:26:13: Creating Noise SpacescapeLayer
14:26:13: Error prior to using GLSL Program Object : invalid operationValidation successful.

14:26:13: Error prior to using GLSL Program Object : invalid operationValidation successful.

14:26:13: Error prior to using GLSL Program Object : invalid operationValidation successful.

14:26:13: Error prior to using GLSL Program Object : invalid operationValidation successful.

14:26:13: Error prior to using GLSL Program Object : invalid operationValidation successful.

14:26:13: Error prior to using GLSL Program Object : invalid operationValidation successful.

14:26:13: Creating Noise SpacescapeLayer
14:26:13: Error prior to using GLSL Program Object : invalid operationValidation successful.

14:26:13: Error prior to using GLSL Program Object : invalid operationValidation successful.

14:26:13: Error prior to using GLSL Program Object : invalid operationValidation successful.

14:26:13: Error prior to using GLSL Program Object : invalid operationValidation successful.

14:26:13: Error prior to using GLSL Program Object : invalid operationValidation successful.

14:26:13: Error prior to using GLSL Program Object : invalid operationValidation successful.

14:26:13: Creating Billboards SpacescapeLayer
14:26:22: Creating Points SpacescapeLayer
14:26:30: Error prior to using GLSL Program Object : invalid operationValidation successful.

14:26:30: Error prior to using GLSL Program Object : invalid operationValidation successful.

14:26:30: Error prior to using GLSL Program Object : invalid operationValidation successful.

14:26:30: Error prior to using GLSL Program Object : invalid operationValidation successful.

14:26:30: Error prior to using GLSL Program Object : invalid operationValidation successful.

14:26:30: Error prior to using GLSL Program Object : invalid operationValidation successful.

14:26:37: Error prior to using GLSL Program Object : invalid operationValidation successful.

14:26:37: Error prior to using GLSL Program Object : invalid operationValidation successful.

14:26:37: Error prior to using GLSL Program Object : invalid operationValidation successful.

14:26:37: Error prior to using GLSL Program Object : invalid operationValidation successful.

14:26:37: Error prior to using GLSL Program Object : invalid operationValidation successful.

14:26:37: Error prior to using GLSL Program Object : invalid operationValidation successful.

14:26:43: Error prior to using GLSL Program Object : invalid operationValidation successful.

14:26:43: Error prior to using GLSL Program Object : invalid operationValidation successful.

14:26:43: Error prior to using GLSL Program Object : invalid operationValidation successful.

14:26:43: Error prior to using GLSL Program Object : invalid operationValidation successful.

14:26:43: Error prior to using GLSL Program Object : invalid operationValidation successful.

14:26:43: Error prior to using GLSL Program Object : invalid operationValidation successful.

14:26:45: Error prior to using GLSL Program Object : invalid operationValidation successful.

14:26:45: Error prior to using GLSL Program Object : invalid operationValidation successful.

14:26:45: Error prior to using GLSL Program Object : invalid operationValidation successful.

14:26:45: Error prior to using GLSL Program Object : invalid operationValidation successful.

14:26:45: Error prior to using GLSL Program Object : invalid operationValidation successful.

14:26:45: Error prior to using GLSL Program Object : invalid operationValidation successful.

14:26:55: Error prior to using GLSL Program Object : invalid operationValidation successful.

14:26:55: Error prior to using GLSL Program Object : invalid operationValidation successful.

14:26:55: Error prior to using GLSL Program Object : invalid operationValidation successful.

14:26:55: Error prior to using GLSL Program Object : invalid operationValidation successful.

14:26:55: Error prior to using GLSL Program Object : invalid operationValidation successful.

14:26:55: Error prior to using GLSL Program Object : invalid operationValidation successful.

14:26:57: Error prior to using GLSL Program Object : invalid operationValidation successful.

14:26:57: Error prior to using GLSL Program Object : invalid operationValidation successful.

14:26:57: Error prior to using GLSL Program Object : invalid operationValidation successful.

14:26:57: Error prior to using GLSL Program Object : invalid operationValidation successful.

14:26:57: Error prior to using GLSL Program Object : invalid operationValidation successful.

14:26:57: Error prior to using GLSL Program Object : invalid operationValidation successful.

14:27:02: Error prior to using GLSL Program Object : invalid operationValidation successful.

14:27:02: Error prior to using GLSL Program Object : invalid operationValidation successful.

14:27:02: Error prior to using GLSL Program Object : invalid operationValidation successful.

14:27:02: Error prior to using GLSL Program Object : invalid operationValidation successful.

14:27:02: Error prior to using GLSL Program Object : invalid operationValidation successful.

14:27:02: Error prior to using GLSL Program Object : invalid operationValidation successful.

14:27:09: Error prior to using GLSL Program Object : invalid operationValidation successful.

14:27:09: Error prior to using GLSL Program Object : invalid operationValidation successful.

14:27:09: Error prior to using GLSL Program Object : invalid operationValidation successful.

14:27:09: Error prior to using GLSL Program Object : invalid operationValidation successful.

14:27:09: Error prior to using GLSL Program Object : invalid operationValidation successful.

14:27:09: Error prior to using GLSL Program Object : invalid operationValidation successful.

14:27:13: Error prior to using GLSL Program Object : invalid operationValidation successful.

14:27:13: Error prior to using GLSL Program Object : invalid operationValidation successful.

14:27:13: Error prior to using GLSL Program Object : invalid operationValidation successful.

14:27:13: Error prior to using GLSL Program Object : invalid operationValidation successful.

14:27:13: Error prior to using GLSL Program Object : invalid operationValidation successful.

14:27:13: Error prior to using GLSL Program Object : invalid operationValidation successful.

14:27:19: Error prior to using GLSL Program Object : invalid operationValidation successful.

14:27:19: Error prior to using GLSL Program Object : invalid operationValidation successful.

14:27:19: Error prior to using GLSL Program Object : invalid operationValidation successful.

14:27:19: Error prior to using GLSL Program Object : invalid operationValidation successful.

14:27:19: Error prior to using GLSL Program Object : invalid operationValidation successful.

14:27:19: Error prior to using GLSL Program Object : invalid operationValidation successful.

14:27:25: Error prior to using GLSL Program Object : invalid operationValidation successful.

14:27:25: Error prior to using GLSL Program Object : invalid operationValidation successful.

14:27:25: Error prior to using GLSL Program Object : invalid operationValidation successful.

14:27:25: Error prior to using GLSL Program Object : invalid operationValidation successful.

14:27:25: Error prior to using GLSL Program Object : invalid operationValidation successful.

14:27:25: Error prior to using GLSL Program Object : invalid operationValidation successful.

14:27:30: Error prior to using GLSL Program Object : invalid operationValidation successful.

14:27:30: Error prior to using GLSL Program Object : invalid operationValidation successful.

14:27:30: Error prior to using GLSL Program Object : invalid operationValidation successful.

14:27:30: Error prior to using GLSL Program Object : invalid operationValidation successful.

14:27:30: Error prior to using GLSL Program Object : invalid operationValidation successful.

14:27:30: Error prior to using GLSL Program Object : invalid operationValidation successful.

14:27:33: Error prior to using GLSL Program Object : invalid operationValidation successful.

14:27:33: Error prior to using GLSL Program Object : invalid operationValidation successful.

14:27:33: Error prior to using GLSL Program Object : invalid operationValidation successful.

14:27:33: Error prior to using GLSL Program Object : invalid operationValidation successful.

14:27:33: Error prior to using GLSL Program Object : invalid operationValidation successful.

14:27:33: Error prior to using GLSL Program Object : invalid operationValidation successful.

14:27:39: Error prior to using GLSL Program Object : invalid operationValidation successful.

14:27:39: Error prior to using GLSL Program Object : invalid operationValidation successful.

14:27:39: Error prior to using GLSL Program Object : invalid operationValidation successful.

14:27:39: Error prior to using GLSL Program Object : invalid operationValidation successful.

14:27:39: Error prior to using GLSL Program Object : invalid operationValidation successful.

14:27:39: Error prior to using GLSL Program Object : invalid operationValidation successful.

14:27:45: Error prior to using GLSL Program Object : invalid operationValidation successful.

14:27:45: Error prior to using GLSL Program Object : invalid operationValidation successful.

14:27:45: Error prior to using GLSL Program Object : invalid operationValidation successful.

14:27:45: Error prior to using GLSL Program Object : invalid operationValidation successful.

14:27:45: Error prior to using GLSL Program Object : invalid operationValidation successful.

14:27:45: Error prior to using GLSL Program Object : invalid operationValidation successful.

14:28:02: Error prior to using GLSL Program Object : invalid operationValidation successful.

14:28:02: Error prior to using GLSL Program Object : invalid operationValidation successful.

14:28:02: Error prior to using GLSL Program Object : invalid operationValidation successful.

14:28:02: Error prior to using GLSL Program Object : invalid operationValidation successful.

14:28:02: Error prior to using GLSL Program Object : invalid operationValidation successful.

14:28:02: Error prior to using GLSL Program Object : invalid operationValidation successful.

14:28:09: Error prior to using GLSL Program Object : invalid operationValidation successful.

14:28:09: Error prior to using GLSL Program Object : invalid operationValidation successful.

14:28:09: Error prior to using GLSL Program Object : invalid operationValidation successful.

14:28:09: Error prior to using GLSL Program Object : invalid operationValidation successful.

14:28:09: Error prior to using GLSL Program Object : invalid operationValidation successful.

14:28:09: Error prior to using GLSL Program Object : invalid operationValidation successful.

14:28:12: Error prior to using GLSL Program Object : invalid operationValidation successful.

14:28:12: Error prior to using GLSL Program Object : invalid operationValidation successful.

14:28:12: Error prior to using GLSL Program Object : invalid operationValidation successful.

14:28:12: Error prior to using GLSL Program Object : invalid operationValidation successful.

14:28:12: Error prior to using GLSL Program Object : invalid operationValidation successful.

14:28:12: Error prior to using GLSL Program Object : invalid operationValidation successful.

14:28:15: Error prior to using GLSL Program Object : invalid operationValidation successful.

14:28:15: Error prior to using GLSL Program Object : invalid operationValidation successful.

14:28:15: Error prior to using GLSL Program Object : invalid operationValidation successful.

14:28:15: Error prior to using GLSL Program Object : invalid operationValidation successful.

14:28:15: Error prior to using GLSL Program Object : invalid operationValidation successful.

14:28:15: Error prior to using GLSL Program Object : invalid operationValidation successful.

14:28:39: Creating Points SpacescapeLayer
14:29:17: Error prior to using GLSL Program Object : invalid operationValidation successful.

14:29:17: Error prior to using GLSL Program Object : invalid operationValidation successful.

14:29:17: Error prior to using GLSL Program Object : invalid operationValidation successful.

14:29:17: Error prior to using GLSL Program Object : invalid operationValidation successful.

14:29:17: Error prior to using GLSL Program Object : invalid operationValidation successful.

14:29:17: Error prior to using GLSL Program Object : invalid operationValidation successful.

14:29:29: Error prior to using GLSL Program Object : invalid operationValidation successful.

14:29:29: Error prior to using GLSL Program Object : invalid operationValidation successful.

14:29:29: Error prior to using GLSL Program Object : invalid operationValidation successful.

14:29:29: Error prior to using GLSL Program Object : invalid operationValidation successful.

14:29:29: Error prior to using GLSL Program Object : invalid operationValidation successful.

14:29:29: Error prior to using GLSL Program Object : invalid operationValidation successful.

14:29:36: Error prior to using GLSL Program Object : invalid operationValidation successful.

14:29:36: Error prior to using GLSL Program Object : invalid operationValidation successful.

14:29:36: Error prior to using GLSL Program Object : invalid operationValidation successful.

14:29:36: Error prior to using GLSL Program Object : invalid operationValidation successful.

14:29:36: Error prior to using GLSL Program Object : invalid operationValidation successful.

14:29:36: Error prior to using GLSL Program Object : invalid operationValidation successful.

14:29:41: Error prior to using GLSL Program Object : invalid operationValidation successful.

14:29:41: Error prior to using GLSL Program Object : invalid operationValidation successful.

14:29:41: Error prior to using GLSL Program Object : invalid operationValidation successful.

14:29:41: Error prior to using GLSL Program Object : invalid operationValidation successful.

14:29:41: Error prior to using GLSL Program Object : invalid operationValidation successful.

14:29:41: Error prior to using GLSL Program Object : invalid operationValidation successful.

14:29:44: Error prior to using GLSL Program Object : invalid operationValidation successful.

14:29:44: Error prior to using GLSL Program Object : invalid operationValidation successful.

14:29:44: Error prior to using GLSL Program Object : invalid operationValidation successful.

14:29:44: Error prior to using GLSL Program Object : invalid operationValidation successful.

14:29:44: Error prior to using GLSL Program Object : invalid operationValidation successful.

14:29:44: Error prior to using GLSL Program Object : invalid operationValidation successful.

14:29:48: Error prior to using GLSL Program Object : invalid operationValidation successful.

14:29:48: Error prior to using GLSL Program Object : invalid operationValidation successful.

14:29:48: Error prior to using GLSL Program Object : invalid operationValidation successful.

14:29:48: Error prior to using GLSL Program Object : invalid operationValidation successful.

14:29:48: Error prior to using GLSL Program Object : invalid operationValidation successful.

14:29:48: Error prior to using GLSL Program Object : invalid operationValidation successful.

14:29:50: Error prior to using GLSL Program Object : invalid operationValidation successful.

14:29:50: Error prior to using GLSL Program Object : invalid operationValidation successful.

14:29:50: Error prior to using GLSL Program Object : invalid operationValidation successful.

14:29:50: Error prior to using GLSL Program Object : invalid operationValidation successful.

14:29:50: Error prior to using GLSL Program Object : invalid operationValidation successful.

14:29:50: Error prior to using GLSL Program Object : invalid operationValidation successful.

14:29:55: Error prior to using GLSL Program Object : invalid operationValidation successful.

14:29:55: Error prior to using GLSL Program Object : invalid operationValidation successful.

14:29:55: Error prior to using GLSL Program Object : invalid operationValidation successful.

14:29:55: Error prior to using GLSL Program Object : invalid operationValidation successful.

14:29:55: Error prior to using GLSL Program Object : invalid operationValidation successful.

14:29:55: Error prior to using GLSL Program Object : invalid operationValidation successful.

14:30:02: Error prior to using GLSL Program Object : invalid operationValidation successful.

14:30:02: Error prior to using GLSL Program Object : invalid operationValidation successful.

14:30:02: Error prior to using GLSL Program Object : invalid operationValidation successful.

14:30:02: Error prior to using GLSL Program Object : invalid operationValidation successful.

14:30:02: Error prior to using GLSL Program Object : invalid operationValidation successful.

14:30:02: Error prior to using GLSL Program Object : invalid operationValidation successful.

14:30:10: Error prior to using GLSL Program Object : invalid operationValidation successful.

14:30:10: Error prior to using GLSL Program Object : invalid operationValidation successful.

14:30:10: Error prior to using GLSL Program Object : invalid operationValidation successful.

14:30:10: Error prior to using GLSL Program Object : invalid operationValidation successful.

14:30:10: Error prior to using GLSL Program Object : invalid operationValidation successful.

14:30:10: Error prior to using GLSL Program Object : invalid operationValidation successful.

14:30:13: Error prior to using GLSL Program Object : invalid operationValidation successful.

14:30:13: Error prior to using GLSL Program Object : invalid operationValidation successful.

14:30:13: Error prior to using GLSL Program Object : invalid operationValidation successful.

14:30:13: Error prior to using GLSL Program Object : invalid operationValidation successful.

14:30:13: Error prior to using GLSL Program Object : invalid operationValidation successful.

14:30:13: Error prior to using GLSL Program Object : invalid operationValidation successful.

14:30:15: Error prior to using GLSL Program Object : invalid operationValidation successful.

14:30:15: Error prior to using GLSL Program Object : invalid operationValidation successful.

14:30:15: Error prior to using GLSL Program Object : invalid operationValidation successful.

14:30:15: Error prior to using GLSL Program Object : invalid operationValidation successful.

14:30:15: Error prior to using GLSL Program Object : invalid operationValidation successful.

14:30:15: Error prior to using GLSL Program Object : invalid operationValidation successful.

14:30:17: Error prior to using GLSL Program Object : invalid operationValidation successful.

14:30:17: Error prior to using GLSL Program Object : invalid operationValidation successful.

14:30:17: Error prior to using GLSL Program Object : invalid operationValidation successful.

14:30:17: Error prior to using GLSL Program Object : invalid operationValidation successful.

14:30:17: Error prior to using GLSL Program Object : invalid operationValidation successful.

14:30:17: Error prior to using GLSL Program Object : invalid operationValidation successful.

14:30:22: Error prior to using GLSL Program Object : invalid operationValidation successful.

14:30:22: Error prior to using GLSL Program Object : invalid operationValidation successful.

14:30:22: Error prior to using GLSL Program Object : invalid operationValidation successful.

14:30:22: Error prior to using GLSL Program Object : invalid operationValidation successful.

14:30:22: Error prior to using GLSL Program Object : invalid operationValidation successful.

14:30:22: Error prior to using GLSL Program Object : invalid operationValidation successful.

14:30:24: Error prior to using GLSL Program Object : invalid operationValidation successful.

14:30:24: Error prior to using GLSL Program Object : invalid operationValidation successful.

14:30:24: Error prior to using GLSL Program Object : invalid operationValidation successful.

14:30:24: Error prior to using GLSL Program Object : invalid operationValidation successful.

14:30:24: Error prior to using GLSL Program Object : invalid operationValidation successful.

14:30:24: Error prior to using GLSL Program Object : invalid operationValidation successful.

14:30:27: Error prior to using GLSL Program Object : invalid operationValidation successful.

14:30:27: Error prior to using GLSL Program Object : invalid operationValidation successful.

14:30:27: Error prior to using GLSL Program Object : invalid operationValidation successful.

14:30:27: Error prior to using GLSL Program Object : invalid operationValidation successful.

14:30:27: Error prior to using GLSL Program Object : invalid operationValidation successful.

14:30:27: Error prior to using GLSL Program Object : invalid operationValidation successful.

14:30:29: Error prior to using GLSL Program Object : invalid operationValidation successful.

14:30:29: Error prior to using GLSL Program Object : invalid operationValidation successful.

14:30:29: Error prior to using GLSL Program Object : invalid operationValidation successful.

14:30:29: Error prior to using GLSL Program Object : invalid operationValidation successful.

14:30:29: Error prior to using GLSL Program Object : invalid operationValidation successful.

14:30:29: Error prior to using GLSL Program Object : invalid operationValidation successful.

14:30:33: Error prior to using GLSL Program Object : invalid operationValidation successful.

14:30:33: Error prior to using GLSL Program Object : invalid operationValidation successful.

14:30:33: Error prior to using GLSL Program Object : invalid operationValidation successful.

14:30:33: Error prior to using GLSL Program Object : invalid operationValidation successful.

14:30:33: Error prior to using GLSL Program Object : invalid operationValidation successful.

14:30:33: Error prior to using GLSL Program Object : invalid operationValidation successful.

14:30:40: Error prior to using GLSL Program Object : invalid operationValidation successful.

14:30:40: Error prior to using GLSL Program Object : invalid operationValidation successful.

14:30:40: Error prior to using GLSL Program Object : invalid operationValidation successful.

14:30:40: Error prior to using GLSL Program Object : invalid operationValidation successful.

14:30:40: Error prior to using GLSL Program Object : invalid operationValidation successful.

14:30:40: Error prior to using GLSL Program Object : invalid operationValidation successful.

14:30:46: Error prior to using GLSL Program Object : invalid operationValidation successful.

14:30:46: Error prior to using GLSL Program Object : invalid operationValidation successful.

14:30:46: Error prior to using GLSL Program Object : invalid operationValidation successful.

14:30:46: Error prior to using GLSL Program Object : invalid operationValidation successful.

14:30:46: Error prior to using GLSL Program Object : invalid operationValidation successful.

14:30:46: Error prior to using GLSL Program Object : invalid operationValidation successful.

14:30:49: Error prior to using GLSL Program Object : invalid operationValidation successful.

14:30:49: Error prior to using GLSL Program Object : invalid operationValidation successful.

14:30:49: Error prior to using GLSL Program Object : invalid operationValidation successful.

14:30:49: Error prior to using GLSL Program Object : invalid operationValidation successful.

14:30:49: Error prior to using GLSL Program Object : invalid operationValidation successful.

14:30:49: Error prior to using GLSL Program Object : invalid operationValidation successful.

14:30:51: Error prior to using GLSL Program Object : invalid operationValidation successful.

14:30:51: Error prior to using GLSL Program Object : invalid operationValidation successful.

14:30:51: Error prior to using GLSL Program Object : invalid operationValidation successful.

14:30:51: Error prior to using GLSL Program Object : invalid operationValidation successful.

14:30:51: Error prior to using GLSL Program Object : invalid operationValidation successful.

14:30:51: Error prior to using GLSL Program Object : invalid operationValidation successful.

14:30:53: Error prior to using GLSL Program Object : invalid operationValidation successful.

14:30:53: Error prior to using GLSL Program Object : invalid operationValidation successful.

14:30:53: Error prior to using GLSL Program Object : invalid operationValidation successful.

14:30:53: Error prior to using GLSL Program Object : invalid operationValidation successful.

14:30:53: Error prior to using GLSL Program Object : invalid operationValidation successful.

14:30:53: Error prior to using GLSL Program Object : invalid operationValidation successful.

14:31:00: Creating Points SpacescapeLayer
14:33:10: Creating Points SpacescapeLayer
14:33:15: Texture: default.png: Loading 1 faces(PF_A8R8G8B8,512x512x1) with 9 hardware generated mipmaps from Image. Internal format is PF_A8R8G8B8,512x512x1.
14:34:38: Creating Points SpacescapeLayer
14:34:47: Error prior to using GLSL Program Object : invalid operationValidation successful.

14:34:47: Error prior to using GLSL Program Object : invalid operationValidation successful.

14:34:47: Error prior to using GLSL Program Object : invalid operationValidation successful.

14:34:47: Error prior to using GLSL Program Object : invalid operationValidation successful.

14:34:47: Error prior to using GLSL Program Object : invalid operationValidation successful.

14:34:47: Error prior to using GLSL Program Object : invalid operationValidation successful.

14:34:58: Error prior to using GLSL Program Object : invalid operationValidation successful.

14:34:58: Error prior to using GLSL Program Object : invalid operationValidation successful.

14:34:58: Error prior to using GLSL Program Object : invalid operationValidation successful.

14:34:58: Error prior to using GLSL Program Object : invalid operationValidation successful.

14:34:58: Error prior to using GLSL Program Object : invalid operationValidation successful.

14:34:58: Error prior to using GLSL Program Object : invalid operationValidation successful.

14:35:20: Error prior to using GLSL Program Object : invalid operationValidation successful.

14:35:20: Error prior to using GLSL Program Object : invalid operationValidation successful.

14:35:20: Error prior to using GLSL Program Object : invalid operationValidation successful.

14:35:20: Error prior to using GLSL Program Object : invalid operationValidation successful.

14:35:20: Error prior to using GLSL Program Object : invalid operationValidation successful.

14:35:20: Error prior to using GLSL Program Object : invalid operationValidation successful.

14:35:32: Error prior to using GLSL Program Object : invalid operationValidation successful.

14:35:32: Error prior to using GLSL Program Object : invalid operationValidation successful.

14:35:32: Error prior to using GLSL Program Object : invalid operationValidation successful.

14:35:32: Error prior to using GLSL Program Object : invalid operationValidation successful.

14:35:32: Error prior to using GLSL Program Object : invalid operationValidation successful.

14:35:32: Error prior to using GLSL Program Object : invalid operationValidation successful.

14:35:44: Error prior to using GLSL Program Object : invalid operationValidation successful.

14:35:44: Error prior to using GLSL Program Object : invalid operationValidation successful.

14:35:44: Error prior to using GLSL Program Object : invalid operationValidation successful.

14:35:44: Error prior to using GLSL Program Object : invalid operationValidation successful.

14:35:44: Error prior to using GLSL Program Object : invalid operationValidation successful.

14:35:44: Error prior to using GLSL Program Object : invalid operationValidation successful.

14:35:51: Error prior to using GLSL Program Object : invalid operationValidation successful.

14:35:51: Error prior to using GLSL Program Object : invalid operationValidation successful.

14:35:51: Error prior to using GLSL Program Object : invalid operationValidation successful.

14:35:51: Error prior to using GLSL Program Object : invalid operationValidation successful.

14:35:51: Error prior to using GLSL Program Object : invalid operationValidation successful.

14:35:51: Error prior to using GLSL Program Object : invalid operationValidation successful.

14:36:06: Error prior to using GLSL Program Object : invalid operationValidation successful.

14:36:06: Error prior to using GLSL Program Object : invalid operationValidation successful.

14:36:06: Error prior to using GLSL Program Object : invalid operationValidation successful.

14:36:06: Error prior to using GLSL Program Object : invalid operationValidation successful.

14:36:06: Error prior to using GLSL Program Object : invalid operationValidation successful.

14:36:06: Error prior to using GLSL Program Object : invalid operationValidation successful.

14:36:16: Error prior to using GLSL Program Object : invalid operationValidation successful.

14:36:16: Error prior to using GLSL Program Object : invalid operationValidation successful.

14:36:16: Error prior to using GLSL Program Object : invalid operationValidation successful.

14:36:16: Error prior to using GLSL Program Object : invalid operationValidation successful.

14:36:16: Error prior to using GLSL Program Object : invalid operationValidation successful.

14:36:16: Error prior to using GLSL Program Object : invalid operationValidation successful.

14:36:22: Error prior to using GLSL Program Object : invalid operationValidation successful.

14:36:22: Error prior to using GLSL Program Object : invalid operationValidation successful.

14:36:22: Error prior to using GLSL Program Object : invalid operationValidation successful.

14:36:22: Error prior to using GLSL Program Object : invalid operationValidation successful.

14:36:22: Error prior to using GLSL Program Object : invalid operationValidation successful.

14:36:22: Error prior to using GLSL Program Object : invalid operationValidation successful.

14:36:31: Error prior to using GLSL Program Object : invalid operationValidation successful.

14:36:31: Error prior to using GLSL Program Object : invalid operationValidation successful.

14:36:31: Error prior to using GLSL Program Object : invalid operationValidation successful.

14:36:31: Error prior to using GLSL Program Object : invalid operationValidation successful.

14:36:31: Error prior to using GLSL Program Object : invalid operationValidation successful.

14:36:31: Error prior to using GLSL Program Object : invalid operationValidation successful.

14:36:34: Error prior to using GLSL Program Object : invalid operationValidation successful.

14:36:34: Error prior to using GLSL Program Object : invalid operationValidation successful.

14:36:34: Error prior to using GLSL Program Object : invalid operationValidation successful.

14:36:34: Error prior to using GLSL Program Object : invalid operationValidation successful.

14:36:34: Error prior to using GLSL Program Object : invalid operationValidation successful.

14:36:34: Error prior to using GLSL Program Object : invalid operationValidation successful.

14:36:41: Error prior to using GLSL Program Object : invalid operationValidation successful.

14:36:41: Error prior to using GLSL Program Object : invalid operationValidation successful.

14:36:41: Error prior to using GLSL Program Object : invalid operationValidation successful.

14:36:41: Error prior to using GLSL Program Object : invalid operationValidation successful.

14:36:41: Error prior to using GLSL Program Object : invalid operationValidation successful.

14:36:41: Error prior to using GLSL Program Object : invalid operationValidation successful.

14:36:45: Error prior to using GLSL Program Object : invalid operationValidation successful.

14:36:45: Error prior to using GLSL Program Object : invalid operationValidation successful.

14:36:45: Error prior to using GLSL Program Object : invalid operationValidation successful.

14:36:45: Error prior to using GLSL Program Object : invalid operationValidation successful.

14:36:45: Error prior to using GLSL Program Object : invalid operationValidation successful.

14:36:45: Error prior to using GLSL Program Object : invalid operationValidation successful.

14:37:23: Error prior to using GLSL Program Object : invalid operationValidation successful.

14:37:23: Error prior to using GLSL Program Object : invalid operationValidation successful.

14:37:23: Error prior to using GLSL Program Object : invalid operationValidation successful.

14:37:23: Error prior to using GLSL Program Object : invalid operationValidation successful.

14:37:23: Error prior to using GLSL Program Object : invalid operationValidation successful.

14:37:23: Error prior to using GLSL Program Object : invalid operationValidation successful.

14:37:39: Creating Points SpacescapeLayer
14:37:45: Error prior to using GLSL Program Object : invalid operationValidation successful.

14:37:45: Error prior to using GLSL Program Object : invalid operationValidation successful.

14:37:45: Error prior to using GLSL Program Object : invalid operationValidation successful.

14:37:45: Error prior to using GLSL Program Object : invalid operationValidation successful.

14:37:45: Error prior to using GLSL Program Object : invalid operationValidation successful.

14:37:45: Error prior to using GLSL Program Object : invalid operationValidation successful.

14:37:53: Error prior to using GLSL Program Object : invalid operationValidation successful.

14:37:53: Error prior to using GLSL Program Object : invalid operationValidation successful.

14:37:53: Error prior to using GLSL Program Object : invalid operationValidation successful.

14:37:53: Error prior to using GLSL Program Object : invalid operationValidation successful.

14:37:53: Error prior to using GLSL Program Object : invalid operationValidation successful.

14:37:53: Error prior to using GLSL Program Object : invalid operationValidation successful.

14:38:03: Error prior to using GLSL Program Object : invalid operationValidation successful.

14:38:03: Error prior to using GLSL Program Object : invalid operationValidation successful.

14:38:03: Error prior to using GLSL Program Object : invalid operationValidation successful.

14:38:03: Error prior to using GLSL Program Object : invalid operationValidation successful.

14:38:03: Error prior to using GLSL Program Object : invalid operationValidation successful.

14:38:03: Error prior to using GLSL Program Object : invalid operationValidation successful.

14:38:06: Error prior to using GLSL Program Object : invalid operationValidation successful.

14:38:06: Error prior to using GLSL Program Object : invalid operationValidation successful.

14:38:06: Error prior to using GLSL Program Object : invalid operationValidation successful.

14:38:06: Error prior to using GLSL Program Object : invalid operationValidation successful.

14:38:06: Error prior to using GLSL Program Object : invalid operationValidation successful.

14:38:06: Error prior to using GLSL Program Object : invalid operationValidation successful.

14:38:10: Error prior to using GLSL Program Object : invalid operationValidation successful.

14:38:10: Error prior to using GLSL Program Object : invalid operationValidation successful.

14:38:10: Error prior to using GLSL Program Object : invalid operationValidation successful.

14:38:10: Error prior to using GLSL Program Object : invalid operationValidation successful.

14:38:10: Error prior to using GLSL Program Object : invalid operationValidation successful.

14:38:10: Error prior to using GLSL Program Object : invalid operationValidation successful.

14:38:12: Error prior to using GLSL Program Object : invalid operationValidation successful.

14:38:12: Error prior to using GLSL Program Object : invalid operationValidation successful.

14:38:12: Error prior to using GLSL Program Object : invalid operationValidation successful.

14:38:12: Error prior to using GLSL Program Object : invalid operationValidation successful.

14:38:12: Error prior to using GLSL Program Object : invalid operationValidation successful.

14:38:12: Error prior to using GLSL Program Object : invalid operationValidation successful.

14:38:15: Error prior to using GLSL Program Object : invalid operationValidation successful.

14:38:15: Error prior to using GLSL Program Object : invalid operationValidation successful.

14:38:15: Error prior to using GLSL Program Object : invalid operationValidation successful.

14:38:15: Error prior to using GLSL Program Object : invalid operationValidation successful.

14:38:15: Error prior to using GLSL Program Object : invalid operationValidation successful.

14:38:15: Error prior to using GLSL Program Object : invalid operationValidation successful.

14:38:34: Error prior to using GLSL Program Object : invalid operationValidation successful.

14:38:34: Error prior to using GLSL Program Object : invalid operationValidation successful.

14:38:34: Error prior to using GLSL Program Object : invalid operationValidation successful.

14:38:34: Error prior to using GLSL Program Object : invalid operationValidation successful.

14:38:34: Error prior to using GLSL Program Object : invalid operationValidation successful.

14:38:34: Error prior to using GLSL Program Object : invalid operationValidation successful.

14:38:36: Error prior to using GLSL Program Object : invalid operationValidation successful.

14:38:36: Error prior to using GLSL Program Object : invalid operationValidation successful.

14:38:36: Error prior to using GLSL Program Object : invalid operationValidation successful.

14:38:36: Error prior to using GLSL Program Object : invalid operationValidation successful.

14:38:36: Error prior to using GLSL Program Object : invalid operationValidation successful.

14:38:36: Error prior to using GLSL Program Object : invalid operationValidation successful.

14:38:50: Error prior to using GLSL Program Object : invalid operationValidation successful.

14:38:50: Error prior to using GLSL Program Object : invalid operationValidation successful.

14:38:50: Error prior to using GLSL Program Object : invalid operationValidation successful.

14:38:50: Error prior to using GLSL Program Object : invalid operationValidation successful.

14:38:50: Error prior to using GLSL Program Object : invalid operationValidation successful.

14:38:50: Error prior to using GLSL Program Object : invalid operationValidation successful.

14:38:53: Error prior to using GLSL Program Object : invalid operationValidation successful.

14:38:53: Error prior to using GLSL Program Object : invalid operationValidation successful.

14:38:53: Error prior to using GLSL Program Object : invalid operationValidation successful.

14:38:53: Error prior to using GLSL Program Object : invalid operationValidation successful.

14:38:53: Error prior to using GLSL Program Object : invalid operationValidation successful.

14:38:53: Error prior to using GLSL Program Object : invalid operationValidation successful.

14:39:52: Writing to file C:/Users/21202405/Desktop/spacescape/save/my_skybox2.png size: 512
14:39:52: Updating RTT
14:39:52: RTT Format 12
14:39:52: Saving image C:/Users/21202405/Desktop/spacescape/save/my_skybox2_right.png
14:39:52: Saving image C:/Users/21202405/Desktop/spacescape/save/my_skybox2_left.png
14:39:52: Saving image C:/Users/21202405/Desktop/spacescape/save/my_skybox2_up.png
14:39:52: Saving image C:/Users/21202405/Desktop/spacescape/save/my_skybox2_down.png
14:39:52: Saving image C:/Users/21202405/Desktop/spacescape/save/my_skybox2_front.png
14:39:52: Saving image C:/Users/21202405/Desktop/spacescape/save/my_skybox2_back.png
14:39:52: Export complete
